{"numTotalTestSuites":453,"numPassedTestSuites":453,"numFailedTestSuites":0,"numPendingTestSuites":0,"numTotalTests":1707,"numPassedTests":1707,"numFailedTests":0,"numPendingTests":0,"numTodoTests":0,"snapshot":{"added":0,"failure":false,"filesAdded":0,"filesRemoved":0,"filesRemovedList":[],"filesUnmatched":0,"filesUpdated":0,"matched":0,"total":0,"unchecked":0,"uncheckedKeysByFile":[],"unmatched":0,"updated":0,"didUpdate":false},"startTime":1787430564433,"success":true,"testResults":[{"assertionResults":[{"ancestorTitles":["Internal/Labs schema-6 in-memory session store"],"fullName":"Internal/Labs schema-6 in-memory session store activates the full strict-reader snapshot without changing the Standard project","status":"passed","title":"activates the full strict-reader snapshot without changing the Standard project","duration":8.569899999999961,"failureMessages":[],"meta":{},"tags":[]},{"ancestorTitles":["Internal/Labs schema-6 in-memory session store"],"fullName":"Internal/Labs schema-6 in-memory session store reanchors an exact marked archive snapshot and then closes the clean project","status":"passed","title":"reanchors an exact marked archive snapshot and then closes the clean project","duration":16.273599999999988,"failureMessages":[],"meta":{},"tags":[]},{"ancestorTitles":["Internal/Labs schema-6 in-memory session store"],"fullName":"Internal/Labs schema-6 in-memory session store revokes backend draft authority before resolving any marked Standard model","status":"passed","title":"revokes backend draft authority before resolving any marked Standard model","duration":7.664600000000064,"failureMessages":[],"meta":{},"tags":[]},{"ancestorTitles":["Internal/Labs schema-6 in-memory session store"],"fullName":"Internal/Labs schema-6 in-memory session store blocks detached mutation without invoking its executor or changing either authority","status":"passed","title":"blocks detached mutation without invoking its executor or changing either authority","duration":5.114500000000135,"failureMessages":[],"meta":{},"tags":[]},{"ancestorTitles":["Internal/Labs schema-6 in-memory session store"],"fullName":"Internal/Labs schema-6 in-memory session store forks a clean RecipeV4-bound model under a new authority and leaves the recipe unchanged","status":"passed","title":"forks a clean RecipeV4-bound model under a new authority and leaves the recipe unchanged","duration":17.262300000000323,"failureMessages":[],"meta":{},"tags":[]},{"ancestorTitles":["Internal/Labs schema-6 in-memory session store"],"fullName":"Internal/Labs schema-6 in-memory session store does not let an injected mutation executor replace the fail-closed authority diagnostic","status":"passed","title":"does not let an injected mutation executor replace the fail-closed authority diagnostic","duration":2.2930999999998676,"failureMessages":[],"meta":{},"tags":[]},{"ancestorTitles":["Internal/Labs schema-6 in-memory session store"],"fullName":"Internal/Labs schema-6 in-memory session store reanchors the base and current snapshot only after a validated new-copy receipt","status":"passed","title":"reanchors the base and current snapshot only after a validated new-copy receipt","duration":15.760899999999765,"failureMessages":[],"meta":{},"tags":[]},{"ancestorTitles":["Internal/Labs schema-6 in-memory session store"],"fullName":"Internal/Labs schema-6 in-memory session store keeps the activated source and Standard binding unchanged on chooser cancel or collision","status":"passed","title":"keeps the activated source and Standard binding unchanged on chooser cancel or collision","duration":8.528899999999794,"failureMessages":[],"meta":{},"tags":[]},{"ancestorTitles":["Internal/Labs schema-6 in-memory session store"],"fullName":"Internal/Labs schema-6 in-memory session store projects only the bound schema-6 dataset descriptor and blocks Close while Standard remains activated","status":"passed","title":"projects only the bound schema-6 dataset descriptor and blocks Close while Standard remains activated","duration":11.317000000000007,"failureMessages":[],"meta":{},"tags":[]},{"ancestorTitles":["Internal/Labs schema-6 in-memory session store"],"fullName":"Internal/Labs schema-6 in-memory session store blocks marked General SEM model fork and Save copy before any authority or native mutation","status":"passed","title":"blocks marked General SEM model fork and Save copy before any authority or native mutation","duration":8.810500000000047,"failureMessages":[],"meta":{},"tags":[]},{"ancestorTitles":["Internal/Labs schema-6 in-memory session store"],"fullName":"Internal/Labs schema-6 in-memory session store persists and atomically activates one interaction-v2 model-and-Recipe revision without changing the source","status":"passed","title":"persists and atomically activates one interaction-v2 model-and-Recipe revision without changing the source","duration":48.04619999999977,"failureMessages":[],"meta":{},"tags":[]},{"ancestorTitles":["Internal/Labs schema-6 in-memory session store"],"fullName":"Internal/Labs schema-6 in-memory session store closes the clean saved Standard workspace and source binding together","status":"passed","title":"closes the clean saved Standard workspace and source binding together","duration":7.589199999999892,"failureMessages":[],"meta":{},"tags":[]},{"ancestorTitles":["Internal/Labs schema-6 in-memory session store"],"fullName":"Internal/Labs schema-6 in-memory session store ignores a late Standard-activation response after explicit close","status":"passed","title":"ignores a late Standard-activation response after explicit close","duration":2.385200000000168,"failureMessages":[],"meta":{},"tags":[]},{"ancestorTitles":["Internal/Labs schema-6 in-memory session store"],"fullName":"Internal/Labs schema-6 in-memory session store keeps an existing session active when a replacement is cancelled or blocked","status":"passed","title":"keeps an existing session active when a replacement is cancelled or blocked","duration":1.7017000000000735,"failureMessages":[],"meta":{},"tags":[]},{"ancestorTitles":["Internal/Labs schema-6 in-memory session store"],"fullName":"Internal/Labs schema-6 in-memory session store maps thrown reader failures into a closed fail-safe state","status":"passed","title":"maps thrown reader failures into a closed fail-safe state","duration":1.266700000000128,"failureMessages":[],"meta":{},"tags":[]},{"ancestorTitles":["Internal/Labs schema-6 in-memory session store"],"fullName":"Internal/Labs schema-6 in-memory session store cannot be reactivated by a late native response after explicit close","status":"passed","title":"cannot be reactivated by a late native response after explicit close","duration":1.3015999999997803,"failureMessages":[],"meta":{},"tags":[]}],"startTime":1787430578154,"endTime":1787430578319.3015,"status":"passed","message":"","name":"D:/QuickPLS/src/internalProjectArchiveV6SessionStore.test.ts"},{"assertionResults":[{"ancestorTitles":["QuickPLS 2.54 Canvas grouped and presentation transactions"],"fullName":"QuickPLS 2.54 Canvas grouped and presentation transactions creates one construct from many indicators as one undoable scientific transaction","status":"passed","title":"creates one construct from many indicators as one undoable scientific transaction","duration":17.63020000000006,"failureMessages":[],"meta":{},"tags":[]},{"ancestorTitles":["QuickPLS 2.54 Canvas grouped and presentation transactions"],"fullName":"QuickPLS 2.54 Canvas grouped and presentation transactions moves an indicator through side, free, and automatic states without changing science","status":"passed","title":"moves an indicator through side, free, and automatic states without changing science","duration":39.995600000000195,"failureMessages":[],"meta":{},"tags":[]},{"ancestorTitles":["QuickPLS 2.54 Canvas grouped and presentation transactions"],"fullName":"QuickPLS 2.54 Canvas grouped and presentation transactions preserves pins and manual overrides during whole-model Arrange and keeps local Align local","status":"passed","title":"preserves pins and manual overrides during whole-model Arrange and keeps local Align local","duration":9.931699999999637,"failureMessages":[],"meta":{},"tags":[]},{"ancestorTitles":["QuickPLS 2.54 Canvas grouped and presentation transactions"],"fullName":"QuickPLS 2.54 Canvas grouped and presentation transactions stores annotations as one undoable presentation transaction without changing science","status":"passed","title":"stores annotations as one undoable presentation transaction without changing science","duration":3.5943999999999505,"failureMessages":[],"meta":{},"tags":[]}],"startTime":1787430595853,"endTime":1787430595924.5945,"status":"passed","message":"","name":"D:/QuickPLS/src/store.canvasPresentationAcceptanceV254.test.ts"},{"assertionResults":[{"ancestorTitles":["General SEM fresh-project draft authority"],"fullName":"General SEM fresh-project draft authority binds only an empty unsaved project with the exact native identity","status":"passed","title":"binds only an empty unsaved project with the exact native identity","duration":6.241699999999582,"failureMessages":[],"meta":{},"tags":[]},{"ancestorTitles":["General SEM fresh-project draft authority"],"fullName":"General SEM fresh-project draft authority rejects identity drift and a populated ordinary project","status":"passed","title":"rejects identity drift and a populated ordinary project","duration":2.8990999999996347,"failureMessages":[],"meta":{},"tags":[]},{"ancestorTitles":["General SEM fresh-project draft authority"],"fullName":"General SEM fresh-project draft authority preserves the marker only for an explicitly identity-bound same-project native refresh","status":"passed","title":"preserves the marker only for an explicitly identity-bound same-project native refresh","duration":3.7890000000002146,"failureMessages":[],"meta":{},"tags":[]},{"ancestorTitles":["General SEM fresh-project draft authority"],"fullName":"General SEM fresh-project draft authority preserves the staged marker for the same project identity and clears it on open/load, reset, and close boundaries","status":"passed","title":"preserves the staged marker for the same project identity and clears it on open/load, reset, and close boundaries","duration":3.9468000000001666,"failureMessages":[],"meta":{},"tags":[]},{"ancestorTitles":["General SEM fresh-project draft authority"],"fullName":"General SEM fresh-project draft authority exposes a controller-visible publication lock and clears it at destructive reset boundaries","status":"passed","title":"exposes a controller-visible publication lock and clears it at destructive reset boundaries","duration":1.426300000000083,"failureMessages":[],"meta":{},"tags":[]},{"ancestorTitles":["General SEM fresh-project draft authority"],"fullName":"General SEM fresh-project draft authority authors explicit interaction_v2 terms only inside a fresh General SEM project","status":"passed","title":"authors explicit interaction_v2 terms only inside a fresh General SEM project","duration":4.966100000000097,"failureMessages":[],"meta":{},"tags":[]},{"ancestorTitles":["General SEM fresh-project draft authority"],"fullName":"General SEM fresh-project draft authority keeps active General SEM work globally visible and prevents Labs from disappearing","status":"passed","title":"keeps active General SEM work globally visible and prevents Labs from disappearing","duration":1.665599999999813,"failureMessages":[],"meta":{},"tags":[]}],"startTime":1787430601628,"endTime":1787430601653.6655,"status":"passed","message":"","name":"D:/QuickPLS/src/store.generalSemProjectDraftMode.test.ts"},{"assertionResults":[{"ancestorTitles":["workspace model edit command gateway v1"],"fullName":"workspace model edit command gateway v1 applies one legacy scientific transaction with stable IDs and exact undo","status":"passed","title":"applies one legacy scientific transaction with stable IDs and exact undo","duration":14.66419999999971,"failureMessages":[],"meta":{},"tags":[]},{"ancestorTitles":["workspace model edit command gateway v1"],"fullName":"workspace model edit command gateway v1 creates and moves one legacy construct through undoable gateway transactions","status":"passed","title":"creates and moves one legacy construct through undoable gateway transactions","duration":5.47019999999975,"failureMessages":[],"meta":{},"tags":[]},{"ancestorTitles":["workspace model edit command gateway v1"],"fullName":"workspace model edit command gateway v1 keeps path route and label edits presentation-only","status":"passed","title":"keeps path route and label edits presentation-only","duration":2.840599999999995,"failureMessages":[],"meta":{},"tags":[]},{"ancestorTitles":["workspace model edit command gateway v1"],"fullName":"workspace model edit command gateway v1 persists editable polyline bends as one presentation transaction and restores them through undo","status":"passed","title":"persists editable polyline bends as one presentation transaction and restores them through undo","duration":3.565099999999802,"failureMessages":[],"meta":{},"tags":[]},{"ancestorTitles":["workspace model edit command gateway v1"],"fullName":"workspace model edit command gateway v1 stores moderation anchor movement only in presentation metadata","status":"passed","title":"stores moderation anchor movement only in presentation metadata","duration":2.7368999999998778,"failureMessages":[],"meta":{},"tags":[]},{"ancestorTitles":["workspace model edit command gateway v1"],"fullName":"workspace model edit command gateway v1 moves legacy indicators atomically and keeps unrelated presentation metadata","status":"passed","title":"moves legacy indicators atomically and keeps unrelated presentation metadata","duration":2.5109999999999673,"failureMessages":[],"meta":{},"tags":[]},{"ancestorTitles":["workspace model edit command gateway v1"],"fullName":"workspace model edit command gateway v1 preserves pinned constructs and every unrelated manual override during Arrange","status":"passed","title":"preserves pinned constructs and every unrelated manual override during Arrange","duration":6.009100000000217,"failureMessages":[],"meta":{},"tags":[]},{"ancestorTitles":["workspace model edit command gateway v1"],"fullName":"workspace model edit command gateway v1 routes strict scientific edits through CAS and maps revision locks to an explicit correction","status":"passed","title":"routes strict scientific edits through CAS and maps revision locks to an explicit correction","duration":49.383400000000165,"failureMessages":[],"meta":{},"tags":[]}],"startTime":1787430584617,"endTime":1787430584704.3833,"status":"passed","message":"","name":"D:/QuickPLS/src/store.modelEditCommandGatewayV1.test.ts"},{"assertionResults":[{"ancestorTitles":["SemModelV4 parameter metadata in the live store"],"fullName":"SemModelV4 parameter metadata in the live store applies a factor identification and latent mean atomically with deterministic undo and redo","status":"passed","title":"applies a factor identification and latent mean atomically with deterministic undo and redo","duration":7.684900000000198,"failureMessages":[],"meta":{},"tags":[]},{"ancestorTitles":["SemModelV4 parameter metadata in the live store"],"fullName":"SemModelV4 parameter metadata in the live store preserves stable construct and relationship parameter IDs through undo and JSON reopen","status":"passed","title":"preserves stable construct and relationship parameter IDs through undo and JSON reopen","duration":5.656700000000001,"failureMessages":[],"meta":{},"tags":[]}],"startTime":1787430605320,"endTime":1787430605333.6567,"status":"passed","message":"","name":"D:/QuickPLS/src/store.semModelV4ParameterAuthoring.test.ts"},{"assertionResults":[{"ancestorTitles":["Standard SemModelV4 store authority"],"fullName":"Standard SemModelV4 store authority keeps graph values projection-only and exposes hard blockers for legacy consumers","status":"passed","title":"keeps graph values projection-only and exposes hard blockers for legacy consumers","duration":52.757300000000214,"failureMessages":[],"meta":{},"tags":[]},{"ancestorTitles":["Standard SemModelV4 store authority"],"fullName":"Standard SemModelV4 store authority activates descriptor-only schema-6 data and keeps multiple strict models switchable without legacy science","status":"passed","title":"activates descriptor-only schema-6 data and keeps multiple strict models switchable without legacy science","duration":25.01140000000032,"failureMessages":[],"meta":{},"tags":[]},{"ancestorTitles":["Standard SemModelV4 store authority"],"fullName":"Standard SemModelV4 store authority locks a bound source, then appends an unlocked new-identity authority","status":"passed","title":"locks a bound source, then appends an unlocked new-identity authority","duration":23.71730000000025,"failureMessages":[],"meta":{},"tags":[]},{"ancestorTitles":["Standard SemModelV4 store authority"],"fullName":"Standard SemModelV4 store authority serializes per-model commits FIFO and advances each CAS from the committed document digest","status":"passed","title":"serializes per-model commits FIFO and advances each CAS from the committed document digest","duration":82.13079999999991,"failureMessages":[],"meta":{},"tags":[]},{"ancestorTitles":["Standard SemModelV4 store authority"],"fullName":"Standard SemModelV4 store authority marks a parameter-only authority edit dirty even when its graph projection is unchanged, then reanchors it","status":"passed","title":"marks a parameter-only authority edit dirty even when its graph projection is unchanged, then reanchors it","duration":14.942199999999957,"failureMessages":[],"meta":{},"tags":[]},{"ancestorTitles":["Standard SemModelV4 store authority"],"fullName":"Standard SemModelV4 store authority leaves authority and projection unchanged on native blocking or rejection","status":"passed","title":"leaves authority and projection unchanged on native blocking or rejection","duration":11.329400000000078,"failureMessages":[],"meta":{},"tags":[]},{"ancestorTitles":["Standard SemModelV4 store authority"],"fullName":"Standard SemModelV4 store authority invalidates a late CAS on model switch and never serializes a strict projection as legacy science","status":"passed","title":"invalidates a late CAS on model switch and never serializes a strict projection as legacy science","duration":71.80150000000003,"failureMessages":[],"meta":{},"tags":[]}],"startTime":1787430573775,"endTime":1787430574057.8015,"status":"passed","message":"","name":"D:/QuickPLS/src/store.standardSemModelV4Authority.test.ts"},{"assertionResults":[{"ancestorTitles":["model editor state"],"fullName":"model editor state keeps promoted extended PLS methods visible in the desktop catalog","status":"passed","title":"keeps promoted extended PLS methods visible in the desktop catalog","duration":7.4220000000000255,"failureMessages":[],"meta":{},"tags":[]},{"ancestorTitles":["model editor state"],"fullName":"model editor state supports undo and redo for construct creation","status":"passed","title":"supports undo and redo for construct creation","duration":4.263500000000022,"failureMessages":[],"meta":{},"tags":[]},{"ancestorTitles":["model editor state"],"fullName":"model editor state starts with a pure model diagram and no pre-run result values","status":"passed","title":"starts with a pure model diagram and no pre-run result values","duration":0.7148999999999432,"failureMessages":[],"meta":{},"tags":[]},{"ancestorTitles":["model editor state"],"fullName":"model editor state caps transient desktop notifications so they cannot obscure the workbench","status":"passed","title":"caps transient desktop notifications so they cannot obscure the workbench","duration":4.9232999999999265,"failureMessages":[],"meta":{},"tags":[]},{"ancestorTitles":["model editor state"],"fullName":"model editor state keeps SEM explorer UI preferences separate from numerical history","status":"passed","title":"keeps SEM explorer UI preferences separate from numerical history","duration":1.8437999999996464,"failureMessages":[],"meta":{},"tags":[]},{"ancestorTitles":["model editor state"],"fullName":"model editor state switches models atomically while retaining each model graph and presentation","status":"passed","title":"switches models atomically while retaining each model graph and presentation","duration":27.983099999999922,"failureMessages":[],"meta":{},"tags":[]},{"ancestorTitles":["model editor state"],"fullName":"model editor state prevents self paths and duplicate directed paths","status":"passed","title":"prevents self paths and duplicate directed paths","duration":0.8690000000001419,"failureMessages":[],"meta":{},"tags":[]},{"ancestorTitles":["model editor state"],"fullName":"model editor state moves an indicator when it is assigned to another construct","status":"passed","title":"moves an indicator when it is assigned to another construct","duration":1.6728000000002794,"failureMessages":[],"meta":{},"tags":[]},{"ancestorTitles":["model editor state"],"fullName":"model editor state does not assign manifest indicators to generated higher-order blocks","status":"passed","title":"does not assign manifest indicators to generated higher-order blocks","duration":1.4387000000001535,"failureMessages":[],"meta":{},"tags":[]},{"ancestorTitles":["model editor state"],"fullName":"model editor state keeps the configured grouping variable out of every indicator assignment path","status":"passed","title":"keeps the configured grouping variable out of every indicator assignment path","duration":2.0885000000002947,"failureMessages":[],"meta":{},"tags":[]},{"ancestorTitles":["model editor state"],"fullName":"model editor state creates a construct from dropped indicators without duplicate ownership","status":"passed","title":"creates a construct from dropped indicators without duplicate ownership","duration":0.7653000000000247,"failureMessages":[],"meta":{},"tags":[]},{"ancestorTitles":["model editor state"],"fullName":"model editor state nudges dropped constructs to the nearest open space instead of overlapping the model","status":"passed","title":"nudges dropped constructs to the nearest open space instead of overlapping the model","duration":0.5317000000000007,"failureMessages":[],"meta":{},"tags":[]},{"ancestorTitles":["model editor state"],"fullName":"model editor state creates separate single-item constructs from selected variables in one undo step","status":"passed","title":"creates separate single-item constructs from selected variables in one undo step","duration":1.4412999999999556,"failureMessages":[],"meta":{},"tags":[]},{"ancestorTitles":["model editor state"],"fullName":"model editor state creates grouped constructs by indicator prefix in one undo step","status":"passed","title":"creates grouped constructs by indicator prefix in one undo step","duration":1.6031000000002678,"failureMessages":[],"meta":{},"tags":[]},{"ancestorTitles":["model editor state"],"fullName":"model editor state draws a path from the explicit path tool action","status":"passed","title":"draws a path from the explicit path tool action","duration":0.7679000000002816,"failureMessages":[],"meta":{},"tags":[]},{"ancestorTitles":["model editor state"],"fullName":"model editor state creates a two-stage moderating effect atomically and rejects only an exact duplicate","status":"passed","title":"creates a two-stage moderating effect atomically and rejects only an exact duplicate","duration":2.422599999999875,"failureMessages":[],"meta":{},"tags":[]},{"ancestorTitles":["model editor state"],"fullName":"model editor state authors distinct interactions on the same and different focal paths","status":"passed","title":"authors distinct interactions on the same and different focal paths","duration":1.6821999999997388,"failureMessages":[],"meta":{},"tags":[]},{"ancestorTitles":["model editor state"],"fullName":"model editor state uses deterministic unique ids when distinct interaction identities sanitize to the same base","status":"passed","title":"uses deterministic unique ids when distinct interaction identities sanitize to the same base","duration":0.8150000000000546,"failureMessages":[],"meta":{},"tags":[]},{"ancestorTitles":["model editor state"],"fullName":"model editor state keeps multi-interaction create, deletion, undo, and redo atomic with stable ids","status":"passed","title":"keeps multi-interaction create, deletion, undo, and redo atomic with stable ids","duration":5.042599999999766,"failureMessages":[],"meta":{},"tags":[]},{"ancestorTitles":["model editor state"],"fullName":"model editor state requires a focal structural path and does not assign manifest indicators to generated interactions","status":"passed","title":"requires a focal structural path and does not assign manifest indicators to generated interactions","duration":1.116899999999987,"failureMessages":[],"meta":{},"tags":[]},{"ancestorTitles":["model editor state"],"fullName":"model editor state returns a truthful blocker instead of creating moderation around control paths","status":"passed","title":"returns a truthful blocker instead of creating moderation around control paths","duration":0.6928000000002612,"failureMessages":[],"meta":{},"tags":[]},{"ancestorTitles":["model editor state"],"fullName":"model editor state protects required moderation relationships and cascades interaction removal","status":"passed","title":"protects required moderation relationships and cascades interaction removal","duration":1.7325000000000728,"failureMessages":[],"meta":{},"tags":[]},{"ancestorTitles":["model editor state"],"fullName":"model editor state cascades a strong three-way interaction when a required lower-order term is removed and restores both atomically","status":"passed","title":"cascades a strong three-way interaction when a required lower-order term is removed and restores both atomically","duration":1.477900000000318,"failureMessages":[],"meta":{},"tags":[]},{"ancestorTitles":["model editor state"],"fullName":"model editor state keeps generated interaction semantics and required endpoints immutable in the store","status":"passed","title":"keeps generated interaction semantics and required endpoints immutable in the store","duration":1.397399999999834,"failureMessages":[],"meta":{},"tags":[]},{"ancestorTitles":["model editor state"],"fullName":"model editor state keeps a stable edge id when a path endpoint is reconnected","status":"passed","title":"keeps a stable edge id when a path endpoint is reconnected","duration":0.899000000000342,"failureMessages":[],"meta":{},"tags":[]},{"ancestorTitles":["model editor state"],"fullName":"model editor state updates selected path routing and keeps the change undoable","status":"passed","title":"updates selected path routing and keeps the change undoable","duration":1.2880999999997584,"failureMessages":[],"meta":{},"tags":[]},{"ancestorTitles":["model editor state"],"fullName":"model editor state marks a path as a control with undoable edge metadata","status":"passed","title":"marks a path as a control with undoable edge metadata","duration":0.6348000000002685,"failureMessages":[],"meta":{},"tags":[]},{"ancestorTitles":["model editor state"],"fullName":"model editor state marks a construct as higher-order with undoable metadata","status":"passed","title":"marks a construct as higher-order with undoable metadata","duration":0.5005000000001019,"failureMessages":[],"meta":{},"tags":[]},{"ancestorTitles":["model editor state"],"fullName":"model editor state creates one bounded two-stage HOC atomically, locks generated semantics, and cascades component deletion","status":"passed","title":"creates one bounded two-stage HOC atomically, locks generated semantics, and cascades component deletion","duration":4.363299999999981,"failureMessages":[],"meta":{},"tags":[]},{"ancestorTitles":["model editor state"],"fullName":"model editor state does not reverse a path when the opposite directed path already exists","status":"passed","title":"does not reverse a path when the opposite directed path already exists","duration":0.5961000000002059,"failureMessages":[],"meta":{},"tags":[]},{"ancestorTitles":["model editor state"],"fullName":"model editor state rejects non-dataset indicators from external drop payloads","status":"passed","title":"rejects non-dataset indicators from external drop payloads","duration":0.36629999999968277,"failureMessages":[],"meta":{},"tags":[]},{"ancestorTitles":["model editor state"],"fullName":"model editor state normalizes permutation samples to disabled or the supported range","status":"passed","title":"normalizes permutation samples to disabled or the supported range","duration":0.8804999999997563,"failureMessages":[],"meta":{},"tags":[]},{"ancestorTitles":["model editor state"],"fullName":"model editor state normalizes the bounded joint MICOM and permutation-MGA settings","status":"passed","title":"normalizes the bounded joint MICOM and permutation-MGA settings","duration":1.129399999999805,"failureMessages":[],"meta":{},"tags":[]},{"ancestorTitles":["model editor state"],"fullName":"model editor state applies the MICOM preset without restoring the archived combined MGA workflow","status":"passed","title":"applies the MICOM preset without restoring the archived combined MGA workflow","duration":0.7314000000001215,"failureMessages":[],"meta":{},"tags":[]},{"ancestorTitles":["model editor state"],"fullName":"model editor state normalizes studentized bootstrap to qualified odd inner counts","status":"passed","title":"normalizes studentized bootstrap to qualified odd inner counts","duration":0.7307999999998174,"failureMessages":[],"meta":{},"tags":[]},{"ancestorTitles":["model editor state"],"fullName":"model editor state persists supported method settings and normalizes unknown method ids","status":"passed","title":"persists supported method settings and normalizes unknown method ids","duration":1.1807000000003427,"failureMessages":[],"meta":{},"tags":[]},{"ancestorTitles":["model editor state"],"fullName":"model editor state preserves every bounded prospective power setting through updates and project hydration","status":"passed","title":"preserves every bounded prospective power setting through updates and project hydration","duration":0.7681999999999789,"failureMessages":[],"meta":{},"tags":[]},{"ancestorTitles":["model editor state"],"fullName":"model editor state keeps diagram estimates explicit and clears them on project load","status":"passed","title":"keeps diagram estimates explicit and clears them on project load","duration":0.9426000000003114,"failureMessages":[],"meta":{},"tags":[]},{"ancestorTitles":["model editor state"],"fullName":"model editor state creates a scientific covariance explicitly, prevents duplicates, and keeps conversion undoable","status":"passed","title":"creates a scientific covariance explicitly, prevents duplicates, and keeps conversion undoable","duration":1.606999999999971,"failureMessages":[],"meta":{},"tags":[]},{"ancestorTitles":["model editor state"],"fullName":"model editor state preserves covariance authoring intent through project reopen without upgrading legacy arcs","status":"passed","title":"preserves covariance authoring intent through project reopen without upgrading legacy arcs","duration":1.2846999999997024,"failureMessages":[],"meta":{},"tags":[]},{"ancestorTitles":["model editor state"],"fullName":"model editor state stores an explicit construct representation without deriving it from measurement mode","status":"passed","title":"stores an explicit construct representation without deriving it from measurement mode","duration":1.293999999999869,"failureMessages":[],"meta":{},"tags":[]},{"ancestorTitles":["model editor state"],"fullName":"model editor state loads legacy projects with SEM diagram defaults","status":"passed","title":"loads legacy projects with SEM diagram defaults","duration":0.9547999999999774,"failureMessages":[],"meta":{},"tags":[]},{"ancestorTitles":["model editor state"],"fullName":"model editor state persists the explicit regression-bootstrap setup flag","status":"passed","title":"persists the explicit regression-bootstrap setup flag","duration":0.5443999999997686,"failureMessages":[],"meta":{},"tags":[]},{"ancestorTitles":["model editor state"],"fullName":"model editor state persists toolbar view preferences without changing the engine model","status":"passed","title":"persists toolbar view preferences without changing the engine model","duration":1.3647000000000844,"failureMessages":[],"meta":{},"tags":[]},{"ancestorTitles":["model editor state"],"fullName":"model editor state persists and resets indicator layout independently from the engine model","status":"passed","title":"persists and resets indicator layout independently from the engine model","duration":1.9331999999999425,"failureMessages":[],"meta":{},"tags":[]},{"ancestorTitles":["model editor state"],"fullName":"model editor state places all construct indicators on one side without changing the engine model","status":"passed","title":"places all construct indicators on one side without changing the engine model","duration":1.9286999999999352,"failureMessages":[],"meta":{},"tags":[]},{"ancestorTitles":["model editor state"],"fullName":"model editor state aligns selected constructs and supports undo","status":"passed","title":"aligns selected constructs and supports undo","duration":1.9566999999997279,"failureMessages":[],"meta":{},"tags":[]},{"ancestorTitles":["model editor state"],"fullName":"model editor state distributes selected constructs evenly by center point","status":"passed","title":"distributes selected constructs evenly by center point","duration":2.599499999999807,"failureMessages":[],"meta":{},"tags":[]},{"ancestorTitles":["model editor state"],"fullName":"model editor state persists edge label offsets and supports reset with undo","status":"passed","title":"persists edge label offsets and supports reset with undo","duration":2.792199999999866,"failureMessages":[],"meta":{},"tags":[]}],"startTime":1787430581965,"endTime":1787430582074.7922,"status":"passed","message":"","name":"D:/QuickPLS/src/store.test.ts"},{"assertionResults":[{"ancestorTitles":["desktop accessibility contracts"],"fullName":"desktop accessibility contracts keeps large table surfaces keyboard-focusable and named","status":"passed","title":"keeps large table surfaces keyboard-focusable and named","duration":24.104000000000042,"failureMessages":[],"meta":{},"tags":[]},{"ancestorTitles":["desktop accessibility contracts"],"fullName":"desktop accessibility contracts uses visible table focus treatment and avoids R-squared mojibake","status":"passed","title":"uses visible table focus treatment and avoids R-squared mojibake","duration":20.491199999999935,"failureMessages":[],"meta":{},"tags":[]},{"ancestorTitles":["desktop accessibility contracts"],"fullName":"desktop accessibility contracts keeps model commands in the native shell instead of duplicating them inside the canvas","status":"passed","title":"keeps model commands in the native shell instead of duplicating them inside the canvas","duration":18.355199999999968,"failureMessages":[],"meta":{},"tags":[]},{"ancestorTitles":["desktop accessibility contracts"],"fullName":"desktop accessibility contracts keeps a persistent desktop readiness checklist in the status bar","status":"passed","title":"keeps a persistent desktop readiness checklist in the status bar","duration":11.378600000000006,"failureMessages":[],"meta":{},"tags":[]}],"startTime":1787430585454,"endTime":1787430585529.3787,"status":"passed","message":"","name":"D:/QuickPLS/src/components/accessibilityContracts.test.ts"},{"assertionResults":[{"ancestorTitles":["canonical run comparison UI v2"],"fullName":"canonical run comparison UI v2 shows loading feedback without rendering side-by-side values","status":"passed","title":"shows loading feedback without rendering side-by-side values","duration":15.88130000000001,"failureMessages":[],"meta":{},"tags":[]},{"ancestorTitles":["canonical run comparison UI v2"],"fullName":"canonical run comparison UI v2 shows the exact compatibility title and corrective message, with no deltas","status":"passed","title":"shows the exact compatibility title and corrective message, with no deltas","duration":5.683100000000195,"failureMessages":[],"meta":{},"tags":[]},{"ancestorTitles":["canonical run comparison UI v2"],"fullName":"canonical run comparison UI v2 renders canonical typed rows only for a ready comparison","status":"passed","title":"renders canonical typed rows only for a ready comparison","duration":11.206199999999626,"failureMessages":[],"meta":{},"tags":[]}],"startTime":1787430600715,"endTime":1787430600748.2063,"status":"passed","message":"","name":"D:/QuickPLS/src/components/canonicalRunComparisonUiV2.test.tsx"},{"assertionResults":[{"ancestorTitles":["ConstructNode higher-order presentation"],"fullName":"ConstructNode higher-order presentation keeps HOC nodes to their label and compact marker without exposing implementation text","status":"passed","title":"keeps HOC nodes to their label and compact marker without exposing implementation text","duration":6.562799999999925,"failureMessages":[],"meta":{},"tags":[]}],"startTime":1787430608713,"endTime":1787430608719.5627,"status":"passed","message":"","name":"D:/QuickPLS/src/components/ConstructNode.presentation.test.ts"},{"assertionResults":[{"ancestorTitles":["DataWorkspace immutable transformation gate"],"fullName":"DataWorkspace immutable transformation gate routes all five legacy mutators through the version gate and exposes an accessible status","status":"passed","title":"routes all five legacy mutators through the version gate and exposes an accessible status","duration":5.114100000000008,"failureMessages":[],"meta":{},"tags":[]},{"ancestorTitles":["DataWorkspace immutable transformation gate"],"fullName":"DataWorkspace immutable transformation gate sorts a copied presentation index stably while retaining source row order and identity","status":"passed","title":"sorts a copied presentation index stably while retaining source row order and identity","duration":2.623199999999997,"failureMessages":[],"meta":{},"tags":[]},{"ancestorTitles":["DataWorkspace immutable transformation gate"],"fullName":"DataWorkspace immutable transformation gate returns a view-only sort instruction without invoking dataset or version services","status":"passed","title":"returns a view-only sort instruction without invoking dataset or version services","duration":3.1739000000000033,"failureMessages":[],"meta":{},"tags":[]},{"ancestorTitles":["DataWorkspace immutable transformation gate"],"fullName":"DataWorkspace immutable transformation gate blocks preview sorting when no real dataset column is selected","status":"passed","title":"blocks preview sorting when no real dataset column is selected","duration":2.1538000000000466,"failureMessages":[],"meta":{},"tags":[]},{"ancestorTitles":["DataWorkspace immutable transformation gate"],"fullName":"DataWorkspace immutable transformation gate creates and activates a distinct native recode version with provenance without changing source rows","status":"passed","title":"creates and activates a distinct native recode version with provenance without changing source rows","duration":4.148599999999988,"failureMessages":[],"meta":{},"tags":[]},{"ancestorTitles":["DataWorkspace immutable transformation gate"],"fullName":"DataWorkspace immutable transformation gate fails closed in browser preview and never calls or commits the native recode service","status":"passed","title":"fails closed in browser preview and never calls or commits the native recode service","duration":1.2099000000000615,"failureMessages":[],"meta":{},"tags":[]},{"ancestorTitles":["DataWorkspace immutable transformation gate"],"fullName":"DataWorkspace immutable transformation gate fails closed for browser 'add-column' mutations and leaves the source exact","status":"passed","title":"fails closed for browser 'add-column' mutations and leaves the source exact","duration":1.3304000000000542,"failureMessages":[],"meta":{},"tags":[]},{"ancestorTitles":["DataWorkspace immutable transformation gate"],"fullName":"DataWorkspace immutable transformation gate fails closed for browser 'missing-values' mutations and leaves the source exact","status":"passed","title":"fails closed for browser 'missing-values' mutations and leaves the source exact","duration":0.9864999999999782,"failureMessages":[],"meta":{},"tags":[]},{"ancestorTitles":["DataWorkspace immutable transformation gate"],"fullName":"DataWorkspace immutable transformation gate fails closed for browser 'z-score' mutations and leaves the source exact","status":"passed","title":"fails closed for browser 'z-score' mutations and leaves the source exact","duration":1.524599999999964,"failureMessages":[],"meta":{},"tags":[]},{"ancestorTitles":["DataWorkspace immutable transformation gate"],"fullName":"DataWorkspace immutable transformation gate fails closed for browser 'reverse-scale' mutations and leaves the source exact","status":"passed","title":"fails closed for browser 'reverse-scale' mutations and leaves the source exact","duration":1.0523000000000593,"failureMessages":[],"meta":{},"tags":[]},{"ancestorTitles":["DataWorkspace immutable transformation gate"],"fullName":"DataWorkspace immutable transformation gate fails closed for browser 'arithmetic' mutations and leaves the source exact","status":"passed","title":"fails closed for browser 'arithmetic' mutations and leaves the source exact","duration":0.8539000000000669,"failureMessages":[],"meta":{},"tags":[]},{"ancestorTitles":["DataWorkspace immutable transformation gate"],"fullName":"DataWorkspace immutable transformation gate fails closed for browser 'row-aggregate' mutations and leaves the source exact","status":"passed","title":"fails closed for browser 'row-aggregate' mutations and leaves the source exact","duration":0.8125,"failureMessages":[],"meta":{},"tags":[]},{"ancestorTitles":["DataWorkspace immutable transformation gate"],"fullName":"DataWorkspace immutable transformation gate fails closed for browser 'dummy' mutations and leaves the source exact","status":"passed","title":"fails closed for browser 'dummy' mutations and leaves the source exact","duration":0.781099999999924,"failureMessages":[],"meta":{},"tags":[]},{"ancestorTitles":["DataWorkspace immutable transformation gate"],"fullName":"DataWorkspace immutable transformation gate fails closed for browser 'group-values' mutations and leaves the source exact","status":"passed","title":"fails closed for browser 'group-values' mutations and leaves the source exact","duration":0.8146999999999025,"failureMessages":[],"meta":{},"tags":[]},{"ancestorTitles":["DataWorkspace immutable transformation gate"],"fullName":"DataWorkspace immutable transformation gate adds one constant column through one immutable native transformation","status":"passed","title":"adds one constant column through one immutable native transformation","duration":23.87110000000007,"failureMessages":[],"meta":{},"tags":[]},{"ancestorTitles":["DataWorkspace immutable transformation gate"],"fullName":"DataWorkspace immutable transformation gate routes 'reverse scale' through exactly one generic native transformation and one validated commit","status":"passed","title":"routes 'reverse scale' through exactly one generic native transformation and one validated commit","duration":2.430599999999913,"failureMessages":[],"meta":{},"tags":[]},{"ancestorTitles":["DataWorkspace immutable transformation gate"],"fullName":"DataWorkspace immutable transformation gate routes 'addition' through exactly one generic native transformation and one validated commit","status":"passed","title":"routes 'addition' through exactly one generic native transformation and one validated commit","duration":1.179700000000139,"failureMessages":[],"meta":{},"tags":[]},{"ancestorTitles":["DataWorkspace immutable transformation gate"],"fullName":"DataWorkspace immutable transformation gate routes 'multiplication' through exactly one generic native transformation and one validated commit","status":"passed","title":"routes 'multiplication' through exactly one generic native transformation and one validated commit","duration":1.3701000000000931,"failureMessages":[],"meta":{},"tags":[]},{"ancestorTitles":["DataWorkspace immutable transformation gate"],"fullName":"DataWorkspace immutable transformation gate routes 'division' through exactly one generic native transformation and one validated commit","status":"passed","title":"routes 'division' through exactly one generic native transformation and one validated commit","duration":1.1139999999998054,"failureMessages":[],"meta":{},"tags":[]},{"ancestorTitles":["DataWorkspace immutable transformation gate"],"fullName":"DataWorkspace immutable transformation gate routes 'row sum' through exactly one generic native transformation and one validated commit","status":"passed","title":"routes 'row sum' through exactly one generic native transformation and one validated commit","duration":1.0306000000000495,"failureMessages":[],"meta":{},"tags":[]},{"ancestorTitles":["DataWorkspace immutable transformation gate"],"fullName":"DataWorkspace immutable transformation gate routes 'available-case average' through exactly one generic native transformation and one validated commit","status":"passed","title":"routes 'available-case average' through exactly one generic native transformation and one validated commit","duration":1.6514000000001943,"failureMessages":[],"meta":{},"tags":[]},{"ancestorTitles":["DataWorkspace immutable transformation gate"],"fullName":"DataWorkspace immutable transformation gate routes 'dummy' through exactly one generic native transformation and one validated commit","status":"passed","title":"routes 'dummy' through exactly one generic native transformation and one validated commit","duration":0.984000000000151,"failureMessages":[],"meta":{},"tags":[]},{"ancestorTitles":["DataWorkspace immutable transformation gate"],"fullName":"DataWorkspace immutable transformation gate routes 'value groups' through exactly one generic native transformation and one validated commit","status":"passed","title":"routes 'value groups' through exactly one generic native transformation and one validated commit","duration":1.154700000000048,"failureMessages":[],"meta":{},"tags":[]},{"ancestorTitles":["DataWorkspace immutable transformation gate"],"fullName":"DataWorkspace immutable transformation gate rejects an in-place or provenance-free recode response before store activation","status":"passed","title":"rejects an in-place or provenance-free recode response before store activation","duration":3.30600000000004,"failureMessages":[],"meta":{},"tags":[]},{"ancestorTitles":["DataWorkspace immutable transformation gate"],"fullName":"DataWorkspace immutable transformation gate creates a single-column missing-cleaned dataset through the native transformation service","status":"passed","title":"creates a single-column missing-cleaned dataset through the native transformation service","duration":2.2969000000000506,"failureMessages":[],"meta":{},"tags":[]},{"ancestorTitles":["DataWorkspace immutable transformation gate"],"fullName":"DataWorkspace immutable transformation gate cleans all columns atomically in one child and one commit with exact multi-output lineage","status":"passed","title":"cleans all columns atomically in one child and one commit with exact multi-output lineage","duration":1.8135999999999513,"failureMessages":[],"meta":{},"tags":[]},{"ancestorTitles":["DataWorkspace immutable transformation gate"],"fullName":"DataWorkspace immutable transformation gate creates one atomic standardized child dataset with an explicit sample denominator","status":"passed","title":"creates one atomic standardized child dataset with an explicit sample denominator","duration":1.707700000000159,"failureMessages":[],"meta":{},"tags":[]},{"ancestorTitles":["DataWorkspace immutable transformation gate"],"fullName":"DataWorkspace immutable transformation gate keeps standardization unavailable in browser preview without calling the native service","status":"passed","title":"keeps standardization unavailable in browser preview without calling the native service","duration":0.481899999999996,"failureMessages":[],"meta":{},"tags":[]},{"ancestorTitles":["DataWorkspace immutable transformation gate"],"fullName":"DataWorkspace immutable transformation gate rejects a transform response whose lineage does not bind the new dataset","status":"passed","title":"rejects a transform response whose lineage does not bind the new dataset","duration":0.7573999999999614,"failureMessages":[],"meta":{},"tags":[]}],"startTime":1787430586755,"endTime":1787430586828.7573,"status":"passed","message":"","name":"D:/QuickPLS/src/components/dataWorkspaceVersionedActions.test.ts"},{"assertionResults":[{"ancestorTitles":["GroupsWorkspace segmentation claim boundaries"],"fullName":"GroupsWorkspace segmentation claim boundaries labels FIMIX-style output as an Experimental non-EM diagnostic","status":"passed","title":"labels FIMIX-style output as an Experimental non-EM diagnostic","duration":18.889899999999216,"failureMessages":[],"meta":{},"tags":[]},{"ancestorTitles":["GroupsWorkspace segmentation claim boundaries"],"fullName":"GroupsWorkspace segmentation claim boundaries labels PLS-POS-style output as an Experimental diagnostic","status":"passed","title":"labels PLS-POS-style output as an Experimental diagnostic","duration":3.2366000000001804,"failureMessages":[],"meta":{},"tags":[]}],"startTime":1787430600330,"endTime":1787430600352.2366,"status":"passed","message":"","name":"D:/QuickPLS/src/components/GroupsWorkspace.test.tsx"},{"assertionResults":[{"ancestorTitles":["Internal/Labs schema-6 archive inspector"],"fullName":"Internal/Labs schema-6 archive inspector fails closed unless the existing Experimental Labs preference is enabled","status":"passed","title":"fails closed unless the existing Experimental Labs preference is enabled","duration":10.478200000000015,"failureMessages":[],"meta":{},"tags":[]},{"ancestorTitles":["Internal/Labs schema-6 archive inspector"],"fullName":"Internal/Labs schema-6 archive inspector renders the workflow when the caller supplies the enabled Labs preference","status":"passed","title":"renders the workflow when the caller supplies the enabled Labs preference","duration":17.44250000000011,"failureMessages":[],"meta":{},"tags":[]},{"ancestorTitles":["Internal/Labs schema-6 archive inspector"],"fullName":"Internal/Labs schema-6 archive inspector renders a labelled native path workflow and explicit non-activation limits","status":"passed","title":"renders a labelled native path workflow and explicit non-activation limits","duration":4.6831999999999425,"failureMessages":[],"meta":{},"tags":[]},{"ancestorTitles":["Internal/Labs schema-6 archive inspector"],"fullName":"Internal/Labs schema-6 archive inspector disables native controls and explains the missing desktop boundary","status":"passed","title":"disables native controls and explains the missing desktop boundary","duration":4.402800000000298,"failureMessages":[],"meta":{},"tags":[]},{"ancestorTitles":["Internal/Labs schema-6 archive inspector"],"fullName":"Internal/Labs schema-6 archive inspector announces loading and errors while keeping the path controls unavailable","status":"passed","title":"announces loading and errors while keeping the path controls unavailable","duration":8.330399999999827,"failureMessages":[],"meta":{},"tags":[]},{"ancestorTitles":["Internal/Labs schema-6 archive inspector"],"fullName":"Internal/Labs schema-6 archive inspector shows verified identity and every exact dataset, model, recipe, and result count","status":"passed","title":"shows verified identity and every exact dataset, model, recipe, and result count","duration":51.89519999999993,"failureMessages":[],"meta":{},"tags":[]},{"ancestorTitles":["Internal/Labs schema-6 archive inspector"],"fullName":"Internal/Labs schema-6 archive inspector maps cancellation, strict-reader blocks, success, and thrown boundary errors into terminal UI actions","status":"passed","title":"maps cancellation, strict-reader blocks, success, and thrown boundary errors into terminal UI actions","duration":5.449100000000271,"failureMessages":[],"meta":{},"tags":[]}],"startTime":1787430579938,"endTime":1787430580041.4492,"status":"passed","message":"","name":"D:/QuickPLS/src/components/InternalProjectArchiveV6Inspector.test.tsx"},{"assertionResults":[{"ancestorTitles":["Internal/Labs schema-6 ephemeral model-authority editor"],"fullName":"Internal/Labs schema-6 ephemeral model-authority editor uses the existing strict SemModelV4 draft decoder after JSON parsing","status":"passed","title":"uses the existing strict SemModelV4 draft decoder after JSON parsing","duration":7.779199999999946,"failureMessages":[],"meta":{},"tags":[]},{"ancestorTitles":["Internal/Labs schema-6 ephemeral model-authority editor"],"fullName":"Internal/Labs schema-6 ephemeral model-authority editor builds insert and replace requests using exact decoded JSON and current draft CAS","status":"passed","title":"builds insert and replace requests using exact decoded JSON and current draft CAS","duration":8.44669999999951,"failureMessages":[],"meta":{},"tags":[]},{"ancestorTitles":["Internal/Labs schema-6 ephemeral model-authority editor"],"fullName":"Internal/Labs schema-6 ephemeral model-authority editor applies a strict canonical operation batch to the selected draft with its current CAS","status":"passed","title":"applies a strict canonical operation batch to the selected draft with its current CAS","duration":3.9068999999999505,"failureMessages":[],"meta":{},"tags":[]},{"ancestorTitles":["Internal/Labs schema-6 ephemeral model-authority editor"],"fullName":"Internal/Labs schema-6 ephemeral model-authority editor promotes only a selected draft and carries its exact CAS digest","status":"passed","title":"promotes only a selected draft and carries its exact CAS digest","duration":0.5763999999999214,"failureMessages":[],"meta":{},"tags":[]},{"ancestorTitles":["Internal/Labs schema-6 ephemeral model-authority editor"],"fullName":"Internal/Labs schema-6 ephemeral model-authority editor lists ready and draft authority with their distinct exact digests","status":"passed","title":"lists ready and draft authority with their distinct exact digests","duration":22.790400000000773,"failureMessages":[],"meta":{},"tags":[]},{"ancestorTitles":["Internal/Labs schema-6 ephemeral model-authority editor"],"fullName":"Internal/Labs schema-6 ephemeral model-authority editor marks successful edits dirty and explicitly not persisted","status":"passed","title":"marks successful edits dirty and explicitly not persisted","duration":4.014900000000125,"failureMessages":[],"meta":{},"tags":[]},{"ancestorTitles":["Internal/Labs schema-6 ephemeral model-authority editor"],"fullName":"Internal/Labs schema-6 ephemeral model-authority editor describes canonical operations and their fail-closed exclusions without implying persistence","status":"passed","title":"describes canonical operations and their fail-closed exclusions without implying persistence","duration":4.86160000000018,"failureMessages":[],"meta":{},"tags":[]},{"ancestorTitles":["Internal/Labs schema-6 ephemeral model-authority editor"],"fullName":"Internal/Labs schema-6 ephemeral model-authority editor renders decoder or native failures as accessible diagnostics","status":"passed","title":"renders decoder or native failures as accessible diagnostics","duration":3.7452000000002954,"failureMessages":[],"meta":{},"tags":[]}],"startTime":1787430591243,"endTime":1787430591299.745,"status":"passed","message":"","name":"D:/QuickPLS/src/components/InternalProjectArchiveV6ModelAuthorityEditor.test.tsx"},{"assertionResults":[{"ancestorTitles":["Internal/Labs schema-6 read-only session panel"],"fullName":"Internal/Labs schema-6 read-only session panel fails closed when Experimental Labs is disabled","status":"passed","title":"fails closed when Experimental Labs is disabled","duration":13.725500000000011,"failureMessages":[],"meta":{},"tags":[]},{"ancestorTitles":["Internal/Labs schema-6 read-only session panel"],"fullName":"Internal/Labs schema-6 read-only session panel renders explicit isolation and no-persistence limits","status":"passed","title":"renders explicit isolation and no-persistence limits","duration":17.31800000000021,"failureMessages":[],"meta":{},"tags":[]},{"ancestorTitles":["Internal/Labs schema-6 read-only session panel"],"fullName":"Internal/Labs schema-6 read-only session panel shows the isolated active project identity and validated counts","status":"passed","title":"shows the isolated active project identity and validated counts","duration":8.071200000000317,"failureMessages":[],"meta":{},"tags":[]},{"ancestorTitles":["Internal/Labs schema-6 read-only session panel"],"fullName":"Internal/Labs schema-6 read-only session panel announces strict-reader loading and actionable failures","status":"passed","title":"announces strict-reader loading and actionable failures","duration":8.549799999999777,"failureMessages":[],"meta":{},"tags":[]},{"ancestorTitles":["Internal/Labs schema-6 read-only session panel"],"fullName":"Internal/Labs schema-6 read-only session panel disables archive opening outside the native desktop","status":"passed","title":"disables archive opening outside the native desktop","duration":3.4406999999996515,"failureMessages":[],"meta":{},"tags":[]},{"ancestorTitles":["Internal/Labs schema-6 read-only session panel"],"fullName":"Internal/Labs schema-6 read-only session panel offers an accessible Standard close only after a clean validated copy","status":"passed","title":"offers an accessible Standard close only after a clean validated copy","duration":11.412700000000314,"failureMessages":[],"meta":{},"tags":[]}],"startTime":1787430590373,"endTime":1787430590435.4126,"status":"passed","message":"","name":"D:/QuickPLS/src/components/InternalProjectArchiveV6SessionPanel.test.tsx"},{"assertionResults":[{"ancestorTitles":["ModelCanvas moderation-anchor drag projection"],"fullName":"ModelCanvas moderation-anchor drag projection snaps an off-path drop to the bounded focal polyline position","status":"passed","title":"snaps an off-path drop to the bounded focal polyline position","duration":3.19820000000027,"failureMessages":[],"meta":{},"tags":[]},{"ancestorTitles":["ModelCanvas moderation-anchor drag projection"],"fullName":"ModelCanvas moderation-anchor drag projection clamps persisted anchor fractions to the archive-safe range","status":"passed","title":"clamps persisted anchor fractions to the archive-safe range","duration":0.6585000000000036,"failureMessages":[],"meta":{},"tags":[]}],"startTime":1787430612740,"endTime":1787430612743.6584,"status":"passed","message":"","name":"D:/QuickPLS/src/components/ModelCanvas.moderationAnchor.test.ts"},{"assertionResults":[{"ancestorTitles":["ModelCanvas construct focus selection"],"fullName":"ModelCanvas construct focus selection replaces a stale Canvas selection before React Flow Ctrl-selection extends it","status":"passed","title":"replaces a stale Canvas selection before React Flow Ctrl-selection extends it","duration":2.907000000000153,"failureMessages":[],"meta":{},"tags":[]}],"startTime":1787430612888,"endTime":1787430612890.907,"status":"passed","message":"","name":"D:/QuickPLS/src/components/ModelCanvas.selection.test.ts"},{"assertionResults":[{"ancestorTitles":["ModelCanvas strict Standard authority routing"],"fullName":"ModelCanvas strict Standard authority routing routes canvas mutations through the shared command gateway while retaining layout actions","status":"passed","title":"routes canvas mutations through the shared command gateway while retaining layout actions","duration":12.307600000000093,"failureMessages":[],"meta":{},"tags":[]},{"ancestorTitles":["ModelCanvas strict Standard authority routing"],"fullName":"ModelCanvas strict Standard authority routing reconnects legacy paths but blocks strict retargeting behind a versioned revision","status":"passed","title":"reconnects legacy paths but blocks strict retargeting behind a versioned revision","duration":7.383299999999963,"failureMessages":[],"meta":{},"tags":[]},{"ancestorTitles":["ModelCanvas strict Standard authority routing"],"fullName":"ModelCanvas strict Standard authority routing provides a non-editing Results presentation without borrowing a legacy run overlay","status":"passed","title":"provides a non-editing Results presentation without borrowing a legacy run overlay","duration":8.586299999999937,"failureMessages":[],"meta":{},"tags":[]},{"ancestorTitles":["ModelCanvas strict Standard authority routing"],"fullName":"ModelCanvas strict Standard authority routing passes selected HOC membership to the visual graph and never persists visual-only edges","status":"passed","title":"passes selected HOC membership to the visual graph and never persists visual-only edges","duration":6.909200000000055,"failureMessages":[],"meta":{},"tags":[]},{"ancestorTitles":["ModelCanvas strict Standard authority routing"],"fullName":"ModelCanvas strict Standard authority routing never persists presentation-only moderation anchors","status":"passed","title":"never persists presentation-only moderation anchors","duration":0.6403000000000247,"failureMessages":[],"meta":{},"tags":[]}],"startTime":1787430603769,"endTime":1787430603804.6404,"status":"passed","message":"","name":"D:/QuickPLS/src/components/ModelCanvas.standardAuthority.test.ts"},{"assertionResults":[{"ancestorTitles":["ModelCanvas persisted viewport restoration"],"fullName":"ModelCanvas persisted viewport restoration remounts a strict saved Canvas without replacing its presentation authority","status":"passed","title":"remounts a strict saved Canvas without replacing its presentation authority","duration":3.4855999999999767,"failureMessages":[],"meta":{},"tags":[]},{"ancestorTitles":["ModelCanvas persisted viewport restoration"],"fullName":"ModelCanvas persisted viewport restoration retains automatic fitting when no viewport authority exists","status":"passed","title":"retains automatic fitting when no viewport authority exists","duration":0.438499999999749,"failureMessages":[],"meta":{},"tags":[]}],"startTime":1787430612738,"endTime":1787430612741.4856,"status":"passed","message":"","name":"D:/QuickPLS/src/components/ModelCanvas.viewport.test.ts"},{"assertionResults":[{"ancestorTitles":["ModelCanvas node-change persistence plan"],"fullName":"ModelCanvas node-change persistence plan keeps pointer position updates local until the drag-stop commit","status":"passed","title":"keeps pointer position updates local until the drag-stop commit","duration":4.393100000000231,"failureMessages":[],"meta":{},"tags":[]},{"ancestorTitles":["ModelCanvas node-change persistence plan"],"fullName":"ModelCanvas node-change persistence plan routes React Flow keyboard positions through the model-edit gateway","status":"passed","title":"routes React Flow keyboard positions through the model-edit gateway","duration":1.0132000000003245,"failureMessages":[],"meta":{},"tags":[]},{"ancestorTitles":["ModelCanvas node-change persistence plan"],"fullName":"ModelCanvas node-change persistence plan does not create history for selection-only changes","status":"passed","title":"does not create history for selection-only changes","duration":0.46729999999979555,"failureMessages":[],"meta":{},"tags":[]}],"startTime":1787430610452,"endTime":1787430610457.4673,"status":"passed","message":"","name":"D:/QuickPLS/src/components/modelCanvasNodeChangePlan.test.ts"},{"assertionResults":[{"ancestorTitles":["OnboardingWorkspace sample gallery"],"fullName":"OnboardingWorkspace sample gallery advertises only the three complete bundled sample workflows","status":"passed","title":"advertises only the three complete bundled sample workflows","duration":43.16370000000006,"failureMessages":[],"meta":{},"tags":[]},{"ancestorTitles":["OnboardingWorkspace sample gallery"],"fullName":"OnboardingWorkspace sample gallery keeps the selected sample identity in state for the native open command","status":"passed","title":"keeps the selected sample identity in state for the native open command","duration":16.82709999999952,"failureMessages":[],"meta":{},"tags":[]}],"startTime":1787430591866,"endTime":1787430591926.8271,"status":"passed","message":"","name":"D:/QuickPLS/src/components/OnboardingWorkspace.test.tsx"},{"assertionResults":[{"ancestorTitles":["PLS saved-run comparison panel v1"],"fullName":"PLS saved-run comparison panel v1 renders nothing outside Experimental Labs","status":"passed","title":"renders nothing outside Experimental Labs","duration":12.231500000000096,"failureMessages":[],"meta":{},"tags":[]},{"ancestorTitles":["PLS saved-run comparison panel v1"],"fullName":"PLS saved-run comparison panel v1 renders typed corrective issues as an accessible alert","status":"passed","title":"renders typed corrective issues as an accessible alert","duration":8.912599999999884,"failureMessages":[],"meta":{},"tags":[]},{"ancestorTitles":["PLS saved-run comparison panel v1"],"fullName":"PLS saved-run comparison panel v1 renders one Experimental chip and accessible tables without implying paired CVPAT","status":"passed","title":"renders one Experimental chip and accessible tables without implying paired CVPAT","duration":9.786499999999933,"failureMessages":[],"meta":{},"tags":[]}],"startTime":1787430596986,"endTime":1787430597017.7866,"status":"passed","message":"","name":"D:/QuickPLS/src/components/PlsSavedRunComparisonPanelV1.test.tsx"},{"assertionResults":[{"ancestorTitles":["ProductivityOverlays MICOM command"],"fullName":"ProductivityOverlays MICOM command offers the exact standalone MICOM preset without legacy combined wording","status":"passed","title":"offers the exact standalone MICOM preset without legacy combined wording","duration":2.502699999999777,"failureMessages":[],"meta":{},"tags":[]}],"startTime":1787430613034,"endTime":1787430613036.5027,"status":"passed","message":"","name":"D:/QuickPLS/src/components/ProductivityOverlays.test.tsx"},{"assertionResults":[{"ancestorTitles":["ReportsWorkspace run truth"],"fullName":"ReportsWorkspace run truth translates internal table states into customer-facing result labels","status":"passed","title":"translates internal table states into customer-facing result labels","duration":3.815599999999904,"failureMessages":[],"meta":{},"tags":[]},{"ancestorTitles":["ReportsWorkspace run truth"],"fullName":"ReportsWorkspace run truth falls back from a newer failed run to a completed result-backed PROCESS run","status":"passed","title":"falls back from a newer failed run to a completed result-backed PROCESS run","duration":13.135999999999967,"failureMessages":[],"meta":{},"tags":[]},{"ancestorTitles":["ReportsWorkspace run truth"],"fullName":"ReportsWorkspace run truth binds method scope to archived run provenance rather than current setup","status":"passed","title":"binds method scope to archived run provenance rather than current setup","duration":0.7853999999997541,"failureMessages":[],"meta":{},"tags":[]},{"ancestorTitles":["ReportsWorkspace run truth"],"fullName":"ReportsWorkspace run truth binds a strict Structural Path Randomization run to its scoped Standard identity","status":"passed","title":"binds a strict Structural Path Randomization run to its scoped Standard identity","duration":10.998999999999342,"failureMessages":[],"meta":{},"tags":[]},{"ancestorTitles":["ReportsWorkspace run truth"],"fullName":"ReportsWorkspace run truth does not turn an unrelated live PLS canvas into a PROCESS report SVG","status":"passed","title":"does not turn an unrelated live PLS canvas into a PROCESS report SVG","duration":2.0960000000004584,"failureMessages":[],"meta":{},"tags":[]},{"ancestorTitles":["ReportsWorkspace run truth"],"fullName":"ReportsWorkspace run truth routes historical PROCESS v1 through read-only tables and suppresses generic SVG","status":"passed","title":"routes historical PROCESS v1 through read-only tables and suppresses generic SVG","duration":2.339700000000448,"failureMessages":[],"meta":{},"tags":[]}],"startTime":1787430598793,"endTime":1787430598826.3396,"status":"passed","message":"","name":"D:/QuickPLS/src/components/ReportsWorkspace.test.ts"},{"assertionResults":[{"ancestorTitles":["RunHistory group empty-state copy"],"fullName":"RunHistory group empty-state copy offers the standalone MICOM setup without advertising the retired combined workflow","status":"passed","title":"offers the standalone MICOM setup without advertising the retired combined workflow","duration":1.9838999999999487,"failureMessages":[],"meta":{},"tags":[]}],"startTime":1787430613087,"endTime":1787430613088.984,"status":"passed","message":"","name":"D:/QuickPLS/src/components/RunHistory.copy.test.ts"},{"assertionResults":[{"ancestorTitles":["SettingsWorkspace diagnostic bundle controls"],"fullName":"SettingsWorkspace diagnostic bundle controls renders a native-only preview-first, local-only support workflow","status":"passed","title":"renders a native-only preview-first, local-only support workflow","duration":33.25600000000031,"failureMessages":[],"meta":{},"tags":[]},{"ancestorTitles":["SettingsWorkspace diagnostic bundle controls"],"fullName":"SettingsWorkspace diagnostic bundle controls keeps Experimental Labs disabled by default and explains the separation from Standard","status":"passed","title":"keeps Experimental Labs disabled by default and explains the separation from Standard","duration":13.919399999999769,"failureMessages":[],"meta":{},"tags":[]},{"ancestorTitles":["SettingsWorkspace diagnostic bundle controls"],"fullName":"SettingsWorkspace diagnostic bundle controls renders one schema-6 Labs surface when Experimental Labs is enabled","status":"passed","title":"renders one schema-6 Labs surface when Experimental Labs is enabled","duration":7.429000000000087,"failureMessages":[],"meta":{},"tags":[]},{"ancestorTitles":["SettingsWorkspace diagnostic bundle controls"],"fullName":"SettingsWorkspace diagnostic bundle controls explains that diagnostic creation is unavailable outside the native desktop","status":"passed","title":"explains that diagnostic creation is unavailable outside the native desktop","duration":12.597499999999854,"failureMessages":[],"meta":{},"tags":[]},{"ancestorTitles":["SettingsWorkspace diagnostic bundle controls"],"fullName":"SettingsWorkspace diagnostic bundle controls renders the inspectable redacted system, event, and manifest staging payload accessibly","status":"passed","title":"renders the inspectable redacted system, event, and manifest staging payload accessibly","duration":12.030899999999747,"failureMessages":[],"meta":{},"tags":[]}],"startTime":1787430585309,"endTime":1787430585389.031,"status":"passed","message":"","name":"D:/QuickPLS/src/components/SettingsWorkspace.test.tsx"},{"assertionResults":[{"ancestorTitles":["StandardSemPresentationLayer"],"fullName":"StandardSemPresentationLayer creates every presentation-only object kind with explicit non-colour semantics","status":"passed","title":"creates every presentation-only object kind with explicit non-colour semantics","duration":5.400700000000143,"failureMessages":[],"meta":{},"tags":[]},{"ancestorTitles":["StandardSemPresentationLayer"],"fullName":"StandardSemPresentationLayer moves both boxed objects and line endpoints without changing their content","status":"passed","title":"moves both boxed objects and line endpoints without changing their content","duration":1.1233999999999469,"failureMessages":[],"meta":{},"tags":[]},{"ancestorTitles":["StandardSemPresentationLayer"],"fullName":"StandardSemPresentationLayer never commits an empty required image field","status":"passed","title":"never commits an empty required image field","duration":0.7727000000004409,"failureMessages":[],"meta":{},"tags":[]},{"ancestorTitles":["StandardSemPresentationLayer"],"fullName":"StandardSemPresentationLayer exposes keyboard creation, selection, editing, movement, deletion, and text labels","status":"passed","title":"exposes keyboard creation, selection, editing, movement, deletion, and text labels","duration":2.9724999999998545,"failureMessages":[],"meta":{},"tags":[]}],"startTime":1787430605073,"endTime":1787430605082.9724,"status":"passed","message":"","name":"D:/QuickPLS/src/components/StandardSemPresentationLayer.test.tsx"},{"assertionResults":[{"ancestorTitles":["TrustCenterWorkspace method truth"],"fullName":"TrustCenterWorkspace method truth uses the scoped Standard Registry V2 contract","status":"passed","title":"uses the scoped Standard Registry V2 contract","duration":45.38590000000022,"failureMessages":[],"meta":{},"tags":[]}],"startTime":1787430589744,"endTime":1787430589789.386,"status":"passed","message":"","name":"D:/QuickPLS/src/components/TrustCenterWorkspace.test.tsx"},{"assertionResults":[{"ancestorTitles":["deterministic large-model desktop fixtures"],"fullName":"deterministic large-model desktop fixtures recreates the applied 20-construct/80-indicator fixture exactly","status":"passed","title":"recreates the applied 20-construct/80-indicator fixture exactly","duration":67.86509999999998,"failureMessages":[],"meta":{},"tags":[]},{"ancestorTitles":["deterministic large-model desktop fixtures"],"fullName":"deterministic large-model desktop fixtures recreates the stress 100-construct/300-indicator fixture exactly","status":"passed","title":"recreates the stress 100-construct/300-indicator fixture exactly","duration":471.75300000000016,"failureMessages":[],"meta":{},"tags":[]}],"startTime":1787430567822,"endTime":1787430568361.753,"status":"passed","message":"","name":"D:/QuickPLS/src/data/largeModelSmoke.test.ts"},{"assertionResults":[{"ancestorTitles":["completed sample PLS bootstrap run"],"fullName":"completed sample PLS bootstrap run truthfully labels its embedded bootstrap output without changing its versioned fixture identity","status":"passed","title":"truthfully labels its embedded bootstrap output without changing its versioned fixture identity","duration":5.602499999999964,"failureMessages":[],"meta":{},"tags":[]}],"startTime":1787430610721,"endTime":1787430610726.6025,"status":"passed","message":"","name":"D:/QuickPLS/src/data/smokeRun.test.ts"},{"assertionResults":[{"ancestorTitles":["QuickPLS 2.55 query-gated named SEM evidence fixtures"],"fullName":"QuickPLS 2.55 query-gated named SEM evidence fixtures builds deterministic, result-free single_mediation authority input","status":"passed","title":"builds deterministic, result-free single_mediation authority input","duration":84.21350000000007,"failureMessages":[],"meta":{},"tags":[]},{"ancestorTitles":["QuickPLS 2.55 query-gated named SEM evidence fixtures"],"fullName":"QuickPLS 2.55 query-gated named SEM evidence fixtures builds deterministic, result-free parallel_mediation authority input","status":"passed","title":"builds deterministic, result-free parallel_mediation authority input","duration":32.0599000000002,"failureMessages":[],"meta":{},"tags":[]},{"ancestorTitles":["QuickPLS 2.55 query-gated named SEM evidence fixtures"],"fullName":"QuickPLS 2.55 query-gated named SEM evidence fixtures builds deterministic, result-free serial_mediation authority input","status":"passed","title":"builds deterministic, result-free serial_mediation authority input","duration":36.35350000000017,"failureMessages":[],"meta":{},"tags":[]},{"ancestorTitles":["QuickPLS 2.55 query-gated named SEM evidence fixtures"],"fullName":"QuickPLS 2.55 query-gated named SEM evidence fixtures builds deterministic, result-free simultaneous_two_way authority input","status":"passed","title":"builds deterministic, result-free simultaneous_two_way authority input","duration":37.35159999999996,"failureMessages":[],"meta":{},"tags":[]},{"ancestorTitles":["QuickPLS 2.55 query-gated named SEM evidence fixtures"],"fullName":"QuickPLS 2.55 query-gated named SEM evidence fixtures builds deterministic, result-free three_way authority input","status":"passed","title":"builds deterministic, result-free three_way authority input","duration":34.634900000000016,"failureMessages":[],"meta":{},"tags":[]},{"ancestorTitles":["QuickPLS 2.55 query-gated named SEM evidence fixtures"],"fullName":"QuickPLS 2.55 query-gated named SEM evidence fixtures builds deterministic, result-free moderated_mediation_first authority input","status":"passed","title":"builds deterministic, result-free moderated_mediation_first authority input","duration":35.48389999999972,"failureMessages":[],"meta":{},"tags":[]},{"ancestorTitles":["QuickPLS 2.55 query-gated named SEM evidence fixtures"],"fullName":"QuickPLS 2.55 query-gated named SEM evidence fixtures builds deterministic, result-free moderated_mediation_second authority input","status":"passed","title":"builds deterministic, result-free moderated_mediation_second authority input","duration":61.16710000000012,"failureMessages":[],"meta":{},"tags":[]},{"ancestorTitles":["QuickPLS 2.55 query-gated named SEM evidence fixtures"],"fullName":"QuickPLS 2.55 query-gated named SEM evidence fixtures builds deterministic, result-free binary_moderation authority input","status":"passed","title":"builds deterministic, result-free binary_moderation authority input","duration":45.160699999999906,"failureMessages":[],"meta":{},"tags":[]},{"ancestorTitles":["QuickPLS 2.55 query-gated named SEM evidence fixtures"],"fullName":"QuickPLS 2.55 query-gated named SEM evidence fixtures builds deterministic, result-free hoc_rr authority input","status":"passed","title":"builds deterministic, result-free hoc_rr authority input","duration":26.045399999999972,"failureMessages":[],"meta":{},"tags":[]},{"ancestorTitles":["QuickPLS 2.55 query-gated named SEM evidence fixtures"],"fullName":"QuickPLS 2.55 query-gated named SEM evidence fixtures builds deterministic, result-free hoc_rf authority input","status":"passed","title":"builds deterministic, result-free hoc_rf authority input","duration":27.468000000000302,"failureMessages":[],"meta":{},"tags":[]},{"ancestorTitles":["QuickPLS 2.55 query-gated named SEM evidence fixtures"],"fullName":"QuickPLS 2.55 query-gated named SEM evidence fixtures builds deterministic, result-free hoc_fr authority input","status":"passed","title":"builds deterministic, result-free hoc_fr authority input","duration":25.538400000000365,"failureMessages":[],"meta":{},"tags":[]},{"ancestorTitles":["QuickPLS 2.55 query-gated named SEM evidence fixtures"],"fullName":"QuickPLS 2.55 query-gated named SEM evidence fixtures builds deterministic, result-free hoc_ff authority input","status":"passed","title":"builds deterministic, result-free hoc_ff authority input","duration":25.753400000000056,"failureMessages":[],"meta":{},"tags":[]},{"ancestorTitles":["QuickPLS 2.55 query-gated named SEM evidence fixtures"],"fullName":"QuickPLS 2.55 query-gated named SEM evidence fixtures builds deterministic, result-free cfa authority input","status":"passed","title":"builds deterministic, result-free cfa authority input","duration":23.123199999999997,"failureMessages":[],"meta":{},"tags":[]},{"ancestorTitles":["QuickPLS 2.55 query-gated named SEM evidence fixtures"],"fullName":"QuickPLS 2.55 query-gated named SEM evidence fixtures builds deterministic, result-free recursive_sem authority input","status":"passed","title":"builds deterministic, result-free recursive_sem authority input","duration":24.658899999999903,"failureMessages":[],"meta":{},"tags":[]},{"ancestorTitles":["QuickPLS 2.55 query-gated named SEM evidence fixtures"],"fullName":"QuickPLS 2.55 query-gated named SEM evidence fixtures distinguishes mediation topology, moderation order, HOC type, and CB topology","status"
[...]
ted marker selector for a confirmed common factor","duration":3.1903000000002066,"failureMessages":[],"meta":{},"tags":[]},{"ancestorTitles":["SemModelV4 scientific authoring UI"],"fullName":"SemModelV4 scientific authoring UI offers exactly the four covariance uses and endpoint controls for residual covariance","status":"passed","title":"offers exactly the four covariance uses and endpoint controls for residual covariance","duration":11.039000000000215,"failureMessages":[],"meta":{},"tags":[]},{"ancestorTitles":["SemModelV4 scientific authoring UI"],"fullName":"SemModelV4 scientific authoring UI explains why an invalid disturbance covariance cannot be applied","status":"passed","title":"explains why an invalid disturbance covariance cannot be applied","duration":2.1534999999998945,"failureMessages":[],"meta":{},"tags":[]},{"ancestorTitles":["SemModelV4 scientific authoring UI"],"fullName":"SemModelV4 scientific authoring UI exposes Standard representation controls while keeping unqualified covariance authoring Labs-scoped","status":"passed","title":"exposes Standard representation controls while keeping unqualified covariance authoring Labs-scoped","duration":14.91359999999986,"failureMessages":[],"meta":{},"tags":[]}],"startTime":1787430589045,"endTime":1787430589116.9136,"status":"passed","message":"","name":"D:/QuickPLS/src/native/NativeSemScientificAuthoring.test.tsx"},{"assertionResults":[{"ancestorTitles":["SemModelV4 scientific authoring persistence"],"fullName":"SemModelV4 scientific authoring persistence clears and restores an explicit construct decision through the same history ledger","status":"passed","title":"clears and restores an explicit construct decision through the same history ledger","duration":8.81309999999985,"failureMessages":[],"meta":{},"tags":[]},{"ancestorTitles":["SemModelV4 scientific authoring persistence"],"fullName":"SemModelV4 scientific authoring persistence keeps one exact residual-classification change deterministic across undo, redo, and reopen","status":"passed","title":"keeps one exact residual-classification change deterministic across undo, redo, and reopen","duration":7.239999999999782,"failureMessages":[],"meta":{},"tags":[]},{"ancestorTitles":["SemModelV4 scientific authoring persistence"],"fullName":"SemModelV4 scientific authoring persistence preserves explicit factor and residual endpoint metadata through canonical presentation reopen","status":"passed","title":"preserves explicit factor and residual endpoint metadata through canonical presentation reopen","duration":41.513400000000274,"failureMessages":[],"meta":{},"tags":[]}],"startTime":1787430591058,"endTime":1787430591116.5134,"status":"passed","message":"","name":"D:/QuickPLS/src/native/nativeSemScientificAuthoringPersistence.test.ts"},{"assertionResults":[{"ancestorTitles":["standalone native analysis identity"],"fullName":"standalone native analysis identity recognizes NCA, PCA, and OLS without treating model-bound calculations as standalone","status":"passed","title":"recognizes NCA, PCA, and OLS without treating model-bound calculations as standalone","duration":2.843099999999936,"failureMessages":[],"meta":{},"tags":[]}],"startTime":1787430611716,"endTime":1787430611718.843,"status":"passed","message":"","name":"D:/QuickPLS/src/native/nativeStandaloneAnalysis.test.ts"},{"assertionResults":[{"ancestorTitles":["current structural path randomization frontend contract"],"fullName":"current structural path randomization frontend contract projects the exact method, plan, manifest, and plus-one arithmetic into scoped Standard rows","status":"passed","title":"projects the exact method, plan, manifest, and plus-one arithmetic into scoped Standard rows","duration":10.240700000000288,"failureMessages":[],"meta":{},"tags":[]},{"ancestorTitles":["current structural path randomization frontend contract"],"fullName":"current structural path randomization frontend contract fails the entire projection closed for every current-contract inconsistency","status":"passed","title":"fails the entire projection closed for every current-contract inconsistency","duration":14.489700000000084,"failureMessages":[],"meta":{},"tags":[]},{"ancestorTitles":["current structural path randomization frontend contract"],"fullName":"current structural path randomization frontend contract uses only the strict projection in native results, reports, and exports","status":"passed","title":"uses only the strict projection in native results, reports, and exports","duration":28.177799999999934,"failureMessages":[],"meta":{},"tags":[]},{"ancestorTitles":["current structural path randomization frontend contract"],"fullName":"current structural path randomization frontend contract interprets valid randomization as scoped fixed-score, unadjusted pathwise inference","status":"passed","title":"interprets valid randomization as scoped fixed-score, unadjusted pathwise inference","duration":23.490699999999833,"failureMessages":[],"meta":{},"tags":[]},{"ancestorTitles":["current structural path randomization frontend contract"],"fullName":"current structural path randomization frontend contract hydrates only a schema-v3 recipe and genuine schema-v1 result envelope bound to the exact current contract","status":"passed","title":"hydrates only a schema-v3 recipe and genuine schema-v1 result envelope bound to the exact current contract","duration":15.97990000000027,"failureMessages":[],"meta":{},"tags":[]}],"startTime":1787430581468,"endTime":1787430581559.98,"status":"passed","message":"","name":"D:/QuickPLS/src/native/nativeStructuralPathRandomization.test.ts"},{"assertionResults":[{"ancestorTitles":["native desktop command surface contracts"],"fullName":"native desktop command surface contracts keeps launcher actions in the single native command bar","status":"passed","title":"keeps launcher actions in the single native command bar","duration":25.832499999999982,"failureMessages":[],"meta":{},"tags":[]},{"ancestorTitles":["native desktop command surface contracts"],"fullName":"native desktop command surface contracts gives model indicators and variable rows equivalent pointer and keyboard actions","status":"passed","title":"gives model indicators and variable rows equivalent pointer and keyboard actions","duration":27.663099999999986,"failureMessages":[],"meta":{},"tags":[]},{"ancestorTitles":["native desktop command surface contracts"],"fullName":"native desktop command surface contracts keeps calculation out of Properties and offers one compact empty-Results action","status":"passed","title":"keeps calculation out of Properties and offers one compact empty-Results action","duration":15.766099999999824,"failureMessages":[],"meta":{},"tags":[]},{"ancestorTitles":["native desktop command surface contracts"],"fullName":"native desktop command surface contracts clears terminal calculation state when its dialog closes","status":"passed","title":"clears terminal calculation state when its dialog closes","duration":5.792699999999968,"failureMessages":[],"meta":{},"tags":[]},{"ancestorTitles":["native desktop command surface contracts"],"fullName":"native desktop command surface contracts keeps trust and provenance text out of the primary results diagram","status":"passed","title":"keeps trust and provenance text out of the primary results diagram","duration":6.645099999999957,"failureMessages":[],"meta":{},"tags":[]},{"ancestorTitles":["native desktop command surface contracts"],"fullName":"native desktop command surface contracts collapses the optional properties pane at the compact desktop breakpoint","status":"passed","title":"collapses the optional properties pane at the compact desktop breakpoint","duration":8.137300000000096,"failureMessages":[],"meta":{},"tags":[]},{"ancestorTitles":["native desktop command surface contracts"],"fullName":"native desktop command surface contracts starts inside the Windows work area with a safe restored size","status":"passed","title":"starts inside the Windows work area with a safe restored size","duration":6.186500000000024,"failureMessages":[],"meta":{},"tags":[]},{"ancestorTitles":["native desktop command surface contracts"],"fullName":"native desktop command surface contracts provides truthful native data setup and versioned variable metadata editing","status":"passed","title":"provides truthful native data setup and versioned variable metadata editing","duration":29.603900000000067,"failureMessages":[],"meta":{},"tags":[]},{"ancestorTitles":["native desktop command surface contracts"],"fullName":"native desktop command surface contracts makes the post-import next step explicit without duplicating command behavior","status":"passed","title":"makes the post-import next step explicit without duplicating command behavior","duration":21.17139999999995,"failureMessages":[],"meta":{},"tags":[]},{"ancestorTitles":["native desktop command surface contracts"],"fullName":"native desktop command surface contracts keeps dataset lineage authoritative and recode native-only","status":"passed","title":"keeps dataset lineage authoritative and recode native-only","duration":18.59920000000011,"failureMessages":[],"meta":{},"tags":[]},{"ancestorTitles":["native desktop command surface contracts"],"fullName":"native desktop command surface contracts targets Data context commands at the invoked variable and excludes blank/version targets from Recode","status":"passed","title":"targets Data context commands at the invoked variable and excludes blank/version targets from Recode","duration":11.065399999999954,"failureMessages":[],"meta":{},"tags":[]}],"startTime":1787430575599,"endTime":1787430575777.0654,"status":"passed","message":"","name":"D:/QuickPLS/src/native/nativeSurfaceContracts.test.ts"},{"assertionResults":[{"ancestorTitles":["NativeUtilityDialog"],"fullName":"NativeUtilityDialog mounts the live preview-first diagnostic workflow in production Preferences","status":"passed","title":"mounts the live preview-first diagnostic workflow in production Preferences","duration":26.47270000000026,"failureMessages":[],"meta":{},"tags":[]},{"ancestorTitles":["NativeUtilityDialog"],"fullName":"NativeUtilityDialog renders all nine Method Details sections for only the selected exact option cells","status":"passed","title":"renders all nine Method Details sections for only the selected exact option cells","duration":6.582499999999527,"failureMessages":[],"meta":{},"tags":[]},{"ancestorTitles":["NativeUtilityDialog"],"fullName":"NativeUtilityDialog explains how to enable a Labs method without exposing internal product-governance labels","status":"passed","title":"explains how to enable a Labs method without exposing internal product-governance labels","duration":4.9198999999998705,"failureMessages":[],"meta":{},"tags":[]},{"ancestorTitles":["NativeUtilityDialog"],"fullName":"NativeUtilityDialog binds Method Details opened from Results to the selected completed run","status":"passed","title":"binds Method Details opened from Results to the selected completed run","duration":3.793000000000575,"failureMessages":[],"meta":{},"tags":[]}],"startTime":1787430597091,"endTime":1787430597132.793,"status":"passed","message":"","name":"D:/QuickPLS/src/native/NativeUtilityDialog.test.tsx"},{"assertionResults":[{"ancestorTitles":["native variable metadata"],"fullName":"native variable metadata creates a stable editable draft and preserves value labels on save","status":"passed","title":"creates a stable editable draft and preserves value labels on save","duration":5.000999999999976,"failureMessages":[],"meta":{},"tags":[]},{"ancestorTitles":["native variable metadata"],"fullName":"native variable metadata rejects nonnumeric or reversed theoretical bounds","status":"passed","title":"rejects nonnumeric or reversed theoretical bounds","duration":0.7587000000000899,"failureMessages":[],"meta":{},"tags":[]},{"ancestorTitles":["native variable metadata"],"fullName":"native variable metadata infers safe defaults only when imported metadata is unavailable","status":"passed","title":"infers safe defaults only when imported metadata is unavailable","duration":0.6222999999999956,"failureMessages":[],"meta":{},"tags":[]}],"startTime":1787430608059,"endTime":1787430608064.7588,"status":"passed","message":"","name":"D:/QuickPLS/src/native/nativeVariableMetadata.test.ts"},{"assertionResults":[{"ancestorTitles":["NativeWorkspaceExplorer"],"fullName":"NativeWorkspaceExplorer renders an expanded Windows-style tree with one selected roving tab stop","status":"passed","title":"renders an expanded Windows-style tree with one selected roving tab stop","duration":40.36000000000013,"failureMessages":[],"meta":{},"tags":[]},{"ancestorTitles":["NativeWorkspaceExplorer"],"fullName":"NativeWorkspaceExplorer disables mutation actions when writable=false and status=idle","status":"passed","title":"disables mutation actions when writable=false and status=idle","duration":10.547700000000077,"failureMessages":[],"meta":{},"tags":[]},{"ancestorTitles":["NativeWorkspaceExplorer"],"fullName":"NativeWorkspaceExplorer disables mutation actions when writable=true and status=running","status":"passed","title":"disables mutation actions when writable=true and status=running","duration":7.340599999999995,"failureMessages":[],"meta":{},"tags":[]},{"ancestorTitles":["NativeWorkspaceExplorer"],"fullName":"NativeWorkspaceExplorer routes Enter, F2, Delete, and Shift+F10 through the tree and registry contracts","status":"passed","title":"routes Enter, F2, Delete, and Shift+F10 through the tree and registry contracts","duration":8.261899999999969,"failureMessages":[],"meta":{},"tags":[]},{"ancestorTitles":["NativeWorkspaceExplorerDialog"],"fullName":"NativeWorkspaceExplorerDialog renders a focused destructive confirmation that preserves completed results","status":"passed","title":"renders a focused destructive confirmation that preserves completed results","duration":3.5320999999999003,"failureMessages":[],"meta":{},"tags":[]},{"ancestorTitles":["NativeWorkspaceExplorerDialog"],"fullName":"NativeWorkspaceExplorerDialog keeps async mutations busy, blocks dismissal, and retains errors in the dialog","status":"passed","title":"keeps async mutations busy, blocks dismissal, and retains errors in the dialog","duration":14.763000000000147,"failureMessages":[],"meta":{},"tags":[]}],"startTime":1787430582389,"endTime":1787430582475.763,"status":"passed","message":"","name":"D:/QuickPLS/src/native/NativeWorkspaceExplorer.test.tsx"},{"assertionResults":[{"ancestorTitles":["native workspace explorer tree"],"fullName":"native workspace explorer tree builds a deterministic alphabetical Project > Data / Models / Reports hierarchy","status":"passed","title":"builds a deterministic alphabetical Project > Data / Models / Reports hierarchy","duration":5.955600000000004,"failureMessages":[],"meta":{},"tags":[]},{"ancestorTitles":["native workspace explorer tree"],"fullName":"native workspace explorer tree uses the stable item id when normalized labels compare equally","status":"passed","title":"uses the stable item id when normalized labels compare equally","duration":0.8717999999998938,"failureMessages":[],"meta":{},"tags":[]},{"ancestorTitles":["native workspace explorer tree"],"fullName":"native workspace explorer tree omits descendants of collapsed branches","status":"passed","title":"omits descendants of collapsed branches","duration":0.8373000000001412,"failureMessages":[],"meta":{},"tags":[]},{"ancestorTitles":["native workspace explorer tree"],"fullName":"native workspace explorer tree maps shared explorer selections to stable tree ids and back","status":"passed","title":"maps shared explorer selections to stable tree ids and back","duration":1.4416999999998552,"failureMessages":[],"meta":{},"tags":[]},{"ancestorTitles":["native workspace explorer tree"],"fullName":"native workspace explorer tree generates a normalized non-conflicting default model name","status":"passed","title":"generates a normalized non-conflicting default model name","duration":0.9824000000000979,"failureMessages":[],"meta":{},"tags":[]},{"ancestorTitles":["native workspace explorer keyboard navigation"],"fullName":"native workspace explorer keyboard navigation moves through visible rows with arrows and boundary keys","status":"passed","title":"moves through visible rows with arrows and boundary keys","duration":0.876299999999901,"failureMessages":[],"meta":{},"tags":[]},{"ancestorTitles":["native workspace explorer keyboard navigation"],"fullName":"native workspace explorer keyboard navigation expands, enters, collapses, and returns to a parent using Windows tree semantics","status":"passed","title":"expands, enters, collapses, and returns to a parent using Windows tree semantics","duration":0.7980999999999767,"failureMessages":[],"meta":{},"tags":[]}],"startTime":1787430607415,"endTime":1787430607427.798,"status":"passed","message":"","name":"D:/QuickPLS/src/native/nativeWorkspaceTree.test.ts"},{"assertionResults":[{"ancestorTitles":["PLS Algorithm v1 factory-native contract"],"fullName":"PLS Algorithm v1 factory-native contract serializes the exact deterministic PLS algorithm recipe without inference state","status":"passed","title":"serializes the exact deterministic PLS algorithm recipe without inference state","duration":8.68979999999965,"failureMessages":[],"meta":{},"tags":[]},{"ancestorTitles":["PLS Algorithm v1 factory-native contract"],"fullName":"PLS Algorithm v1 factory-native contract projects accessible point-estimate tables and same-run provenance without inference claims","status":"passed","title":"projects accessible point-estimate tables and same-run provenance without inference claims","duration":25.669000000000324,"failureMessages":[],"meta":{},"tags":[]}],"startTime":1787430593629,"endTime":1787430593663.669,"status":"passed","message":"","name":"D:/QuickPLS/src/native/plsAlgorithmFactory.test.ts"},{"assertionResults":[{"ancestorTitles":["Standard SemModelV4 advanced editor"],"fullName":"Standard SemModelV4 advanced editor renders an accessible Expert fallback with explicit readiness and save-copy guidance","status":"passed","title":"renders an accessible Expert fallback with explicit readiness and save-copy guidance","duration":19.820199999999886,"failureMessages":[],"meta":{},"tags":[]},{"ancestorTitles":["Standard SemModelV4 advanced editor"],"fullName":"Standard SemModelV4 advanced editor strictly parses the full document and requires the active stable model ID","status":"passed","title":"strictly parses the full document and requires the active stable model ID","duration":19.47739999999999,"failureMessages":[],"meta":{},"tags":[]},{"ancestorTitles":["Standard SemModelV4 advanced editor"],"fullName":"Standard SemModelV4 advanced editor dispatches exactly one complete replacement intent and never mutates the parsed document optimistically","status":"passed","title":"dispatches exactly one complete replacement intent and never mutates the parsed document optimistically","duration":5.812599999999975,"failureMessages":[],"meta":{},"tags":[]},{"ancestorTitles":["Standard SemModelV4 advanced editor"],"fullName":"Standard SemModelV4 advanced editor blocks dataset and presentation-owned changes before dispatching a native commit","status":"passed","title":"blocks dataset and presentation-owned changes before dispatching a native commit","duration":15.591599999999971,"failureMessages":[],"meta":{},"tags":[]},{"ancestorTitles":["Standard SemModelV4 advanced editor"],"fullName":"Standard SemModelV4 advanced editor maps committed, blocked, stale, and rejected results to explicit accessible feedback","status":"passed","title":"maps committed, blocked, stale, and rejected results to explicit accessible feedback","duration":1.3612000000000535,"failureMessages":[],"meta":{},"tags":[]}],"startTime":1787430583643,"endTime":1787430583706.361,"status":"passed","message":"","name":"D:/QuickPLS/src/native/StandardSemModelV4AdvancedEditor.test.tsx"}]}