{"numTotalTestSuites":451,"numPassedTestSuites":451,"numFailedTestSuites":0,"numPendingTestSuites":0,"numTotalTests":1680,"numPassedTests":1680,"numFailedTests":0,"numPendingTests":0,"numTodoTests":0,"snapshot":{"added":0,"failure":false,"filesAdded":0,"filesRemoved":0,"filesRemovedList":[],"filesUnmatched":0,"filesUpdated":0,"matched":0,"total":0,"unchecked":0,"uncheckedKeysByFile":[],"unmatched":0,"updated":0,"didUpdate":false},"startTime":1787375839672,"success":true,"testResults":[{"assertionResults":[{"ancestorTitles":["Internal/Labs schema-6 in-memory session store"],"fullName":"Internal/Labs schema-6 in-memory session store activates the full strict-reader snapshot without changing the Standard project","status":"passed","title":"activates the full strict-reader snapshot without changing the Standard project","duration":10.5949999999998,"failureMessages":[],"meta":{},"tags":[]},{"ancestorTitles":["Internal/Labs schema-6 in-memory session store"],"fullName":"Internal/Labs schema-6 in-memory session store reanchors an exact marked archive snapshot and then closes the clean project","status":"passed","title":"reanchors an exact marked archive snapshot and then closes the clean project","duration":23.200399999999718,"failureMessages":[],"meta":{},"tags":[]},{"ancestorTitles":["Internal/Labs schema-6 in-memory session store"],"fullName":"Internal/Labs schema-6 in-memory session store revokes backend draft authority before resolving any marked Standard model","status":"passed","title":"revokes backend draft authority before resolving any marked Standard model","duration":9.659900000000107,"failureMessages":[],"meta":{},"tags":[]},{"ancestorTitles":["Internal/Labs schema-6 in-memory session store"],"fullName":"Internal/Labs schema-6 in-memory session store blocks detached mutation without invoking its executor or changing either authority","status":"passed","title":"blocks detached mutation without invoking its executor or changing either authority","duration":10.808500000000095,"failureMessages":[],"meta":{},"tags":[]},{"ancestorTitles":["Internal/Labs schema-6 in-memory session store"],"fullName":"Internal/Labs schema-6 in-memory session store forks a clean RecipeV4-bound model under a new authority and leaves the recipe unchanged","status":"passed","title":"forks a clean RecipeV4-bound model under a new authority and leaves the recipe unchanged","duration":15.976900000000114,"failureMessages":[],"meta":{},"tags":[]},{"ancestorTitles":["Internal/Labs schema-6 in-memory session store"],"fullName":"Internal/Labs schema-6 in-memory session store does not let an injected mutation executor replace the fail-closed authority diagnostic","status":"passed","title":"does not let an injected mutation executor replace the fail-closed authority diagnostic","duration":1.9588000000003376,"failureMessages":[],"meta":{},"tags":[]},{"ancestorTitles":["Internal/Labs schema-6 in-memory session store"],"fullName":"Internal/Labs schema-6 in-memory session store reanchors the base and current snapshot only after a validated new-copy receipt","status":"passed","title":"reanchors the base and current snapshot only after a validated new-copy receipt","duration":10.195200000000114,"failureMessages":[],"meta":{},"tags":[]},{"ancestorTitles":["Internal/Labs schema-6 in-memory session store"],"fullName":"Internal/Labs schema-6 in-memory session store keeps the activated source and Standard binding unchanged on chooser cancel or collision","status":"passed","title":"keeps the activated source and Standard binding unchanged on chooser cancel or collision","duration":8.102499999999964,"failureMessages":[],"meta":{},"tags":[]},{"ancestorTitles":["Internal/Labs schema-6 in-memory session store"],"fullName":"Internal/Labs schema-6 in-memory session store projects only the bound schema-6 dataset descriptor and blocks Close while Standard remains activated","status":"passed","title":"projects only the bound schema-6 dataset descriptor and blocks Close while Standard remains activated","duration":10.419100000000071,"failureMessages":[],"meta":{},"tags":[]},{"ancestorTitles":["Internal/Labs schema-6 in-memory session store"],"fullName":"Internal/Labs schema-6 in-memory session store blocks marked General SEM model fork and Save copy before any authority or native mutation","status":"passed","title":"blocks marked General SEM model fork and Save copy before any authority or native mutation","duration":9.172999999999774,"failureMessages":[],"meta":{},"tags":[]},{"ancestorTitles":["Internal/Labs schema-6 in-memory session store"],"fullName":"Internal/Labs schema-6 in-memory session store persists and atomically activates one interaction-v2 model-and-Recipe revision without changing the source","status":"passed","title":"persists and atomically activates one interaction-v2 model-and-Recipe revision without changing the source","duration":41.852300000000014,"failureMessages":[],"meta":{},"tags":[]},{"ancestorTitles":["Internal/Labs schema-6 in-memory session store"],"fullName":"Internal/Labs schema-6 in-memory session store closes the clean saved Standard workspace and source binding together","status":"passed","title":"closes the clean saved Standard workspace and source binding together","duration":5.566599999999653,"failureMessages":[],"meta":{},"tags":[]},{"ancestorTitles":["Internal/Labs schema-6 in-memory session store"],"fullName":"Internal/Labs schema-6 in-memory session store ignores a late Standard-activation response after explicit close","status":"passed","title":"ignores a late Standard-activation response after explicit close","duration":1.3710000000000946,"failureMessages":[],"meta":{},"tags":[]},{"ancestorTitles":["Internal/Labs schema-6 in-memory session store"],"fullName":"Internal/Labs schema-6 in-memory session store keeps an existing session active when a replacement is cancelled or blocked","status":"passed","title":"keeps an existing session active when a replacement is cancelled or blocked","duration":1.4636999999997897,"failureMessages":[],"meta":{},"tags":[]},{"ancestorTitles":["Internal/Labs schema-6 in-memory session store"],"fullName":"Internal/Labs schema-6 in-memory session store maps thrown reader failures into a closed fail-safe state","status":"passed","title":"maps thrown reader failures into a closed fail-safe state","duration":1.2055999999997766,"failureMessages":[],"meta":{},"tags":[]},{"ancestorTitles":["Internal/Labs schema-6 in-memory session store"],"fullName":"Internal/Labs schema-6 in-memory session store cannot be reactivated by a late native response after explicit close","status":"passed","title":"cannot be reactivated by a late native response after explicit close","duration":0.9101999999998043,"failureMessages":[],"meta":{},"tags":[]}],"startTime":1787375849085,"endTime":1787375849248.9102,"status":"passed","message":"","name":"D:/QuickPLS/src/internalProjectArchiveV6SessionStore.test.ts"},{"assertionResults":[{"ancestorTitles":["QuickPLS 2.54 Canvas grouped and presentation transactions"],"fullName":"QuickPLS 2.54 Canvas grouped and presentation transactions creates one construct from many indicators as one undoable scientific transaction","status":"passed","title":"creates one construct from many indicators as one undoable scientific transaction","duration":14.391299999999774,"failureMessages":[],"meta":{},"tags":[]},{"ancestorTitles":["QuickPLS 2.54 Canvas grouped and presentation transactions"],"fullName":"QuickPLS 2.54 Canvas grouped and presentation transactions moves an indicator through side, free, and automatic states without changing science","status":"passed","title":"moves an indicator through side, free, and automatic states without changing science","duration":29.144800000000032,"failureMessages":[],"meta":{},"tags":[]},{"ancestorTitles":["QuickPLS 2.54 Canvas grouped and presentation transactions"],"fullName":"QuickPLS 2.54 Canvas grouped and presentation transactions preserves pins and manual overrides during whole-model Arrange and keeps local Align local","status":"passed","title":"preserves pins and manual overrides during whole-model Arrange and keeps local Align local","duration":9.179900000000089,"failureMessages":[],"meta":{},"tags":[]},{"ancestorTitles":["QuickPLS 2.54 Canvas grouped and presentation transactions"],"fullName":"QuickPLS 2.54 Canvas grouped and presentation transactions stores annotations as one undoable presentation transaction without changing science","status":"passed","title":"stores annotations as one undoable presentation transaction without changing science","duration":2.0982999999996537,"failureMessages":[],"meta":{},"tags":[]}],"startTime":1787375862387,"endTime":1787375862442.0984,"status":"passed","message":"","name":"D:/QuickPLS/src/store.canvasPresentationAcceptanceV254.test.ts"},{"assertionResults":[{"ancestorTitles":["General SEM fresh-project draft authority"],"fullName":"General SEM fresh-project draft authority binds only an empty unsaved project with the exact native identity","status":"passed","title":"binds only an empty unsaved project with the exact native identity","duration":4.413900000000012,"failureMessages":[],"meta":{},"tags":[]},{"ancestorTitles":["General SEM fresh-project draft authority"],"fullName":"General SEM fresh-project draft authority rejects identity drift and a populated ordinary project","status":"passed","title":"rejects identity drift and a populated ordinary project","duration":2.567199999999957,"failureMessages":[],"meta":{},"tags":[]},{"ancestorTitles":["General SEM fresh-project draft authority"],"fullName":"General SEM fresh-project draft authority preserves the marker only for an explicitly identity-bound same-project native refresh","status":"passed","title":"preserves the marker only for an explicitly identity-bound same-project native refresh","duration":2.7649999999998727,"failureMessages":[],"meta":{},"tags":[]},{"ancestorTitles":["General SEM fresh-project draft authority"],"fullName":"General SEM fresh-project draft authority preserves the staged marker for the same project identity and clears it on open/load, reset, and close boundaries","status":"passed","title":"preserves the staged marker for the same project identity and clears it on open/load, reset, and close boundaries","duration":4.109300000000076,"failureMessages":[],"meta":{},"tags":[]},{"ancestorTitles":["General SEM fresh-project draft authority"],"fullName":"General SEM fresh-project draft authority exposes a controller-visible publication lock and clears it at destructive reset boundaries","status":"passed","title":"exposes a controller-visible publication lock and clears it at destructive reset boundaries","duration":1.2447000000001935,"failureMessages":[],"meta":{},"tags":[]},{"ancestorTitles":["General SEM fresh-project draft authority"],"fullName":"General SEM fresh-project draft authority authors explicit interaction_v2 terms only inside a fresh General SEM project","status":"passed","title":"authors explicit interaction_v2 terms only inside a fresh General SEM project","duration":3.666200000000117,"failureMessages":[],"meta":{},"tags":[]},{"ancestorTitles":["General SEM fresh-project draft authority"],"fullName":"General SEM fresh-project draft authority keeps active General SEM work globally visible and prevents Labs from disappearing","status":"passed","title":"keeps active General SEM work globally visible and prevents Labs from disappearing","duration":1.3274999999998727,"failureMessages":[],"meta":{},"tags":[]}],"startTime":1787375872645,"endTime":1787375872665.3274,"status":"passed","message":"","name":"D:/QuickPLS/src/store.generalSemProjectDraftMode.test.ts"},{"assertionResults":[{"ancestorTitles":["workspace model edit command gateway v1"],"fullName":"workspace model edit command gateway v1 applies one legacy scientific transaction with stable IDs and exact undo","status":"passed","title":"applies one legacy scientific transaction with stable IDs and exact undo","duration":14.230399999999918,"failureMessages":[],"meta":{},"tags":[]},{"ancestorTitles":["workspace model edit command gateway v1"],"fullName":"workspace model edit command gateway v1 creates and moves one legacy construct through undoable gateway transactions","status":"passed","title":"creates and moves one legacy construct through undoable gateway transactions","duration":4.491799999999785,"failureMessages":[],"meta":{},"tags":[]},{"ancestorTitles":["workspace model edit command gateway v1"],"fullName":"workspace model edit command gateway v1 keeps path route and label edits presentation-only","status":"passed","title":"keeps path route and label edits presentation-only","duration":2.136800000000221,"failureMessages":[],"meta":{},"tags":[]},{"ancestorTitles":["workspace model edit command gateway v1"],"fullName":"workspace model edit command gateway v1 persists editable polyline bends as one presentation transaction and restores them through undo","status":"passed","title":"persists editable polyline bends as one presentation transaction and restores them through undo","duration":2.390899999999874,"failureMessages":[],"meta":{},"tags":[]},{"ancestorTitles":["workspace model edit command gateway v1"],"fullName":"workspace model edit command gateway v1 stores moderation anchor movement only in presentation metadata","status":"passed","title":"stores moderation anchor movement only in presentation metadata","duration":1.599500000000262,"failureMessages":[],"meta":{},"tags":[]},{"ancestorTitles":["workspace model edit command gateway v1"],"fullName":"workspace model edit command gateway v1 moves legacy indicators atomically and keeps unrelated presentation metadata","status":"passed","title":"moves legacy indicators atomically and keeps unrelated presentation metadata","duration":2.1269999999999527,"failureMessages":[],"meta":{},"tags":[]},{"ancestorTitles":["workspace model edit command gateway v1"],"fullName":"workspace model edit command gateway v1 preserves pinned constructs and every unrelated manual override during Arrange","status":"passed","title":"preserves pinned constructs and every unrelated manual override during Arrange","duration":5.387700000000223,"failureMessages":[],"meta":{},"tags":[]},{"ancestorTitles":["workspace model edit command gateway v1"],"fullName":"workspace model edit command gateway v1 routes strict scientific edits through CAS and maps revision locks to an explicit correction","status":"passed","title":"routes strict scientific edits through CAS and maps revision locks to an explicit correction","duration":46.88619999999992,"failureMessages":[],"meta":{},"tags":[]}],"startTime":1787375855626,"endTime":1787375855705.8862,"status":"passed","message":"","name":"D:/QuickPLS/src/store.modelEditCommandGatewayV1.test.ts"},{"assertionResults":[{"ancestorTitles":["SemModelV4 parameter metadata in the live store"],"fullName":"SemModelV4 parameter metadata in the live store applies a factor identification and latent mean atomically with deterministic undo and redo","status":"passed","title":"applies a factor identification and latent mean atomically with deterministic undo and redo","duration":7.229100000000017,"failureMessages":[],"meta":{},"tags":[]},{"ancestorTitles":["SemModelV4 parameter metadata in the live store"],"fullName":"SemModelV4 parameter metadata in the live store preserves stable construct and relationship parameter IDs through undo and JSON reopen","status":"passed","title":"preserves stable construct and relationship parameter IDs through undo and JSON reopen","duration":4.162200000000212,"failureMessages":[],"meta":{},"tags":[]}],"startTime":1787375878335,"endTime":1787375878346.162,"status":"passed","message":"","name":"D:/QuickPLS/src/store.semModelV4ParameterAuthoring.test.ts"},{"assertionResults":[{"ancestorTitles":["Standard SemModelV4 store authority"],"fullName":"Standard SemModelV4 store authority keeps graph values projection-only and exposes hard blockers for legacy consumers","status":"passed","title":"keeps graph values projection-only and exposes hard blockers for legacy consumers","duration":61.21329999999989,"failureMessages":[],"meta":{},"tags":[]},{"ancestorTitles":["Standard SemModelV4 store authority"],"fullName":"Standard SemModelV4 store authority activates descriptor-only schema-6 data and keeps multiple strict models switchable without legacy science","status":"passed","title":"activates descriptor-only schema-6 data and keeps multiple strict models switchable without legacy science","duration":24.952499999999873,"failureMessages":[],"meta":{},"tags":[]},{"ancestorTitles":["Standard SemModelV4 store authority"],"fullName":"Standard SemModelV4 store authority locks a bound source, then appends an unlocked new-identity authority","status":"passed","title":"locks a bound source, then appends an unlocked new-identity authority","duration":27.213999999999942,"failureMessages":[],"meta":{},"tags":[]},{"ancestorTitles":["Standard SemModelV4 store authority"],"fullName":"Standard SemModelV4 store authority serializes per-model commits FIFO and advances each CAS from the committed document digest","status":"passed","title":"serializes per-model commits FIFO and advances each CAS from the committed document digest","duration":89.58910000000014,"failureMessages":[],"meta":{},"tags":[]},{"ancestorTitles":["Standard SemModelV4 store authority"],"fullName":"Standard SemModelV4 store authority marks a parameter-only authority edit dirty even when its graph projection is unchanged, then reanchors it","status":"passed","title":"marks a parameter-only authority edit dirty even when its graph projection is unchanged, then reanchors it","duration":7.9164999999998145,"failureMessages":[],"meta":{},"tags":[]},{"ancestorTitles":["Standard SemModelV4 store authority"],"fullName":"Standard SemModelV4 store authority leaves authority and projection unchanged on native blocking or rejection","status":"passed","title":"leaves authority and projection unchanged on native blocking or rejection","duration":6.494999999999891,"failureMessages":[],"meta":{},"tags":[]},{"ancestorTitles":["Standard SemModelV4 store authority"],"fullName":"Standard SemModelV4 store authority invalidates a late CAS on model switch and never serializes a strict projection as legacy science","status":"passed","title":"invalidates a late CAS on model switch and never serializes a strict projection as legacy science","duration":75.25849999999991,"failureMessages":[],"meta":{},"tags":[]}],"startTime":1787375847323,"endTime":1787375847617.2585,"status":"passed","message":"","name":"D:/QuickPLS/src/store.standardSemModelV4Authority.test.ts"},{"assertionResults":[{"ancestorTitles":["model editor state"],"fullName":"model editor state keeps promoted extended PLS methods visible in the desktop catalog","status":"passed","title":"keeps promoted extended PLS methods visible in the desktop catalog","duration":9.209200000000237,"failureMessages":[],"meta":{},"tags":[]},{"ancestorTitles":["model editor state"],"fullName":"model editor state supports undo and redo for construct creation","status":"passed","title":"supports undo and redo for construct creation","duration":4.328300000000127,"failureMessages":[],"meta":{},"tags":[]},{"ancestorTitles":["model editor state"],"fullName":"model editor state starts with a pure model diagram and no pre-run result values","status":"passed","title":"starts with a pure model diagram and no pre-run result values","duration":0.6938000000000102,"failureMessages":[],"meta":{},"tags":[]},{"ancestorTitles":["model editor state"],"fullName":"model editor state caps transient desktop notifications so they cannot obscure the workbench","status":"passed","title":"caps transient desktop notifications so they cannot obscure the workbench","duration":4.553899999999885,"failureMessages":[],"meta":{},"tags":[]},{"ancestorTitles":["model editor state"],"fullName":"model editor state keeps SEM explorer UI preferences separate from numerical history","status":"passed","title":"keeps SEM explorer UI preferences separate from numerical history","duration":1.5839000000000851,"failureMessages":[],"meta":{},"tags":[]},{"ancestorTitles":["model editor state"],"fullName":"model editor state switches models atomically while retaining each model graph and presentation","status":"passed","title":"switches models atomically while retaining each model graph and presentation","duration":26.715500000000247,"failureMessages":[],"meta":{},"tags":[]},{"ancestorTitles":["model editor state"],"fullName":"model editor state prevents self paths and duplicate directed paths","status":"passed","title":"prevents self paths and duplicate directed paths","duration":1.5043000000000575,"failureMessages":[],"meta":{},"tags":[]},{"ancestorTitles":["model editor state"],"fullName":"model editor state moves an indicator when it is assigned to another construct","status":"passed","title":"moves an indicator when it is assigned to another construct","duration":2.029199999999946,"failureMessages":[],"meta":{},"tags":[]},{"ancestorTitles":["model editor state"],"fullName":"model editor state does not assign manifest indicators to generated higher-order blocks","status":"passed","title":"does not assign manifest indicators to generated higher-order blocks","duration":2.4680999999995947,"failureMessages":[],"meta":{},"tags":[]},{"ancestorTitles":["model editor state"],"fullName":"model editor state keeps the configured grouping variable out of every indicator assignment path","status":"passed","title":"keeps the configured grouping variable out of every indicator assignment path","duration":3.1481999999996333,"failureMessages":[],"meta":{},"tags":[]},{"ancestorTitles":["model editor state"],"fullName":"model editor state creates a construct from dropped indicators without duplicate ownership","status":"passed","title":"creates a construct from dropped indicators without duplicate ownership","duration":1.0122999999998683,"failureMessages":[],"meta":{},"tags":[]},{"ancestorTitles":["model editor state"],"fullName":"model editor state nudges dropped constructs to the nearest open space instead of overlapping the model","status":"passed","title":"nudges dropped constructs to the nearest open space instead of overlapping the model","duration":0.6345999999998639,"failureMessages":[],"meta":{},"tags":[]},{"ancestorTitles":["model editor state"],"fullName":"model editor state creates separate single-item constructs from selected variables in one undo step","status":"passed","title":"creates separate single-item constructs from selected variables in one undo step","duration":2.3740999999999985,"failureMessages":[],"meta":{},"tags":[]},{"ancestorTitles":["model editor state"],"fullName":"model editor state creates grouped constructs by indicator prefix in one undo step","status":"passed","title":"creates grouped constructs by indicator prefix in one undo step","duration":2.3713000000002467,"failureMessages":[],"meta":{},"tags":[]},{"ancestorTitles":["model editor state"],"fullName":"model editor state draws a path from the explicit path tool action","status":"passed","title":"draws a path from the explicit path tool action","duration":1.718499999999949,"failureMessages":[],"meta":{},"tags":[]},{"ancestorTitles":["model editor state"],"fullName":"model editor state creates a two-stage moderating effect atomically and rejects only an exact duplicate","status":"passed","title":"creates a two-stage moderating effect atomically and rejects only an exact duplicate","duration":8.34840000000031,"failureMessages":[],"meta":{},"tags":[]},{"ancestorTitles":["model editor state"],"fullName":"model editor state authors distinct interactions on the same and different focal paths","status":"passed","title":"authors distinct interactions on the same and different focal paths","duration":2.5021999999999025,"failureMessages":[],"meta":{},"tags":[]},{"ancestorTitles":["model editor state"],"fullName":"model editor state uses deterministic unique ids when distinct interaction identities sanitize to the same base","status":"passed","title":"uses deterministic unique ids when distinct interaction identities sanitize to the same base","duration":1.6770000000001346,"failureMessages":[],"meta":{},"tags":[]},{"ancestorTitles":["model editor state"],"fullName":"model editor state keeps multi-interaction create, deletion, undo, and redo atomic with stable ids","status":"passed","title":"keeps multi-interaction create, deletion, undo, and redo atomic with stable ids","duration":3.2170000000000982,"failureMessages":[],"meta":{},"tags":[]},{"ancestorTitles":["model editor state"],"fullName":"model editor state requires a focal structural path and does not assign manifest indicators to generated interactions","status":"passed","title":"requires a focal structural path and does not assign manifest indicators to generated interactions","duration":1.4677000000001499,"failureMessages":[],"meta":{},"tags":[]},{"ancestorTitles":["model editor state"],"fullName":"model editor state returns a truthful blocker instead of creating moderation around control paths","status":"passed","title":"returns a truthful blocker instead of creating moderation around control paths","duration":1.013600000000224,"failureMessages":[],"meta":{},"tags":[]},{"ancestorTitles":["model editor state"],"fullName":"model editor state protects required moderation relationships and cascades interaction removal","status":"passed","title":"protects required moderation relationships and cascades interaction removal","duration":3.2122000000003936,"failureMessages":[],"meta":{},"tags":[]},{"ancestorTitles":["model editor state"],"fullName":"model editor state cascades a strong three-way interaction when a required lower-order term is removed and restores both atomically","status":"passed","title":"cascades a strong three-way interaction when a required lower-order term is removed and restores both atomically","duration":2.0570999999999913,"failureMessages":[],"meta":{},"tags":[]},{"ancestorTitles":["model editor state"],"fullName":"model editor state keeps generated interaction semantics and required endpoints immutable in the store","status":"passed","title":"keeps generated interaction semantics and required endpoints immutable in the store","duration":1.486199999999826,"failureMessages":[],"meta":{},"tags":[]},{"ancestorTitles":["model editor state"],"fullName":"model editor state keeps a stable edge id when a path endpoint is reconnected","status":"passed","title":"keeps a stable edge id when a path endpoint is reconnected","duration":1.2045000000002801,"failureMessages":[],"meta":{},"tags":[]},{"ancestorTitles":["model editor state"],"fullName":"model editor state updates selected path routing and keeps the change undoable","status":"passed","title":"updates selected path routing and keeps the change undoable","duration":1.6970000000001164,"failureMessages":[],"meta":{},"tags":[]},{"ancestorTitles":["model editor state"],"fullName":"model editor state marks a path as a control with undoable edge metadata","status":"passed","title":"marks a path as a control with undoable edge metadata","duration":0.9104999999999563,"failureMessages":[],"meta":{},"tags":[]},{"ancestorTitles":["model editor state"],"fullName":"model editor state marks a construct as higher-order with undoable metadata","status":"passed","title":"marks a construct as higher-order with undoable metadata","duration":0.8885999999997694,"failureMessages":[],"meta":{},"tags":[]},{"ancestorTitles":["model editor state"],"fullName":"model editor state creates one bounded two-stage HOC atomically, locks generated semantics, and cascades component deletion","status":"passed","title":"creates one bounded two-stage HOC atomically, locks generated semantics, and cascades component deletion","duration":6.087399999999889,"failureMessages":[],"meta":{},"tags":[]},{"ancestorTitles":["model editor state"],"fullName":"model editor state does not reverse a path when the opposite directed path already exists","status":"passed","title":"does not reverse a path when the opposite directed path already exists","duration":1.3054999999999382,"failureMessages":[],"meta":{},"tags":[]},{"ancestorTitles":["model editor state"],"fullName":"model editor state rejects non-dataset indicators from external drop payloads","status":"passed","title":"rejects non-dataset indicators from external drop payloads","duration":0.7468000000003485,"failureMessages":[],"meta":{},"tags":[]},{"ancestorTitles":["model editor state"],"fullName":"model editor state normalizes permutation samples to disabled or the supported range","status":"passed","title":"normalizes permutation samples to disabled or the supported range","duration":1.0702000000001135,"failureMessages":[],"meta":{},"tags":[]},{"ancestorTitles":["model editor state"],"fullName":"model editor state normalizes the bounded joint MICOM and permutation-MGA settings","status":"passed","title":"normalizes the bounded joint MICOM and permutation-MGA settings","duration":1.2436999999999898,"failureMessages":[],"meta":{},"tags":[]},{"ancestorTitles":["model editor state"],"fullName":"model editor state applies the MICOM preset without restoring the archived combined MGA workflow","status":"passed","title":"applies the MICOM preset without restoring the archived combined MGA workflow","duration":1.0234000000000378,"failureMessages":[],"meta":{},"tags":[]},{"ancestorTitles":["model editor state"],"fullName":"model editor state normalizes studentized bootstrap to qualified odd inner counts","status":"passed","title":"normalizes studentized bootstrap to qualified odd inner counts","duration":1.0435999999999694,"failureMessages":[],"meta":{},"tags":[]},{"ancestorTitles":["model editor state"],"fullName":"model editor state persists supported method settings and normalizes unknown method ids","status":"passed","title":"persists supported method settings and normalizes unknown method ids","duration":1.3530000000000655,"failureMessages":[],"meta":{},"tags":[]},{"ancestorTitles":["model editor state"],"fullName":"model editor state preserves every bounded prospective power setting through updates and project hydration","status":"passed","title":"preserves every bounded prospective power setting through updates and project hydration","duration":0.9250999999999294,"failureMessages":[],"meta":{},"tags":[]},{"ancestorTitles":["model editor state"],"fullName":"model editor state keeps diagram estimates explicit and clears them on project load","status":"passed","title":"keeps diagram estimates explicit and clears them on project load","duration":1.1829999999999927,"failureMessages":[],"meta":{},"tags":[]},{"ancestorTitles":["model editor state"],"fullName":"model editor state creates a scientific covariance explicitly, prevents duplicates, and keeps conversion undoable","status":"passed","title":"creates a scientific covariance explicitly, prevents duplicates, and keeps conversion undoable","duration":2.743199999999888,"failureMessages":[],"meta":{},"tags":[]},{"ancestorTitles":["model editor state"],"fullName":"model editor state preserves covariance authoring intent through project reopen without upgrading legacy arcs","status":"passed","title":"preserves covariance authoring intent through project reopen without upgrading legacy arcs","duration":2.03229999999985,"failureMessages":[],"meta":{},"tags":[]},{"ancestorTitles":["model editor state"],"fullName":"model editor state stores an explicit construct representation without deriving it from measurement mode","status":"passed","title":"stores an explicit construct representation without deriving it from measurement mode","duration":2.2715000000002874,"failureMessages":[],"meta":{},"tags":[]},{"ancestorTitles":["model editor state"],"fullName":"model editor state loads legacy projects with SEM diagram defaults","status":"passed","title":"loads legacy projects with SEM diagram defaults","duration":1.7613000000001193,"failureMessages":[],"meta":{},"tags":[]},{"ancestorTitles":["model editor state"],"fullName":"model editor state persists the explicit regression-bootstrap setup flag","status":"passed","title":"persists the explicit regression-bootstrap setup flag","duration":1.000800000000254,"failureMessages":[],"meta":{},"tags":[]},{"ancestorTitles":["model editor state"],"fullName":"model editor state persists toolbar view preferences without changing the engine model","status":"passed","title":"persists toolbar view preferences without changing the engine model","duration":1.7590000000000146,"failureMessages":[],"meta":{},"tags":[]},{"ancestorTitles":["model editor state"],"fullName":"model editor state persists and resets indicator layout independently from the engine model","status":"passed","title":"persists and resets indicator layout independently from the engine model","duration":2.331800000000385,"failureMessages":[],"meta":{},"tags":[]},{"ancestorTitles":["model editor state"],"fullName":"model editor state places all construct indicators on one side without changing the engine model","status":"passed","title":"places all construct indicators on one side without changing the engine model","duration":1.7591000000002168,"failureMessages":[],"meta":{},"tags":[]},{"ancestorTitles":["model editor state"],"fullName":"model editor state aligns selected constructs and supports undo","status":"passed","title":"aligns selected constructs and supports undo","duration":1.9011000000000422,"failureMessages":[],"meta":{},"tags":[]},{"ancestorTitles":["model editor state"],"fullName":"model editor state distributes selected constructs evenly by center point","status":"passed","title":"distributes selected constructs evenly by center point","duration":1.3859000000002197,"failureMessages":[],"meta":{},"tags":[]},{"ancestorTitles":["model editor state"],"fullName":"model editor state persists edge label offsets and supports reset with undo","status":"passed","title":"persists edge label offsets and supports reset with undo","duration":1.5034999999998035,"failureMessages":[],"meta":{},"tags":[]}],"startTime":1787375851371,"endTime":1787375851503.5034,"status":"passed","message":"","name":"D:/QuickPLS/src/store.test.ts"},{"assertionResults":[{"ancestorTitles":["desktop accessibility contracts"],"fullName":"desktop accessibility contracts keeps large table surfaces keyboard-focusable and named","status":"passed","title":"keeps large table surfaces keyboard-focusable and named","duration":17.657500000000027,"failureMessages":[],"meta":{},"tags":[]},{"ancestorTitles":["desktop accessibility contracts"],"fullName":"desktop accessibility contracts uses visible table focus treatment and avoids R-squared mojibake","status":"passed","title":"uses visible table focus treatment and avoids R-squared mojibake","duration":12.939300000000003,"failureMessages":[],"meta":{},"tags":[]},{"ancestorTitles":["desktop accessibility contracts"],"fullName":"desktop accessibility contracts keeps model commands in the native shell instead of duplicating them inside the canvas","status":"passed","title":"keeps model commands in the native shell instead of duplicating them inside the canvas","duration":33.71179999999981,"failureMessages":[],"meta":{},"tags":[]},{"ancestorTitles":["desktop accessibility contracts"],"fullName":"desktop accessibility contracts keeps a persistent desktop readiness checklist in the status bar","status":"passed","title":"keeps a persistent desktop readiness checklist in the status bar","duration":10.544100000000071,"failureMessages":[],"meta":{},"tags":[]}],"startTime":1787375856441,"endTime":1787375856515.5442,"status":"passed","message":"","name":"D:/QuickPLS/src/components/accessibilityContracts.test.ts"},{"assertionResults":[{"ancestorTitles":["canonical run comparison UI v2"],"fullName":"canonical run comparison UI v2 shows loading feedback without rendering side-by-side values","status":"passed","title":"shows loading feedback without rendering side-by-side values","duration":14.94549999999981,"failureMessages":[],"meta":{},"tags":[]},{"ancestorTitles":["canonical run comparison UI v2"],"fullName":"canonical run comparison UI v2 shows the exact compatibility title and corrective message, with no deltas","status":"passed","title":"shows the exact compatibility title and corrective message, with no deltas","duration":5.237099999999373,"failureMessages":[],"meta":{},"tags":[]},{"ancestorTitles":["canonical run comparison UI v2"],"fullName":"canonical run comparison UI v2 renders canonical typed rows only for a ready comparison","status":"passed","title":"renders canonical typed rows only for a ready comparison","duration":10.773299999999836,"failureMessages":[],"meta":{},"tags":[]}],"startTime":1787375870678,"endTime":1787375870708.7732,"status":"passed","message":"","name":"D:/QuickPLS/src/components/canonicalRunComparisonUiV2.test.tsx"},{"assertionResults":[{"ancestorTitles":["ConstructNode higher-order presentation"],"fullName":"ConstructNode higher-order presentation keeps HOC nodes to their label and compact marker without exposing implementation text","status":"passed","title":"keeps HOC nodes to their label and compact marker without exposing implementation text","duration":10.072099999999978,"failureMessages":[],"meta":{},"tags":[]}],"startTime":1787375879431,"endTime":1787375879441.072,"status":"passed","message":"","name":"D:/QuickPLS/src/components/ConstructNode.presentation.test.ts"},{"assertionResults":[{"ancestorTitles":["DataWorkspace immutable transformation gate"],"fullName":"DataWorkspace immutable transformation gate routes all five legacy mutators through the version gate and exposes an accessible status","status":"passed","title":"routes all five legacy mutators through the version gate and exposes an accessible status","duration":6.558999999999969,"failureMessages":[],"meta":{},"tags":[]},{"ancestorTitles":["DataWorkspace immutable transformation gate"],"fullName":"DataWorkspace immutable transformation gate sorts a copied presentation index stably while retaining source row order and identity","status":"passed","title":"sorts a copied presentation index stably while retaining source row order and identity","duration":2.8840999999999894,"failureMessages":[],"meta":{},"tags":[]},{"ancestorTitles":["DataWorkspace immutable transformation gate"],"fullName":"DataWorkspace immutable transformation gate returns a view-only sort instruction without invoking dataset or version services","status":"passed","title":"returns a view-only sort instruction without invoking dataset or version services","duration":3.0569000000000415,"failureMessages":[],"meta":{},"tags":[]},{"ancestorTitles":["DataWorkspace immutable transformation gate"],"fullName":"DataWorkspace immutable transformation gate blocks preview sorting when no real dataset column is selected","status":"passed","title":"blocks preview sorting when no real dataset column is selected","duration":1.4113999999999578,"failureMessages":[],"meta":{},"tags":[]},{"ancestorTitles":["DataWorkspace immutable transformation gate"],"fullName":"DataWorkspace immutable transformation gate creates and activates a distinct native recode version with provenance without changing source rows","status":"passed","title":"creates and activates a distinct native recode version with provenance without changing source rows","duration":3.067199999999957,"failureMessages":[],"meta":{},"tags":[]},{"ancestorTitles":["DataWorkspace immutable transformation gate"],"fullName":"DataWorkspace immutable transformation gate fails closed in browser preview and never calls or commits the native recode service","status":"passed","title":"fails closed in browser preview and never calls or commits the native recode service","duration":1.1243999999999232,"failureMessages":[],"meta":{},"tags":[]},{"ancestorTitles":["DataWorkspace immutable transformation gate"],"fullName":"DataWorkspace immutable transformation gate fails closed for browser 'add-column' mutations and leaves the source exact","status":"passed","title":"fails closed for browser 'add-column' mutations and leaves the source exact","duration":1.0936999999998989,"failureMessages":[],"meta":{},"tags":[]},{"ancestorTitles":["DataWorkspace immutable transformation gate"],"fullName":"DataWorkspace immutable transformation gate fails closed for browser 'missing-values' mutations and leaves the source exact","status":"passed","title":"fails closed for browser 'missing-values' mutations and leaves the source exact","duration":0.7195999999999003,"failureMessages":[],"meta":{},"tags":[]},{"ancestorTitles":["DataWorkspace immutable transformation gate"],"fullName":"DataWorkspace immutable transformation gate fails closed for browser 'z-score' mutations and leaves the source exact","status":"passed","title":"fails closed for browser 'z-score' mutations and leaves the source exact","duration":1.0640000000000782,"failureMessages":[],"meta":{},"tags":[]},{"ancestorTitles":["DataWorkspace immutable transformation gate"],"fullName":"DataWorkspace immutable transformation gate fails closed for browser 'reverse-scale' mutations and leaves the source exact","status":"passed","title":"fails closed for browser 'reverse-scale' mutations and leaves the source exact","duration":0.8839000000000397,"failureMessages":[],"meta":{},"tags":[]},{"ancestorTitles":["DataWorkspace immutable transformation gate"],"fullName":"DataWorkspace immutable transformation gate fails closed for browser 'arithmetic' mutations and leaves the source exact","status":"passed","title":"fails closed for browser 'arithmetic' mutations and leaves the source exact","duration":0.9348999999999705,"failureMessages":[],"meta":{},"tags":[]},{"ancestorTitles":["DataWorkspace immutable transformation gate"],"fullName":"DataWorkspace immutable transformation gate fails closed for browser 'row-aggregate' mutations and leaves the source exact","status":"passed","title":"fails closed for browser 'row-aggregate' mutations and leaves the source exact","duration":0.7129999999999654,"failureMessages":[],"meta":{},"tags":[]},{"ancestorTitles":["DataWorkspace immutable transformation gate"],"fullName":"DataWorkspace immutable transformation gate fails closed for browser 'dummy' mutations and leaves the source exact","status":"passed","title":"fails closed for browser 'dummy' mutations and leaves the source exact","duration":0.8362999999999374,"failureMessages":[],"meta":{},"tags":[]},{"ancestorTitles":["DataWorkspace immutable transformation gate"],"fullName":"DataWorkspace immutable transformation gate fails closed for browser 'group-values' mutations and leaves the source exact","status":"passed","title":"fails closed for browser 'group-values' mutations and leaves the source exact","duration":0.875400000000127,"failureMessages":[],"meta":{},"tags":[]},{"ancestorTitles":["DataWorkspace immutable transformation gate"],"fullName":"DataWorkspace immutable transformation gate adds one constant column through one immutable native transformation","status":"passed","title":"adds one constant column through one immutable native transformation","duration":22.369700000000194,"failureMessages":[],"meta":{},"tags":[]},{"ancestorTitles":["DataWorkspace immutable transformation gate"],"fullName":"DataWorkspace immutable transformation gate routes 'reverse scale' through exactly one generic native transformation and one validated commit","status":"passed","title":"routes 'reverse scale' through exactly one generic native transformation and one validated commit","duration":4.357600000000048,"failureMessages":[],"meta":{},"tags":[]},{"ancestorTitles":["DataWorkspace immutable transformation gate"],"fullName":"DataWorkspace immutable transformation gate routes 'addition' through exactly one generic native transformation and one validated commit","status":"passed","title":"routes 'addition' through exactly one generic native transformation and one validated commit","duration":1.2249000000001615,"failureMessages":[],"meta":{},"tags":[]},{"ancestorTitles":["DataWorkspace immutable transformation gate"],"fullName":"DataWorkspace immutable transformation gate routes 'multiplication' through exactly one generic native transformation and one validated commit","status":"passed","title":"routes 'multiplication' through exactly one generic native transformation and one validated commit","duration":1.3939000000000306,"failureMessages":[],"meta":{},"tags":[]},{"ancestorTitles":["DataWorkspace immutable transformation gate"],"fullName":"DataWorkspace immutable transformation gate routes 'division' through exactly one generic native transformation and one validated commit","status":"passed","title":"routes 'division' through exactly one generic native transformation and one validated commit","duration":1.1025999999999385,"failureMessages":[],"meta":{},"tags":[]},{"ancestorTitles":["DataWorkspace immutable transformation gate"],"fullName":"DataWorkspace immutable transformation gate routes 'row sum' through exactly one generic native transformation and one validated commit","status":"passed","title":"routes 'row sum' through exactly one generic native transformation and one validated commit","duration":1.1109000000001288,"failureMessages":[],"meta":{},"tags":[]},{"ancestorTitles":["DataWorkspace immutable transformation gate"],"fullName":"DataWorkspace immutable transformation gate routes 'available-case average' through exactly one generic native transformation and one validated commit","status":"passed","title":"routes 'available-case average' through exactly one generic native transformation and one validated commit","duration":1.5226000000000113,"failureMessages":[],"meta":{},"tags":[]},{"ancestorTitles":["DataWorkspace immutable transformation gate"],"fullName":"DataWorkspace immutable transformation gate routes 'dummy' through exactly one generic native transformation and one validated commit","status":"passed","title":"routes 'dummy' through exactly one generic native transformation and one validated commit","duration":0.8055000000001655,"failureMessages":[],"meta":{},"tags":[]},{"ancestorTitles":["DataWorkspace immutable transformation gate"],"fullName":"DataWorkspace immutable transformation gate routes 'value groups' through exactly one generic native transformation and one validated commit","status":"passed","title":"routes 'value groups' through exactly one generic native transformation and one validated commit","duration":1.3947000000000571,"failureMessages":[],"meta":{},"tags":[]},{"ancestorTitles":["DataWorkspace immutable transformation gate"],"fullName":"DataWorkspace immutable transformation gate rejects an in-place or provenance-free recode response before store activation","status":"passed","title":"rejects an in-place or provenance-free recode response before store activation","duration":3.344100000000026,"failureMessages":[],"meta":{},"tags":[]},{"ancestorTitles":["DataWorkspace immutable transformation gate"],"fullName":"DataWorkspace immutable transformation gate creates a single-column missing-cleaned dataset through the native transformation service","status":"passed","title":"creates a single-column missing-cleaned dataset through the native transformation service","duration":2.2711000000001604,"failureMessages":[],"meta":{},"tags":[]},{"ancestorTitles":["DataWorkspace immutable transformation gate"],"fullName":"DataWorkspace immutable transformation gate cleans all columns atomically in one child and one commit with exact multi-output lineage","status":"passed","title":"cleans all columns atomically in one child and one commit with exact multi-output lineage","duration":1.4489000000000942,"failureMessages":[],"meta":{},"tags":[]},{"ancestorTitles":["DataWorkspace immutable transformation gate"],"fullName":"DataWorkspace immutable transformation gate creates one atomic standardized child dataset with an explicit sample denominator","status":"passed","title":"creates one atomic standardized child dataset with an explicit sample denominator","duration":1.5091999999999643,"failureMessages":[],"meta":{},"tags":[]},{"ancestorTitles":["DataWorkspace immutable transformation gate"],"fullName":"DataWorkspace immutable transformation gate keeps standardization unavailable in browser preview without calling the native service","status":"passed","title":"keeps standardization unavailable in browser preview without calling the native service","duration":0.5797000000000025,"failureMessages":[],"meta":{},"tags":[]},{"ancestorTitles":["DataWorkspace immutable transformation gate"],"fullName":"DataWorkspace immutable transformation gate rejects a transform response whose lineage does not bind the new dataset","status":"passed","title":"rejects a transform response whose lineage does not bind the new dataset","duration":0.8338000000001102,"failureMessages":[],"meta":{},"tags":[]}],"startTime":1787375854942,"endTime":1787375855013.8337,"status":"passed","message":"","name":"D:/QuickPLS/src/components/dataWorkspaceVersionedActions.test.ts"},{"assertionResults":[{"ancestorTitles":["GroupsWorkspace segmentation claim boundaries"],"fullName":"GroupsWorkspace segmentation claim boundaries labels FIMIX-style output as an Experimental non-EM diagnostic","status":"passed","title":"labels FIMIX-style output as an Experimental non-EM diagnostic","duration":23.839899999999943,"failureMessages":[],"meta":{},"tags":[]},{"ancestorTitles":["GroupsWorkspace segmentation claim boundaries"],"fullName":"GroupsWorkspace segmentation claim boundaries labels PLS-POS-style output as an Experimental diagnostic","status":"passed","title":"labels PLS-POS-style output as an Experimental diagnostic","duration":3.929399999999987,"failureMessages":[],"meta":{},"tags":[]}],"startTime":1787375870679,"endTime":1787375870706.9294,"status":"passed","message":"","name":"D:/QuickPLS/src/components/GroupsWorkspace.test.tsx"},{"assertionResults":[{"ancestorTitles":["Internal/Labs schema-6 archive inspector"],"fullName":"Internal/Labs schema-6 archive inspector fails closed unless the existing Experimental Labs preference is enabled","status":"passed","title":"fails closed unless the existing Experimental Labs preference is enabled","duration":12.334100000000035,"failureMessages":[],"meta":{},"tags":[]},{"ancestorTitles":["Internal/Labs schema-6 archive inspector"],"fullName":"Internal/Labs schema-6 archive inspector renders the workflow when the caller supplies the enabled Labs preference","status":"passed","title":"renders the workflow when the caller supplies the enabled Labs preference","duration":17.037599999999884,"failureMessages":[],"meta":{},"tags":[]},{"ancestorTitles":["Internal/Labs schema-6 archive inspector"],"fullName":"Internal/Labs schema-6 archive inspector renders a labelled native path workflow and explicit non-activation limits","status":"passed","title":"renders a labelled native path workflow and explicit non-activation limits","duration":4.426200000000108,"failureMessages":[],"meta":{},"tags":[]},{"ancestorTitles":["Internal/Labs schema-6 archive inspector"],"fullName":"Internal/Labs schema-6 archive inspector disables native controls and explains the missing desktop boundary","status":"passed","title":"disables native controls and explains the missing desktop boundary","duration":3.8364999999998872,"failureMessages":[],"meta":{},"tags":[]},{"ancestorTitles":["Internal/Labs schema-6 archive inspector"],"fullName":"Internal/Labs schema-6 archive inspector announces loading and errors while keeping the path controls unavailable","status":"passed","title":"announces loading and errors while keeping the path controls unavailable","duration":7.669199999999819,"failureMessages":[],"meta":{},"tags":[]},{"ancestorTitles":["Internal/Labs schema-6 archive inspector"],"fullName":"Internal/Labs schema-6 archive inspector shows verified identity and every exact dataset, model, recipe, and result count","status":"passed","title":"shows verified identity and every exact dataset, model, recipe, and result count","duration":31.406200000000126,"failureMessages":[],"meta":{},"tags":[]},{"ancestorTitles":["Internal/Labs schema-6 archive inspector"],"fullName":"Internal/Labs schema-6 archive inspector maps cancellation, strict-reader blocks, success, and thrown boundary errors into terminal UI actions","status":"passed","title":"maps cancellation, strict-reader blocks, success, and thrown boundary errors into terminal UI actions","duration":5.076199999999972,"failureMessages":[],"meta":{},"tags":[]}],"startTime":1787375855067,"endTime":1787375855149.0762,"status":"passed","message":"","name":"D:/QuickPLS/src/components/InternalProjectArchiveV6Inspector.test.tsx"},{"assertionResults":[{"ancestorTitles":["Internal/Labs schema-6 ephemeral model-authority editor"],"fullName":"Internal/Labs schema-6 ephemeral model-authority editor uses the existing strict SemModelV4 draft decoder after JSON parsing","status":"passed","title":"uses the existing strict SemModelV4 draft decoder after JSON parsing","duration":8.376800000000003,"failureMessages":[],"meta":{},"tags":[]},{"ancestorTitles":["Internal/Labs schema-6 ephemeral model-authority editor"],"fullName":"Internal/Labs schema-6 ephemeral model-authority editor builds insert and replace requests using exact decoded JSON and current draft CAS","status":"passed","title":"builds insert and replace requests using exact decoded JSON and current draft CAS","duration":8.684900000000198,"failureMessages":[],"meta":{},"tags":[]},{"ancestorTitles":["Internal/Labs schema-6 ephemeral model-authority editor"],"fullName":"Internal/Labs schema-6 ephemeral model-authority editor applies a strict canonical operation batch to the selected draft with its current CAS","status":"passed","title":"applies a strict canonical operation batch to the selected draft with its current CAS","duration":4.862599999999929,"failureMessages":[],"meta":{},"tags":[]},{"ancestorTitles":["Internal/Labs schema-6 ephemeral model-authority editor"],"fullName":"Internal/Labs schema-6 ephemeral model-authority editor promotes only a selected draft and carries its exact CAS digest","status":"passed","title":"promotes only a selected draft and carries its exact CAS digest","duration":0.9720000000002074,"failureMessages":[],"meta":{},"tags":[]},{"ancestorTitles":["Internal/Labs schema-6 ephemeral model-authority editor"],"fullName":"Internal/Labs schema-6 ephemeral model-authority editor lists ready and draft authority with their distinct exact digests","status":"passed","title":"lists ready and draft authority with their distinct exact digests","duration":19.602600000000166,"failureMessages":[],"meta":{},"tags":[]},{"ancestorTitles":["Internal/Labs schema-6 ephemeral model-authority editor"],"fullName":"Internal/Labs schema-6 ephemeral model-authority editor marks successful edits dirty and explicitly not persisted","status":"passed","title":"marks successful edits dirty and explicitly not persisted","duration":3.310699999999997,"failureMessages":[],"meta":{},"tags":[]},{"ancestorTitles":["Internal/Labs schema-6 ephemeral model-authority editor"],"fullName":"Internal/Labs schema-6 ephemeral model-authority editor describes canonical operations and their fail-closed exclusions without implying persistence","status":"passed","title":"describes canonical operations and their fail-closed exclusions without implying persistence","duration":3.624200000000201,"failureMessages":[],"meta":{},"tags":[]},{"ancestorTitles":["Internal/Labs schema-6 ephemeral model-authority editor"],"fullName":"Internal/Labs schema-6 ephemeral model-authority editor renders decoder or native failures as accessible diagnostics","status":"passed","title":"renders decoder or native failures as accessible diagnostics","duration":3.1432999999997264,"failureMessages":[],"meta":{},"tags":[]}],"startTime":1787375861150,"endTime":1787375861203.1433,"status":"passed","message":"","name":"D:/QuickPLS/src/components/InternalProjectArchiveV6ModelAuthorityEditor.test.tsx"},{"assertionResults":[{"ancestorTitles":["Internal/Labs schema-6 read-only session panel"],"fullName":"Internal/Labs schema-6 read-only session panel fails closed when Experimental Labs is disabled","status":"passed","title":"fails closed when Experimental Labs is disabled","duration":13.931800000000294,"failureMessages":[],"meta":{},"tags":[]},{"ancestorTitles":["Internal/Labs schema-6 read-only session panel"],"fullName":"Internal/Labs schema-6 read-only session panel renders explicit isolation and no-persistence limits","status":"passed","title":"renders explicit isolation and no-persistence limits","duration":16.347999999999956,"failureMessages":[],"meta":{},"tags":[]},{"ancestorTitles":["Internal/Labs schema-6 read-only session panel"],"fullName":"Internal/Labs schema-6 read-only session panel shows the isolated active project identity and validated counts","status":"passed","title":"shows the isolated active project identity and validated counts","duration":8.566800000000057,"failureMessages":[],"meta":{},"tags":[]},{"ancestorTitles":["Internal/Labs schema-6 read-only session panel"],"fullName":"Internal/Labs schema-6 read-only session panel announces strict-reader loading and actionable failures","status":"passed","title":"announces strict-reader loading and actionable failures","duration":9.331300000000283,"failureMessages":[],"meta":{},"tags":[]},{"ancestorTitles":["Internal/Labs schema-6 read-only session panel"],"fullName":"Internal/Labs schema-6 read-only session panel disables archive opening outside the native desktop","status":"passed","title":"disables archive opening outside the native desktop","duration":8.18060000000014,"failureMessages":[],"meta":{},"tags":[]},{"ancestorTitles":["Internal/Labs schema-6 read-only session panel"],"fullName":"Internal/Labs schema-6 read-only session panel offers an accessible Standard close only after a clean validated copy","status":"passed","title":"offers an accessible Standard close only after a clean validated copy","duration":17.69300000000021,"failureMessages":[],"meta":{},"tags":[]}],"startTime":1787375860737,"endTime":1787375860812.693,"status":"passed","message":"","name":"D:/QuickPLS/src/components/InternalProjectArchiveV6SessionPanel.test.tsx"},{"assertionResults":[{"ancestorTitles":["ModelCanvas moderation-anchor drag projection"],"fullName":"ModelCanvas moderation-anchor drag projection snaps an off-path drop to the bounded focal polyline position","status":"passed","title":"snaps an off-path drop to the bounded focal polyline position","duration":3.809099999999944,"failureMessages":[],"meta":{},"tags":[]},{"ancestorTitles":["ModelCanvas moderation-anchor drag projection"],"fullName":"ModelCanvas moderation-anchor drag projection clamps persisted anchor fractions to the archive-safe range","status":"passed","title":"clamps persisted anchor fractions to the archive-safe range","duration":0.6133999999997286,"failureMessages":[],"meta":{},"tags":[]}],"startTime":1787375882452,"endTime":1787375882455.809,"status":"passed","message":"","name":"D:/QuickPLS/src/components/ModelCanvas.moderationAnchor.test.ts"},{"assertionResults":[{"ancestorTitles":["ModelCanvas construct focus selection"],"fullName":"ModelCanvas construct focus selection replaces a stale Canvas selection before React Flow Ctrl-selection extends it","status":"passed","title":"replaces a stale Canvas selection before React Flow Ctrl-selection extends it","duration":3.188299999999799,"failureMessages":[],"meta":{},"tags":[]}],"startTime":1787375883155,"endTime":1787375883158.1882,"status":"passed","message":"","name":"D:/QuickPLS/src/components/ModelCanvas.selection.test.ts"},{"assertionResults":[{"ancestorTitles":["ModelCanvas strict Standard authority routing"],"fullName":"ModelCanvas strict Standard authority routing routes canvas mutations through the shared command gateway while retaining layout actions","status":"passed","title":"routes canvas mutations through the shared command gateway while retaining layout actions","duration":9.899799999999686,"failureMessages":[],"meta":{},"tags":[]},{"ancestorTitles":["ModelCanvas strict Standard authority routing"],"fullName":"ModelCanvas strict Standard authority routing reconnects legacy paths but blocks strict retargeting behind a versioned revision","status":"passed","title":"reconnects legacy paths but blocks strict retargeting behind a versioned revision","duration":2.626800000000003,"failureMessages":[],"meta":{},"tags":[]},{"ancestorTitles":["ModelCanvas strict Standard authority routing"],"fullName":"ModelCanvas strict Standard authority routing provides a non-editing Results presentation without borrowing a legacy run overlay","status":"passed","title":"provides a non-editing Results presentation without borrowing a legacy run overlay","duration":2.3317000000001826,"failureMessages":[],"meta":{},"tags":[]},{"ancestorTitles":["ModelCanvas strict Standard authority routing"],"fullName":"ModelCanvas strict Standard authority routing passes selected HOC membership to the visual graph and never persists visual-only edges","status":"passed","title":"passes selected HOC membership to the visual graph and never persists visual-only edges","duration":3.2862999999997555,"failureMessages":[],"meta":{},"tags":[]},{"ancestorTitles":["ModelCanvas strict Standard authority routing"],"fullName":"ModelCanvas strict Standard authority routing never persists presentation-only moderation anchors","status":"passed","title":"never persists presentation-only moderation anchors","duration":0.6583999999998014,"failureMessages":[],"meta":{},"tags":[]}],"startTime":1787375874961,"endTime":1787375874979.6584,"status":"passed","message":"","name":"D:/QuickPLS/src/components/ModelCanvas.standardAuthority.test.ts"},{"assertionResults":[{"ancestorTitles":["ModelCanvas persisted viewport restoration"],"fullName":"ModelCanvas persisted viewport restoration remounts a strict saved Canvas without replacing its presentation authority","status":"passed","title":"remounts a strict saved Canvas without replacing its presentation authority","duration":2.6724999999996726,"failureMessages":[],"meta":{},"tags":[]},{"ancestorTitles":["ModelCanvas persisted viewport restoration"],"fullName":"ModelCanvas persisted viewport restoration retains automatic fitting when no viewport authority exists","status":"passed","title":"retains automatic fitting when no viewport authority exists","duration":0.3665000000000873,"failureMessages":[],"meta":{},"tags":[]}],"startTime":1787375883237,"endTime":1787375883240.3665,"status":"passed","message":"","name":"D:/QuickPLS/src/components/ModelCanvas.viewport.test.ts"},{"assertionResults":[{"ancestorTitles":["ModelCanvas node-change persistence plan"],"fullName":"ModelCanvas node-change persistence plan keeps pointer position updates local until the drag-stop commit","status":"passed","title":"keeps pointer position updates local until the drag-stop commit","duration":5.0516999999999825,"failureMessages":[],"meta":{},"tags":[]},{"ancestorTitles":["ModelCanvas node-change persistence plan"],"fullName":"ModelCanvas node-change persistence plan routes React Flow keyboard positions through the model-edit gateway","status":"passed","title":"routes React Flow keyboard positions through the model-edit gateway","duration":1.4423000000001593,"failureMessages":[],"meta":{},"tags":[]},{"ancestorTitles":["ModelCanvas node-change persistence plan"],"fullName":"ModelCanvas node-change persistence plan does not create history for selection-only changes","status":"passed","title":"does not create history for selection-only changes","duration":0.6332999999999629,"failureMessages":[],"meta":{},"tags":[]}],"startTime":1787375881611,"endTime":1787375881617.6333,"status":"passed","message":"","name":"D:/QuickPLS/src/components/modelCanvasNodeChangePlan.test.ts"},{"assertionResults":[{"ancestorTitles":["OnboardingWorkspace sample gallery"],"fullName":"OnboardingWorkspace sample gallery advertises only the three complete bundled sample workflows","status":"passed","title":"advertises only the three complete bundled sample workflows","duration":37.649099999999635,"failureMessages":[],"meta":{},"tags":[]},{"ancestorTitles":["OnboardingWorkspace sample gallery"],"fullName":"OnboardingWorkspace sample gallery keeps the selected sample identity in state for the native open command","status":"passed","title":"keeps the selected sample identity in state for the native open command","duration":16.350600000000213,"failureMessages":[],"meta":{},"tags":[]}],"startTime":1787375866210,"endTime":1787375866264.3506,"status":"passed","message":"","name":"D:/QuickPLS/src/components/OnboardingWorkspace.test.tsx"},{"assertionResults":[{"ancestorTitles":["PLS saved-run comparison panel v1"],"fullName":"PLS saved-run comparison panel v1 renders nothing outside Experimental Labs","status":"passed","title":"renders nothing outside Experimental Labs","duration":11.332400000000007,"failureMessages":[],"meta":{},"tags":[]},{"ancestorTitles":["PLS saved-run comparison panel v1"],"fullName":"PLS saved-run comparison panel v1 renders typed corrective issues as an accessible alert","status":"passed","title":"renders typed corrective issues as an accessible alert","duration":9.992799999999988,"failureMessages":[],"meta":{},"tags":[]},{"ancestorTitles":["PLS saved-run comparison panel v1"],"fullName":"PLS saved-run comparison panel v1 renders one Experimental chip and accessible tables without implying paired CVPAT","status":"passed","title":"renders one Experimental chip and accessible tables without implying paired CVPAT","duration":10.312900000000127,"failureMessages":[],"meta":{},"tags":[]}],"startTime":1787375869270,"endTime":1787375869302.313,"status":"passed","message":"","name":"D:/QuickPLS/src/components/PlsSavedRunComparisonPanelV1.test.tsx"},{"assertionResults":[{"ancestorTitles":["ProductivityOverlays MICOM command"],"fullName":"ProductivityOverlays MICOM command offers the exact standalone MICOM preset without legacy combined wording","status":"passed","title":"offers the exact standalone MICOM preset without legacy combined wording","duration":3.229899999999816,"failureMessages":[],"meta":{},"tags":[]}],"startTime":1787375883175,"endTime":1787375883178.23,"status":"passed","message":"","name":"D:/QuickPLS/src/components/ProductivityOverlays.test.tsx"},{"assertionResults":[{"ancestorTitles":["ReportsWorkspace run truth"],"fullName":"ReportsWorkspace run truth translates internal table states into customer-facing result labels","status":"passed","title":"translates internal table states into customer-facing result labels","duration":3.307900000000245,"failureMessages":[],"meta":{},"tags":[]},{"ancestorTitles":["ReportsWorkspace run truth"],"fullName":"ReportsWorkspace run truth falls back from a newer failed run to a completed result-backed PROCESS run","status":"passed","title":"falls back from a newer failed run to a completed result-backed PROCESS run","duration":17.127100000000155,"failureMessages":[],"meta":{},"tags":[]},{"ancestorTitles":["ReportsWorkspace run truth"],"fullName":"ReportsWorkspace run truth binds method scope to archived run provenance rather than current setup","status":"passed","title":"binds method scope to archived run provenance rather than current setup","duration":1.2037999999997737,"failureMessages":[],"meta":{},"tags":[]},{"ancestorTitles":["ReportsWorkspace run truth"],"fullName":"ReportsWorkspace run truth binds a strict Structural Path Randomization run to its scoped Standard identity","status":"passed","title":"binds a strict Structural Path Randomization run to its scoped Standard identity","duration":10.08179999999993,"failureMessages":[],"meta":{},"tags":[]},{"ancestorTitles":["ReportsWorkspace run truth"],"fullName":"ReportsWorkspace run truth does not turn an unrelated live PLS canvas into a PROCESS report SVG","status":"passed","title":"does not turn an unrelated live PLS canvas into a PROCESS report SVG","duration":2.9919999999997344,"failureMessages":[],"meta":{},"tags":[]},{"ancestorTitles":["ReportsWorkspace run truth"],"fullName":"ReportsWorkspace run truth routes historical PROCESS v1 through read-only tables and suppresses generic SVG","status":"passed","title":"routes historical PROCESS v1 through read-only tables and suppresses generic SVG","duration":3.7296000000001186,"failureMessages":[],"meta":{},"tags":[]}],"startTime":1787375867508,"endTime":1787375867546.7295,"status":"passed","message":"","name":"D:/QuickPLS/src/components/ReportsWorkspace.test.ts"},{"assertionResults":[{"ancestorTitles":["RunHistory group empty-state copy"],"fullName":"RunHistory group empty-state copy offers the standalone MICOM setup without advertising the retired combined workflow","status":"passed","title":"offers the standalone MICOM setup without advertising the retired combined workflow","duration":1.9677999999998974,"failureMessages":[],"meta":{},"tags":[]}],"startTime":1787375883265,"endTime":1787375883266.9678,"status":"passed","message":"","name":"D:/QuickPLS/src/components/RunHistory.copy.test.ts"},{"assertionResults":[{"ancestorTitles":["SettingsWorkspace diagnostic bundle controls"],"fullName":"SettingsWorkspace diagnostic bundle controls renders a native-only preview-first, local-only support workflow","status":"passed","title":"renders a native-only preview-first, local-only support workflow","duration":36.878400000000056,"failureMessages":[],"meta":{},"tags":[]},{"ancestorTitles":["SettingsWorkspace diagnostic bundle controls"],"fullName":"SettingsWorkspace diagnostic bundle controls keeps Experimental Labs disabled by default and explains the separation from Standard","status":"passed","title":"keeps Experimental Labs disabled by default and explains the separation from Standard","duration":11.451300000000174,"failureMessages":[],"meta":{},"tags":[]},{"ancestorTitles":["SettingsWorkspace diagnostic bundle controls"],"fullName":"SettingsWorkspace diagnostic bundle controls renders one schema-6 Labs surface when Experimental Labs is enabled","status":"passed","title":"renders one schema-6 Labs surface when Experimental Labs is enabled","duration":6.466599999999744,"failureMessages":[],"meta":{},"tags":[]},{"ancestorTitles":["SettingsWorkspace diagnostic bundle controls"],"fullName":"SettingsWorkspace diagnostic bundle controls explains that diagnostic creation is unavailable outside the native desktop","status":"passed","title":"explains that diagnostic creation is unavailable outside the native desktop","duration":10.590299999999843,"failureMessages":[],"meta":{},"tags":[]},{"ancestorTitles":["SettingsWorkspace diagnostic bundle controls"],"fullName":"SettingsWorkspace diagnostic bundle controls renders the inspectable redacted system, event, and manifest staging payload accessibly","status":"passed","title":"renders the inspectable redacted system, event, and manifest staging payload accessibly","duration":4.718299999999999,"failureMessages":[],"meta":{},"tags":[]}],"startTime":1787375856233,"endTime":1787375856303.7183,"status":"passed","message":"","name":"D:/QuickPLS/src/components/SettingsWorkspace.test.tsx"},{"assertionResults":[{"ancestorTitles":["StandardSemPresentationLayer"],"fullName":"StandardSemPresentationLayer creates every presentation-only object kind with explicit non-colour semantics","status":"passed","title":"creates every presentation-only object kind with explicit non-colour semantics","duration":4.610200000000077,"failureMessages":[],"meta":{},"tags":[]},{"ancestorTitles":["StandardSemPresentationLayer"],"fullName":"StandardSemPresentationLayer moves both boxed objects and line endpoints without changing their content","status":"passed","title":"moves both boxed objects and line endpoints without changing their content","duration":1.1332000000002154,"failureMessages":[],"meta":{},"tags":[]},{"ancestorTitles":["StandardSemPresentationLayer"],"fullName":"StandardSemPresentationLayer never commits an empty required image field","status":"passed","title":"never commits an empty required image field","duration":0.5509999999999309,"failureMessages":[],"meta":{},"tags":[]},{"ancestorTitles":["StandardSemPresentationLayer"],"fullName":"StandardSemPresentationLayer exposes keyboard creation, selection, editing, movement, deletion, and text labels","status":"passed","title":"exposes keyboard creation, selection, editing, movement, deletion, and text labels","duration":6.71770000000015,"failureMessages":[],"meta":{},"tags":[]}],"startTime":1787375876341,"endTime":1787375876354.7178,"status":"passed","message":"","name":"D:/QuickPLS/src/components/StandardSemPresentationLayer.test.tsx"},{"assertionResults":[{"ancestorTitles":["TrustCenterWorkspace method truth"],"fullName":"TrustCenterWorkspace method truth uses the scoped Standard Registry V2 contract","status":"passed","title":"uses the scoped Standard Registry V2 contract","duration":55.73559999999998,"failureMessages":[],"meta":{},"tags":[]}],"startTime":1787375865029,"endTime":1787375865084.7356,"status":"passed","message":"","name":"D:/QuickPLS/src/components/TrustCenterWorkspace.test.tsx"},{"assertionResults":[{"ancestorTitles":["deterministic large-model desktop fixtures"],"fullName":"deterministic large-model desktop fixtures recreates the applied 20-construct/80-indicator fixture exactly","status":"passed","title":"recreates the applied 20-construct/80-indicator fixture exactly","duration":63.08159999999998,"failureMessages":[],"meta":{},"tags":[]},{"ancestorTitles":["deterministic large-model desktop fixtures"],"fullName":"deterministic large-model desktop fixtures recreates the stress 100-construct/300-indicator fixture exactly","status":"passed","title":"recreates the stress 100-construct/300-indicator fixture exactly","duration":382.2647999999999,"failureMessages":[],"meta":{},"tags":[]}],"startTime":1787375842192,"endTime":1787375842637.265,"status":"passed","message":"","name":"D:/QuickPLS/src/data/largeModelSmoke.test.ts"},{"assertionResults":[{"ancestorTitles":["completed sample PLS bootstrap run"],"fullName":"completed sample PLS bootstrap run truthfully labels its embedded bootstrap output without changing its versioned fixture identity","status":"passed","title":"truthfully labels its embedded bootstrap output without changing its versioned fixture identity","duration":5.868299999999863,"failureMessages":[],"meta":{},"tags":[]}],"startTime":1787375881742,"endTime":1787375881747.8684,"status":"passed","message":"","name":"D:/QuickPLS/src/data/smokeRun.test.ts"},{"assertionResults":[{"ancestorTitles":["QuickPLS 2.55 query-gated named SEM evidence fixtures"],"fullName":"QuickPLS 2.55 query-gated named SEM evidence fixtures builds deterministic, result-free single_mediation authority input","status":"passed","title":"builds deterministic, result-free single_mediation authority input","duration":53.077999999999975,"failureMessages":[],"meta":{},"tags":[]},{"ancestorTitles":["QuickPLS 2.55 query-gated named SEM evidence fixtures"],"fullName":"QuickPLS 2.55 query-gated named SEM evidence fixtures builds deterministic, result-free parallel_mediation authority input","status":"passed","title":"builds deterministic, result-free parallel_mediation authority input","duration":25.1878999999999,"failureMessages":[],"meta":{},"tags":[]},{"ancestorTitles":["QuickPLS 2.55 query-gated named SEM evidence fixtures"],"fullName":"QuickPLS 2.55 query-gated named SEM evidence fixtures builds deterministic, result-free serial_mediation authority input","status":"passed","title":"builds deterministic, result-free serial_mediation authority input","duration":25.120300000000043,"failureMessages":[],"meta":{},"tags":[]},{"ancestorTitles":["QuickPLS 2.55 query-gated named SEM evidence fixtures"],"fullName":"QuickPLS 2.55 query-gated named SEM evidence fixtures builds deterministic, result-free simultaneous_two_way authority input","status":"passed","title":"builds deterministic, result-free simultaneous_two_way authority input","duration":24.445400000000063,"failureMessages":[],"meta":{},"tags":[]},{"ancestorTitles":["QuickPLS 2.55 query-gated named SEM evidence fixtures"],"fullName":"QuickPLS 2.55 query-gated named SEM evidence fixtures builds deterministic, result-free three_way authority input","status":"passed","title":"builds deterministic, result-free three_way authority input","duration":26.111700000000155,"failureMessages":[],"meta":{},"tags":[]},{"ancestorTitles":["QuickPLS 2.55 query-gated named SEM evidence fixtures"],"fullName":"QuickPLS 2.55 query-gated named SEM evidence fixtures builds deterministic, result-free moderated_mediation_first authority input","status":"passed","title":"builds deterministic, result-free moderated_mediation_first authority input","duration":21.25559999999996,"failureMessages":[],"meta":{},"tags":[]},{"ancestorTitles":["QuickPLS 2.55 query-gated named SEM evidence fixtures"],"fullName":"QuickPLS 2.55 query-gated named SEM evidence fixtures builds deterministic, result-free moderated_mediation_second authority input","status":"passed","title":"builds deterministic, result-free moderated_mediation_second authority input","duration":33.40129999999999,"failureMessages":[],"meta":{},"tags":[]},{"ancestorTitles":["QuickPLS 2.55 query-gated named SEM evidence fixtures"],"fullName":"QuickPLS 2.55 query-gated named SEM evidence fixtures builds deterministic, result-free binary_moderation authority input","status":"passed","title":"builds deterministic, result-free binary_moderation authority input","duration":25.16379999999981,"failureMessages":[],"meta":{},"tags":[]},{"ancestorTitles":["QuickPLS 2.55 query-gated named SEM evidence fixtures"],"fullName":"QuickPLS 2.55 query-gated named SEM evidence fixtures builds deterministic, result-free hoc_rr authority input","status":"passed","title":"builds deterministic, result-free hoc_rr authority input","duration":21.188700000000154,"failureMessages":[],"meta":{},"tags":[]},{"ancestorTitles":["QuickPLS 2.55 query-gated named SEM evidence fixtures"],"fullName":"QuickPLS 2.55 query-gated named SEM evidence fixtures builds deterministic, result-free hoc_rf authority input","status":"passed","title":"builds deterministic, result-free hoc_rf authority input","duration":21.152300000000196,"failureMessages":[],"meta":{},"tags":[]},{"ancestorTitles":["QuickPLS 2.55 query-gated named SEM evidence fixtures"],"fullName":"QuickPLS 2.55 query-gated named SEM evidence fixtures builds deterministic, result-free hoc_fr authority input","status":"passed","title":"builds deterministic, result-free hoc_fr authority input","duration":24.1404,"failureMessages":[],"meta":{},"tags":[]},{"ancestorTitles":["QuickPLS 2.55 query-gated named SEM evidence fixtures"],"fullName":"QuickPLS 2.55 query-gated named SEM evidence fixtures builds deterministic, result-free hoc_ff authority input","status":"passed","title":"builds deterministic, result-free hoc_ff authority input","duration":19.90859999999998,"failureMessages":[],"meta":{},"tags":[]},{"ancestorTitles":["QuickPLS 2.55 query-gated named SEM evidence fixtures"],"fullName":"QuickPLS 2.55 query-gated named SEM evidence fixtures builds deterministic, result-free cfa authority input","status":"passed","title":"builds deterministic, result-free cfa authority input","duration":24.3134,"failureMessages":[],"meta":{},"tags":[]},{"ancestorTitles":["QuickPLS 2.55 query-gated named SEM evidence fixtures"],"fullName":"QuickPLS 2.55 query-gated named SEM evidence fixtures builds deterministic, result-free recursive_sem authority input","status":"passed","title":"builds deterministic, result-free recursive_sem authority input","duration":31.23590000000013,"failureMessages":[],"meta":{},"tags":[]},{"ancestorTitles":["QuickPLS 2.55 query-gated named SEM evidence fixtures"],"fullName":"QuickPLS 2.55 query-gated named SEM evidence fixtures distinguishes mediation topology, moderation order, HOC type, and CB topology","status
[...]
the persisted marker selector for a confirmed common factor","duration":3.3312999999998283,"failureMessages":[],"meta":{},"tags":[]},{"ancestorTitles":["SemModelV4 scientific authoring UI"],"fullName":"SemModelV4 scientific authoring UI offers exactly the four covariance uses and endpoint controls for residual covariance","status":"passed","title":"offers exactly the four covariance uses and endpoint controls for residual covariance","duration":5.152100000000246,"failureMessages":[],"meta":{},"tags":[]},{"ancestorTitles":["SemModelV4 scientific authoring UI"],"fullName":"SemModelV4 scientific authoring UI explains why an invalid disturbance covariance cannot be applied","status":"passed","title":"explains why an invalid disturbance covariance cannot be applied","duration":3.261700000000019,"failureMessages":[],"meta":{},"tags":[]},{"ancestorTitles":["SemModelV4 scientific authoring UI"],"fullName":"SemModelV4 scientific authoring UI exposes Standard representation controls while keeping unqualified covariance authoring Labs-scoped","status":"passed","title":"exposes Standard representation controls while keeping unqualified covariance authoring Labs-scoped","duration":15.254300000000057,"failureMessages":[],"meta":{},"tags":[]}],"startTime":1787375859186,"endTime":1787375859251.2544,"status":"passed","message":"","name":"D:/QuickPLS/src/native/NativeSemScientificAuthoring.test.tsx"},{"assertionResults":[{"ancestorTitles":["SemModelV4 scientific authoring persistence"],"fullName":"SemModelV4 scientific authoring persistence clears and restores an explicit construct decision through the same history ledger","status":"passed","title":"clears and restores an explicit construct decision through the same history ledger","duration":7.779199999999946,"failureMessages":[],"meta":{},"tags":[]},{"ancestorTitles":["SemModelV4 scientific authoring persistence"],"fullName":"SemModelV4 scientific authoring persistence keeps one exact residual-classification change deterministic across undo, redo, and reopen","status":"passed","title":"keeps one exact residual-classification change deterministic across undo, redo, and reopen","duration":6.392499999999927,"failureMessages":[],"meta":{},"tags":[]},{"ancestorTitles":["SemModelV4 scientific authoring persistence"],"fullName":"SemModelV4 scientific authoring persistence preserves explicit factor and residual endpoint metadata through canonical presentation reopen","status":"passed","title":"preserves explicit factor and residual endpoint metadata through canonical presentation reopen","duration":37.452999999999975,"failureMessages":[],"meta":{},"tags":[]}],"startTime":1787375865899,"endTime":1787375865951.453,"status":"passed","message":"","name":"D:/QuickPLS/src/native/nativeSemScientificAuthoringPersistence.test.ts"},{"assertionResults":[{"ancestorTitles":["standalone native analysis identity"],"fullName":"standalone native analysis identity recognizes NCA, PCA, and OLS without treating model-bound calculations as standalone","status":"passed","title":"recognizes NCA, PCA, and OLS without treating model-bound calculations as standalone","duration":3.61869999999999,"failureMessages":[],"meta":{},"tags":[]}],"startTime":1787375882093,"endTime":1787375882096.6187,"status":"passed","message":"","name":"D:/QuickPLS/src/native/nativeStandaloneAnalysis.test.ts"},{"assertionResults":[{"ancestorTitles":["current structural path randomization frontend contract"],"fullName":"current structural path randomization frontend contract projects the exact method, plan, manifest, and plus-one arithmetic into scoped Standard rows","status":"passed","title":"projects the exact method, plan, manifest, and plus-one arithmetic into scoped Standard rows","duration":7.283800000000156,"failureMessages":[],"meta":{},"tags":[]},{"ancestorTitles":["current structural path randomization frontend contract"],"fullName":"current structural path randomization frontend contract fails the entire projection closed for every current-contract inconsistency","status":"passed","title":"fails the entire projection closed for every current-contract inconsistency","duration":10.379699999999957,"failureMessages":[],"meta":{},"tags":[]},{"ancestorTitles":["current structural path randomization frontend contract"],"fullName":"current structural path randomization frontend contract uses only the strict projection in native results, reports, and exports","status":"passed","title":"uses only the strict projection in native results, reports, and exports","duration":21.269900000000234,"failureMessages":[],"meta":{},"tags":[]},{"ancestorTitles":["current structural path randomization frontend contract"],"fullName":"current structural path randomization frontend contract interprets valid randomization as scoped fixed-score, unadjusted pathwise inference","status":"passed","title":"interprets valid randomization as scoped fixed-score, unadjusted pathwise inference","duration":22.09810000000016,"failureMessages":[],"meta":{},"tags":[]},{"ancestorTitles":["current structural path randomization frontend contract"],"fullName":"current structural path randomization frontend contract hydrates only a schema-v3 recipe and genuine schema-v1 result envelope bound to the exact current contract","status":"passed","title":"hydrates only a schema-v3 recipe and genuine schema-v1 result envelope bound to the exact current contract","duration":13.26090000000022,"failureMessages":[],"meta":{},"tags":[]}],"startTime":1787375858193,"endTime":1787375858268.261,"status":"passed","message":"","name":"D:/QuickPLS/src/native/nativeStructuralPathRandomization.test.ts"},{"assertionResults":[{"ancestorTitles":["native desktop command surface contracts"],"fullName":"native desktop command surface contracts keeps launcher actions in the single native command bar","status":"passed","title":"keeps launcher actions in the single native command bar","duration":15.26130000000012,"failureMessages":[],"meta":{},"tags":[]},{"ancestorTitles":["native desktop command surface contracts"],"fullName":"native desktop command surface contracts gives model indicators and variable rows equivalent pointer and keyboard actions","status":"passed","title":"gives model indicators and variable rows equivalent pointer and keyboard actions","duration":13.831900000000132,"failureMessages":[],"meta":{},"tags":[]},{"ancestorTitles":["native desktop command surface contracts"],"fullName":"native desktop command surface contracts keeps calculation out of Properties and offers one compact empty-Results action","status":"passed","title":"keeps calculation out of Properties and offers one compact empty-Results action","duration":5.480199999999968,"failureMessages":[],"meta":{},"tags":[]},{"ancestorTitles":["native desktop command surface contracts"],"fullName":"native desktop command surface contracts clears terminal calculation state when its dialog closes","status":"passed","title":"clears terminal calculation state when its dialog closes","duration":8.056600000000117,"failureMessages":[],"meta":{},"tags":[]},{"ancestorTitles":["native desktop command surface contracts"],"fullName":"native desktop command surface contracts keeps trust and provenance text out of the primary results diagram","status":"passed","title":"keeps trust and provenance text out of the primary results diagram","duration":5.415199999999913,"failureMessages":[],"meta":{},"tags":[]},{"ancestorTitles":["native desktop command surface contracts"],"fullName":"native desktop command surface contracts collapses the optional properties pane at the compact desktop breakpoint","status":"passed","title":"collapses the optional properties pane at the compact desktop breakpoint","duration":6.441000000000031,"failureMessages":[],"meta":{},"tags":[]},{"ancestorTitles":["native desktop command surface contracts"],"fullName":"native desktop command surface contracts starts inside the Windows work area with a safe restored size","status":"passed","title":"starts inside the Windows work area with a safe restored size","duration":5.525900000000092,"failureMessages":[],"meta":{},"tags":[]},{"ancestorTitles":["native desktop command surface contracts"],"fullName":"native desktop command surface contracts provides truthful native data setup and versioned variable metadata editing","status":"passed","title":"provides truthful native data setup and versioned variable metadata editing","duration":13.360599999999977,"failureMessages":[],"meta":{},"tags":[]},{"ancestorTitles":["native desktop command surface contracts"],"fullName":"native desktop command surface contracts makes the post-import next step explicit without duplicating command behavior","status":"passed","title":"makes the post-import next step explicit without duplicating command behavior","duration":15.714500000000044,"failureMessages":[],"meta":{},"tags":[]},{"ancestorTitles":["native desktop command surface contracts"],"fullName":"native desktop command surface contracts keeps dataset lineage authoritative and recode native-only","status":"passed","title":"keeps dataset lineage authoritative and recode native-only","duration":22.2029,"failureMessages":[],"meta":{},"tags":[]},{"ancestorTitles":["native desktop command surface contracts"],"fullName":"native desktop command surface contracts targets Data context commands at the invoked variable and excludes blank/version targets from Recode","status":"passed","title":"targets Data context commands at the invoked variable and excludes blank/version targets from Recode","duration":12.787700000000086,"failureMessages":[],"meta":{},"tags":[]}],"startTime":1787375850450,"endTime":1787375850574.7876,"status":"passed","message":"","name":"D:/QuickPLS/src/native/nativeSurfaceContracts.test.ts"},{"assertionResults":[{"ancestorTitles":["NativeUtilityDialog"],"fullName":"NativeUtilityDialog mounts the live preview-first diagnostic workflow in production Preferences","status":"passed","title":"mounts the live preview-first diagnostic workflow in production Preferences","duration":24.94309999999996,"failureMessages":[],"meta":{},"tags":[]},{"ancestorTitles":["NativeUtilityDialog"],"fullName":"NativeUtilityDialog renders all nine Method Details sections for only the selected exact option cells","status":"passed","title":"renders all nine Method Details sections for only the selected exact option cells","duration":7.251299999999901,"failureMessages":[],"meta":{},"tags":[]},{"ancestorTitles":["NativeUtilityDialog"],"fullName":"NativeUtilityDialog explains how to enable a Labs method without exposing internal product-governance labels","status":"passed","title":"explains how to enable a Labs method without exposing internal product-governance labels","duration":5.0733000000000175,"failureMessages":[],"meta":{},"tags":[]},{"ancestorTitles":["NativeUtilityDialog"],"fullName":"NativeUtilityDialog binds Method Details opened from Results to the selected completed run","status":"passed","title":"binds Method Details opened from Results to the selected completed run","duration":5.227800000000116,"failureMessages":[],"meta":{},"tags":[]}],"startTime":1787375865238,"endTime":1787375865281.2278,"status":"passed","message":"","name":"D:/QuickPLS/src/native/NativeUtilityDialog.test.tsx"},{"assertionResults":[{"ancestorTitles":["native variable metadata"],"fullName":"native variable metadata creates a stable editable draft and preserves value labels on save","status":"passed","title":"creates a stable editable draft and preserves value labels on save","duration":5.975000000000023,"failureMessages":[],"meta":{},"tags":[]},{"ancestorTitles":["native variable metadata"],"fullName":"native variable metadata rejects nonnumeric or reversed theoretical bounds","status":"passed","title":"rejects nonnumeric or reversed theoretical bounds","duration":0.8959999999999582,"failureMessages":[],"meta":{},"tags":[]},{"ancestorTitles":["native variable metadata"],"fullName":"native variable metadata infers safe defaults only when imported metadata is unavailable","status":"passed","title":"infers safe defaults only when imported metadata is unavailable","duration":0.7199000000000524,"failureMessages":[],"meta":{},"tags":[]}],"startTime":1787375879339,"endTime":1787375879346.72,"status":"passed","message":"","name":"D:/QuickPLS/src/native/nativeVariableMetadata.test.ts"},{"assertionResults":[{"ancestorTitles":["NativeWorkspaceExplorer"],"fullName":"NativeWorkspaceExplorer renders an expanded Windows-style tree with one selected roving tab stop","status":"passed","title":"renders an expanded Windows-style tree with one selected roving tab stop","duration":33.98919999999998,"failureMessages":[],"meta":{},"tags":[]},{"ancestorTitles":["NativeWorkspaceExplorer"],"fullName":"NativeWorkspaceExplorer disables mutation actions when writable=false and status=idle","status":"passed","title":"disables mutation actions when writable=false and status=idle","duration":6.660499999999956,"failureMessages":[],"meta":{},"tags":[]},{"ancestorTitles":["NativeWorkspaceExplorer"],"fullName":"NativeWorkspaceExplorer disables mutation actions when writable=true and status=running","status":"passed","title":"disables mutation actions when writable=true and status=running","duration":7.139300000000048,"failureMessages":[],"meta":{},"tags":[]},{"ancestorTitles":["NativeWorkspaceExplorer"],"fullName":"NativeWorkspaceExplorer routes Enter, F2, Delete, and Shift+F10 through the tree and registry contracts","status":"passed","title":"routes Enter, F2, Delete, and Shift+F10 through the tree and registry contracts","duration":15.100099999999884,"failureMessages":[],"meta":{},"tags":[]},{"ancestorTitles":["NativeWorkspaceExplorerDialog"],"fullName":"NativeWorkspaceExplorerDialog renders a focused destructive confirmation that preserves completed results","status":"passed","title":"renders a focused destructive confirmation that preserves completed results","duration":1.6884000000000015,"failureMessages":[],"meta":{},"tags":[]},{"ancestorTitles":["NativeWorkspaceExplorerDialog"],"fullName":"NativeWorkspaceExplorerDialog keeps async mutations busy, blocks dismissal, and retains errors in the dialog","status":"passed","title":"keeps async mutations busy, blocks dismissal, and retains errors in the dialog","duration":21.9704999999999,"failureMessages":[],"meta":{},"tags":[]}],"startTime":1787375860097,"endTime":1787375860183.9705,"status":"passed","message":"","name":"D:/QuickPLS/src/native/NativeWorkspaceExplorer.test.tsx"},{"assertionResults":[{"ancestorTitles":["native workspace explorer tree"],"fullName":"native workspace explorer tree builds a deterministic alphabetical Project > Data / Models / Reports hierarchy","status":"passed","title":"builds a deterministic alphabetical Project > Data / Models / Reports hierarchy","duration":4.89469999999983,"failureMessages":[],"meta":{},"tags":[]},{"ancestorTitles":["native workspace explorer tree"],"fullName":"native workspace explorer tree uses the stable item id when normalized labels compare equally","status":"passed","title":"uses the stable item id when normalized labels compare equally","duration":0.7238999999999578,"failureMessages":[],"meta":{},"tags":[]},{"ancestorTitles":["native workspace explorer tree"],"fullName":"native workspace explorer tree omits descendants of collapsed branches","status":"passed","title":"omits descendants of collapsed branches","duration":0.5891999999998916,"failureMessages":[],"meta":{},"tags":[]},{"ancestorTitles":["native workspace explorer tree"],"fullName":"native workspace explorer tree maps shared explorer selections to stable tree ids and back","status":"passed","title":"maps shared explorer selections to stable tree ids and back","duration":1.4237000000000535,"failureMessages":[],"meta":{},"tags":[]},{"ancestorTitles":["native workspace explorer tree"],"fullName":"native workspace explorer tree generates a normalized non-conflicting default model name","status":"passed","title":"generates a normalized non-conflicting default model name","duration":0.5518999999999323,"failureMessages":[],"meta":{},"tags":[]},{"ancestorTitles":["native workspace explorer keyboard navigation"],"fullName":"native workspace explorer keyboard navigation moves through visible rows with arrows and boundary keys","status":"passed","title":"moves through visible rows with arrows and boundary keys","duration":0.8423000000000229,"failureMessages":[],"meta":{},"tags":[]},{"ancestorTitles":["native workspace explorer keyboard navigation"],"fullName":"native workspace explorer keyboard navigation expands, enters, collapses, and returns to a parent using Windows tree semantics","status":"passed","title":"expands, enters, collapses, and returns to a parent using Windows tree semantics","duration":0.9333999999998923,"failureMessages":[],"meta":{},"tags":[]}],"startTime":1787375875146,"endTime":1787375875156.9333,"status":"passed","message":"","name":"D:/QuickPLS/src/native/nativeWorkspaceTree.test.ts"},{"assertionResults":[{"ancestorTitles":["PLS Algorithm v1 factory-native contract"],"fullName":"PLS Algorithm v1 factory-native contract serializes the exact deterministic PLS algorithm recipe without inference state","status":"passed","title":"serializes the exact deterministic PLS algorithm recipe without inference state","duration":10.902500000000146,"failureMessages":[],"meta":{},"tags":[]},{"ancestorTitles":["PLS Algorithm v1 factory-native contract"],"fullName":"PLS Algorithm v1 factory-native contract projects accessible point-estimate tables and same-run provenance without inference claims","status":"passed","title":"projects accessible point-estimate tables and same-run provenance without inference claims","duration":25.782200000000103,"failureMessages":[],"meta":{},"tags":[]}],"startTime":1787375867337,"endTime":1787375867373.7822,"status":"passed","message":"","name":"D:/QuickPLS/src/native/plsAlgorithmFactory.test.ts"},{"assertionResults":[{"ancestorTitles":["Standard SemModelV4 advanced editor"],"fullName":"Standard SemModelV4 advanced editor renders an accessible Expert fallback with explicit readiness and save-copy guidance","status":"passed","title":"renders an accessible Expert fallback with explicit readiness and save-copy guidance","duration":26.44419999999991,"failureMessages":[],"meta":{},"tags":[]},{"ancestorTitles":["Standard SemModelV4 advanced editor"],"fullName":"Standard SemModelV4 advanced editor strictly parses the full document and requires the active stable model ID","status":"passed","title":"strictly parses the full document and requires the active stable model ID","duration":20.653099999999995,"failureMessages":[],"meta":{},"tags":[]},{"ancestorTitles":["Standard SemModelV4 advanced editor"],"fullName":"Standard SemModelV4 advanced editor dispatches exactly one complete replacement intent and never mutates the parsed document optimistically","status":"passed","title":"dispatches exactly one complete replacement intent and never mutates the parsed document optimistically","duration":8.727200000000039,"failureMessages":[],"meta":{},"tags":[]},{"ancestorTitles":["Standard SemModelV4 advanced editor"],"fullName":"Standard SemModelV4 advanced editor blocks dataset and presentation-owned changes before dispatching a native commit","status":"passed","title":"blocks dataset and presentation-owned changes before dispatching a native commit","duration":21.236700000000155,"failureMessages":[],"meta":{},"tags":[]},{"ancestorTitles":["Standard SemModelV4 advanced editor"],"fullName":"Standard SemModelV4 advanced editor maps committed, blocked, stale, and rejected results to explicit accessible feedback","status":"passed","title":"maps committed, blocked, stale, and rejected results to explicit accessible feedback","duration":1.1107999999999265,"failureMessages":[],"meta":{},"tags":[]}],"startTime":1787375857209,"endTime":1787375857287.1108,"status":"passed","message":"","name":"D:/QuickPLS/src/native/StandardSemModelV4AdvancedEditor.test.tsx"}]}