{"numTotalTestSuites":22,"numPassedTestSuites":0,"numFailedTestSuites":22,"numPendingTestSuites":0,"numTotalTests":109,"numPassedTests":92,"numFailedTests":17,"numPendingTests":0,"numTodoTests":0,"snapshot":{"added":0,"failure":false,"filesAdded":0,"filesRemoved":0,"filesRemovedList":[],"filesUnmatched":0,"filesUpdated":0,"matched":0,"total":0,"unchecked":0,"uncheckedKeysByFile":[],"unmatched":0,"updated":0,"didUpdate":false},"startTime":1787330517643,"success":false,"testResults":[{"assertionResults":[{"ancestorTitles":["desktop accessibility contracts"],"fullName":"desktop accessibility contracts keeps large table surfaces keyboard-focusable and named","status":"passed","title":"keeps large table surfaces keyboard-focusable and named","duration":20.167900000000145,"failureMessages":[],"meta":{},"tags":[]},{"ancestorTitles":["desktop accessibility contracts"],"fullName":"desktop accessibility contracts uses visible table focus treatment and avoids R-squared mojibake","status":"passed","title":"uses visible table focus treatment and avoids R-squared mojibake","duration":10.284599999999955,"failureMessages":[],"meta":{},"tags":[]},{"ancestorTitles":["desktop accessibility contracts"],"fullName":"desktop accessibility contracts keeps model commands in the native shell instead of duplicating them inside the canvas","status":"passed","title":"keeps model commands in the native shell instead of duplicating them inside the canvas","duration":14.611100000000079,"failureMessages":[],"meta":{},"tags":[]},{"ancestorTitles":["desktop accessibility contracts"],"fullName":"desktop accessibility contracts routes global canvas shortcuts through the typed native command registry","status":"failed","title":"routes global canvas shortcuts through the typed native command registry","duration":21.82159999999999,"failureMessages":["AssertionError: expected 'import {\\n  Background,\\n  Background…' not to contain 'event.key === \"Enter\"'\n    at D:/QuickPLS/src/components/accessibilityContracts.test.ts:114:24\n    at file:///D:/QuickPLS/node_modules/@vitest/runner/dist/chunk-artifact.js:302:11\n    at file:///D:/QuickPLS/node_modules/@vitest/runner/dist/chunk-artifact.js:1903:26\n    at file:///D:/QuickPLS/node_modules/@vitest/runner/dist/chunk-artifact.js:2326:20\n    at new Promise (<anonymous>)\n    at runWithCancel (file:///D:/QuickPLS/node_modules/@vitest/runner/dist/chunk-artifact.js:2323:10)\n    at file:///D:/QuickPLS/node_modules/@vitest/runner/dist/chunk-artifact.js:2305:20\n    at new Promise (<anonymous>)\n    at runWithTimeout (file:///D:/QuickPLS/node_modules/@vitest/runner/dist/chunk-artifact.js:2272:10)\n    at file:///D:/QuickPLS/node_modules/@vitest/runner/dist/chunk-artifact.js:2955:64"],"meta":{},"tags":[]},{"ancestorTitles":["desktop accessibility contracts"],"fullName":"desktop accessibility contracts keeps a persistent desktop readiness checklist in the status bar","status":"passed","title":"keeps a persistent desktop readiness checklist in the status bar","duration":8.631000000000085,"failureMessages":[],"meta":{},"tags":[]}],"startTime":1787330519456,"endTime":1787330519531.631,"status":"failed","message":"","name":"D:/QuickPLS/src/components/accessibilityContracts.test.ts"},{"assertionResults":[{"ancestorTitles":["GeneralSemEstimatorCompatibilityPanel"],"fullName":"GeneralSemEstimatorCompatibilityPanel renders both exact estimator decisions with visible live status and full recovery text","status":"passed","title":"renders both exact estimator decisions with visible live status and full recovery text","duration":47.99180000000001,"failureMessages":[],"meta":{},"tags":[]},{"ancestorTitles":["GeneralSemEstimatorCompatibilityPanel"],"fullName":"GeneralSemEstimatorCompatibilityPanel exposes selected state as text and aria-pressed without selecting a blocked estimator","status":"passed","title":"exposes selected state as text and aria-pressed without selecting a blocked estimator","duration":14.532999999999902,"failureMessages":[],"meta":{},"tags":[]},{"ancestorTitles":["GeneralSemEstimatorCompatibilityPanel"],"fullName":"GeneralSemEstimatorCompatibilityPanel qualifies Standard percentile two-sided bootstrap and renders every exact capability cell","status":"failed","title":"qualifies Standard percentile two-sided bootstrap and renders every exact capability cell","duration":34.7799,"failureMessages":["AssertionError: expected '<section class=\"nd-utility-dialog\" ar…' to contain 'General recursive PLS percentile case…'\n    at D:/QuickPLS/src/native/GeneralSemEstimatorCompatibilityPanel.test.tsx:133:18\n    at file:///D:/QuickPLS/node_modules/@vitest/runner/dist/chunk-artifact.js:302:11\n    at file:///D:/QuickPLS/node_modules/@vitest/runner/dist/chunk-artifact.js:1903:26\n    at file:///D:/QuickPLS/node_modules/@vitest/runner/dist/chunk-artifact.js:2326:20\n    at new Promise (<anonymous>)\n    at runWithCancel (file:///D:/QuickPLS/node_modules/@vitest/runner/dist/chunk-artifact.js:2323:10)\n    at file:///D:/QuickPLS/node_modules/@vitest/runner/dist/chunk-artifact.js:2305:20\n    at new Promise (<anonymous>)\n    at runWithTimeout (file:///D:/QuickPLS/node_modules/@vitest/runner/dist/chunk-artifact.js:2272:10)\n    at file:///D:/QuickPLS/node_modules/@vitest/runner/dist/chunk-artifact.js:2955:64"],"meta":{},"tags":[]},{"ancestorTitles":["GeneralSemEstimatorCompatibilityPanel"],"fullName":"GeneralSemEstimatorCompatibilityPanel wires selection only for Supported or Experimental decisions","status":"passed","title":"wires selection only for Supported or Experimental decisions","duration":5.837100000000191,"failureMessages":[],"meta":{},"tags":[]}],"startTime":1787330520191,"endTime":1787330520294.8372,"status":"failed","message":"","name":"D:/QuickPLS/src/native/GeneralSemEstimatorCompatibilityPanel.test.tsx"},{"assertionResults":[{"ancestorTitles":["historical native CB-SEM bootstrap v2 compatibility"],"fullName":"historical native CB-SEM bootstrap v2 compatibility keeps the historical schema-3 recipe explicit but routes new inference to Exact CB-SEM","status":"failed","title":"keeps the historical schema-3 recipe explicit but routes new inference to Exact CB-SEM","duration":18.205399999999827,"failureMessages":["AssertionError: expected 'Choose Case bootstrap in the CB-SEM C…' to contain 'Run current exact CFA bootstrap from …'\n    at D:/QuickPLS/src/native/nativeCbsemBootstrap.test.ts:210:8\n    at file:///D:/QuickPLS/node_modules/@vitest/runner/dist/chunk-artifact.js:302:11\n    at file:///D:/QuickPLS/node_modules/@vitest/runner/dist/chunk-artifact.js:1903:26\n    at file:///D:/QuickPLS/node_modules/@vitest/runner/dist/chunk-artifact.js:2326:20\n    at new Promise (<anonymous>)\n    at runWithCancel (file:///D:/QuickPLS/node_modules/@vitest/runner/dist/chunk-artifact.js:2323:10)\n    at file:///D:/QuickPLS/node_modules/@vitest/runner/dist/chunk-artifact.js:2305:20\n    at new Promise (<anonymous>)\n    at runWithTimeout (file:///D:/QuickPLS/node_modules/@vitest/runner/dist/chunk-artifact.js:2272:10)\n    at file:///D:/QuickPLS/node_modules/@vitest/runner/dist/chunk-artifact.js:2955:64"],"meta":{},"tags":[]},{"ancestorTitles":["historical native CB-SEM bootstrap v2 compatibility"],"fullName":"historical native CB-SEM bootstrap v2 compatibility projects the same completed run into results and export tables and rejects analytical tampering","status":"passed","title":"projects the same completed run into results and export tables and rejects analytical tampering","duration":42.41730000000007,"failureMessages":[],"meta":{},"tags":[]},{"ancestorTitles":["historical native CB-SEM bootstrap v2 compatibility"],"fullName":"historical native CB-SEM bootstrap v2 compatibility keeps a below-threshold completion visible with no interval and the exact failure ledger","status":"passed","title":"keeps a below-threshold completion visible with no interval and the exact failure ledger","duration":3.0558999999998377,"failureMessages":[],"meta":{},"tags":[]},{"ancestorTitles":["historical native CB-SEM bootstrap v2 compatibility"],"fullName":"historical native CB-SEM bootstrap v2 compatibility keeps a complete 500-replicate pilot visible as unavailable and rejects boundary tampering","status":"passed","title":"keeps a complete 500-replicate pilot visible as unavailable and rejects boundary tampering","duration":4.065099999999802,"failureMessages":[],"meta":{},"tags":[]}],"startTime":1787330521353,"endTime":1787330521421.0652,"status":"failed","message":"","name":"D:/QuickPLS/src/native/nativeCbsemBootstrap.test.ts"},{"assertionResults":[{"ancestorTitles":["native controller release contracts"],"fullName":"native controller release contracts protects dirty work before every project replacement","status":"failed","title":"protects dirty work before every project replacement","duration":11.705699999999979,"failureMessages":["AssertionError: expected 'import Papa from \"papaparse\";\\nimport…' to contain 'Wait for the marked project file to f…'\n    at D:/QuickPLS/src/native/nativeControllerContracts.test.ts:25:24\n    at file:///D:/QuickPLS/node_modules/@vitest/runner/dist/chunk-artifact.js:302:11\n    at file:///D:/QuickPLS/node_modules/@vitest/runner/dist/chunk-artifact.js:1903:26\n    at file:///D:/QuickPLS/node_modules/@vitest/runner/dist/chunk-artifact.js:2326:20\n    at new Promise (<anonymous>)\n    at runWithCancel (file:///D:/QuickPLS/node_modules/@vitest/runner/dist/chunk-artifact.js:2323:10)\n    at file:///D:/QuickPLS/node_modules/@vitest/runner/dist/chunk-artifact.js:2305:20\n    at new Promise (<anonymous>)\n    at runWithTimeout (file:///D:/QuickPLS/node_modules/@vitest/runner/dist/chunk-artifact.js:2272:10)\n    at file:///D:/QuickPLS/node_modules/@vitest/runner/dist/chunk-artifact.js:2955:64"],"meta":{},"tags":[]},{"ancestorTitles":["native controller release contracts"],"fullName":"native controller release contracts binds General SEM only to a fresh native project and blocks unmarked persistence","status":"failed","title":"binds General SEM only to a fresh native project and blocks unmarked persistence","duration":5.737099999999828,"failureMessages":["AssertionError: expected 'import Papa from \"papaparse\";\\nimport…' to contain 'title: \"Use General SEM save and acti…'\n    at D:/QuickPLS/src/native/nativeControllerContracts.test.ts:38:24\n    at file:///D:/QuickPLS/node_modules/@vitest/runner/dist/chunk-artifact.js:302:11\n    at file:///D:/QuickPLS/node_modules/@vitest/runner/dist/chunk-artifact.js:1903:26\n    at file:///D:/QuickPLS/node_modules/@vitest/runner/dist/chunk-artifact.js:2326:20\n    at new Promise (<anonymous>)\n    at runWithCancel (file:///D:/QuickPLS/node_modules/@vitest/runner/dist/chunk-artifact.js:2323:10)\n    at file:///D:/QuickPLS/node_modules/@vitest/runner/dist/chunk-artifact.js:2305:20\n    at new Promise (<anonymous>)\n    at runWithTimeout (file:///D:/QuickPLS/node_modules/@vitest/runner/dist/chunk-artifact.js:2272:10)\n    at file:///D:/QuickPLS/node_modules/@vitest/runner/dist/chunk-artifact.js:2955:64"],"meta":{},"tags":[]},{"ancestorTitles":["native controller release contracts"],"fullName":"native controller release contracts uses canonical Standard authority anchors for every dirty-work guard","status":"failed","title":"uses canonical Standard authority anchors for every dirty-work guard","duration":5.562399999999798,"failureMessages":["AssertionError: expected 'import {\\n  Calculator,\\n  Check,\\n  …' to contain 'documentView === \"general_sem_labs\" &…'\n    at D:/QuickPLS/src/native/nativeControllerContracts.test.ts:57:17\n    at file:///D:/QuickPLS/node_modules/@vitest/runner/dist/chunk-artifact.js:302:11\n    at file:///D:/QuickPLS/node_modules/@vitest/runner/dist/chunk-artifact.js:1903:26\n    at file:///D:/QuickPLS/node_modules/@vitest/runner/dist/chunk-artifact.js:2326:20\n    at new Promise (<anonymous>)\n    at runWithCancel (file:///D:/QuickPLS/node_modules/@vitest/runner/dist/chunk-artifact.js:2323:10)\n    at file:///D:/QuickPLS/node_modules/@vitest/runner/dist/chunk-artifact.js:2305:20\n    at new Promise (<anonymous>)\n    at runWithTimeout (file:///D:/QuickPLS/node_modules/@vitest/runner/dist/chunk-artifact.js:2272:10)\n    at file:///D:/QuickPLS/node_modules/@vitest/runner/dist/chunk-artifact.js:2955:64"],"meta":{},"tags":[]},{"ancestorTitles":["native controller release contracts"],"fullName":"native controller release contracts navigates only after a project or dataset operation succeeds","status":"passed","title":"navigates only after a project or dataset operation succeeds","duration":0.5140000000001237,"failureMessages":[],"meta":{},"tags":[]},{"ancestorTitles":["native controller release contracts"],"fullName":"native controller release contracts hydrates and saves through canonical project records instead of trusting workspace result copies","status":"passed","title":"hydrates and saves through canonical project records instead of trusting workspace result copies","duration":0.514299999999821,"failureMessages":[],"meta":{},"tags":[]},{"ancestorTitles":["native controller release contracts"],"fullName":"native controller release contracts blocks strict Standard authority before every legacy persistence or calculation boundary","status":"passed","title":"blocks strict Standard authority before every legacy persistence or calculation boundary","duration":0.5233999999995831,"failureMessages":[],"meta":{},"tags":[]},{"ancestorTitles":["native controller release contracts"],"fullName":"native controller release contracts hydrates and mutates the typed project explorer without dropping the outgoing model presentation","status":"passed","title":"hydrates and mutates the typed project explorer without dropping the outgoing model presentation","duration":0.6159000000002379,"failureMessages":[],"meta":{},"tags":[]},{"ancestorTitles":["native controller release contracts"],"fullName":"native controller release contracts keeps model deletion in Project Explorer and selects a deterministic remaining target","status":"passed","title":"keeps model deletion in Project Explorer and selects a deterministic remaining target","duration":0.29850000000033106,"failureMessages":[],"meta":{},"tags":[]},{"ancestorTitles":["native controller release contracts"],"fullName":"native controller release contracts forwards validated data-kind, sample-size, and missing-marker import options","status":"passed","title":"forwards validated data-kind, sample-size, and missing-marker import options","duration":0.7584999999999127,"failureMessages":[],"meta":{},"tags":[]},{"ancestorTitles":["native controller release contracts"],"fullName":"native controller release contracts reopens marked General SEM archives as non-writable strict projects","status":"failed","title":"reopens marked General SEM archives as non-writable strict projects","duration":0.7418999999999869,"failureMessages":["AssertionError: expected '' to contain 'activateStandardAuthorities'\n    at D:/QuickPLS/src/native/nativeControllerContracts.test.ts:140:24\n    at file:///D:/QuickPLS/node_modules/@vitest/runner/dist/chunk-artifact.js:302:11\n    at file:///D:/QuickPLS/node_modules/@vitest/runner/dist/chunk-artifact.js:1903:26\n    at file:///D:/QuickPLS/node_modules/@vitest/runner/dist/chunk-artifact.js:2326:20\n    at new Promise (<anonymous>)\n    at runWithCancel (file:///D:/QuickPLS/node_modules/@vitest/runner/dist/chunk-artifact.js:2323:10)\n    at file:///D:/QuickPLS/node_modules/@vitest/runner/dist/chunk-artifact.js:2305:20\n    at new Promise (<anonymous>)\n    at runWithTimeout (file:///D:/QuickPLS/node_modules/@vitest/runner/dist/chunk-artifact.js:2272:10)\n    at file:///D:/QuickPLS/node_modules/@vitest/runner/dist/chunk-artifact.js:2955:64"],"meta":{},"tags":[]},{"ancestorTitles":["native controller release contracts"],"fullName":"native controller release contracts attempts to dismiss failed native jobs before exposing retry","status":"passed","title":"attempts to dismiss failed native jobs before exposing retry","duration":0.34649999999965075,"failureMessages":[],"meta":{},"tags":[]},{"ancestorTitles":["native controller release contracts"],"fullName":"native controller release contracts does not dismiss a completed job after its result has been consumed","status":"passed","title":"does not dismiss a completed job after its result has been consumed","duration":0.24569999999994252,"failureMessages":[],"meta":{},"tags":[]},{"ancestorTitles":["native controller release contracts"],"fullName":"native controller release contracts fails current structural path randomization closed before adding the completed run","status":"passed","title":"fails current structural path randomization closed before adding the completed run","duration":0.34760000000005675,"failureMessages":[],"meta":{},"tags":[]},{"ancestorTitles":["native controller release contracts"],"fullName":"native controller release contracts uses the consumed native result id for both the saved run and completion selection","status":"passed","title":"uses the consumed native result id for both the saved run and completion selection","duration":1.1135000000003856,"failureMessages":[],"meta":{},"tags":[]},{"ancestorTitles":["native controller release contracts"],"fullName":"native controller release contracts persists and exposes only result-backed completed jobs","status":"passed","title":"persists and exposes only result-backed completed jobs","duration":0.7990999999997257,"failureMessages":[],"meta":{},"tags":[]},{"ancestorTitles":["native controller release contracts"],"fullName":"native controller release contracts stores completed-run logs and exposes them on demand","status":"passed","title":"stores completed-run logs and exposes them on demand","duration":0.24909999999999854,"failureMessages":[],"meta":{},"tags":[]},{"ancestorTitles":["native controller release contracts"],"fullName":"native controller release contracts latches cancellation before the native job id is available and forwards it once accepted","status":"passed","title":"latches cancellation before the native job id is available and forwards it once accepted","duration":0.37059999999974025,"failureMessages":[],"meta":{},"tags":[]},{"ancestorTitles":["native controller release contracts"],"fullName":"native controller release contracts uses the typed builder as the sole native recipe construction path","status":"passed","title":"uses the typed builder as the sole native recipe construction path","duration":0.8612000000002809,"failureMessages":[],"meta":{},"tags":[]},{"ancestorTitles":["native controller release contracts"],"fullName":"native controller release contracts builds exact Algorithm, Bootstrapping, Permutation, and Prediction job payloads","status":"passed","title":"builds exact Algorithm, Bootstrapping, Permutation, and Prediction job payloads","duration":4.924999999999727,"failureMessages":[],"meta":{},"tags":[]},{"ancestorTitles":["native controller release contracts"],"fullName":"native controller release contracts submits an immutable catalog request and stores native inference output","status":"passed","title":"submits an immutable catalog request and stores native inference output","duration":1.3092000000001462,"failureMessages":[],"meta":{},"tags":[]},{"ancestorTitles":["native controller release contracts"],"fullName":"native controller release contracts routes a normalized single-target IPMA request through the typed controller recipe path","status":"passed","title":"routes a normalized single-target IPMA request through the typed controller recipe path","duration":2.2445000000002437,"failureMessages":[],"meta":{},"tags":[]},{"ancestorTitles":["native controller release contracts"],"fullName":"native controller release contracts runs standalone NCA with an empty wire model without creating an editable project model","status":"passed","title":"runs standalone NCA with an empty wire model without creating an editable project model","duration":0.403599999999642,"failureMessages":[],"meta":{},"tags":[]},{"ancestorTitles":["native controller release contracts"],"fullName":"native controller release contracts keeps calculation edits local until Start and lets Close discard the draft","status":"passed","title":"keeps calculation edits local until Start and lets Close discard the draft","duration":0.5253999999999905,"failureMessages":[],"meta":{},"tags":[]},{"ancestorTitles":["native controller release contracts"],"fullName":"native controller release contracts carries a full-data logistic proof through dispatch and revalidates it before job creation","status":"failed","title":"carries a full-data logistic proof through dispatch and revalidates it before job creation","duration":4.951600000000326,"failureMessages":["AssertionError: expected 'import {\\n  Calculator,\\n  ChartScatt…' to contain 'start(verifiedLogisticProfile ?? veri…'\n    at D:/QuickPLS/src/native/nativeControllerContracts.test.ts:407:31\n    at file:///D:/QuickPLS/node_modules/@vitest/runner/dist/chunk-artifact.js:302:11\n    at file:///D:/QuickPLS/node_modules/@vitest/runner/dist/chunk-artifact.js:1903:26\n    at file:///D:/QuickPLS/node_modules/@vitest/runner/dist/chunk-artifact.js:2326:20\n    at new Promise (<anonymous>)\n    at runWithCancel (file:///D:/QuickPLS/node_modules/@vitest/runner/dist/chunk-artifact.js:2323:10)\n    at file:///D:/QuickPLS/node_modules/@vitest/runner/dist/chunk-artifact.js:2305:20\n    at new Promise (<anonymous>)\n    at runWithTimeout (file:///D:/QuickPLS/node_modules/@vitest/runner/dist/chunk-artifact.js:2272:10)\n    at file:///D:/QuickPLS/node_modules/@vitest/runner/dist/chunk-artifact.js:2955:64"],"meta":{},"tags":[]}],"startTime":1787330520689,"endTime":1787330520735.9517,"status":"failed","message":"","name":"D:/QuickPLS/src/native/nativeControllerContracts.test.ts"},{"assertionResults":[{"ancestorTitles":["nativePlsReadiness"],"fullName":"nativePlsReadiness blocks an empty desktop project without inventing navigation actions","status":"passed","title":"blocks an empty desktop project without inventing navigation actions","duration":4.6603000000000065,"failureMessages":[],"meta":{},"tags":[]},{"ancestorTitles":["nativePlsReadiness"],"fullName":"nativePlsReadiness blocks calculation in the web preview","status":"passed","title":"blocks calculation in the web preview","duration":1.0266999999998916,"failureMessages":[],"meta":{},"tags":[]},{"ancestorTitles":["nativePlsReadiness"],"fullName":"nativePlsReadiness accepts a fingerprinted numeric raw-data model in the desktop runtime","status":"passed","title":"accepts a fingerprinted numeric raw-data model in the desktop runtime","duration":0.5291999999999462,"failureMessages":[],"meta":{},"tags":[]},{"ancestorTitles":["nativePlsReadiness"],"fullName":"nativePlsReadiness accepts bounded point-only ML and routes every archived CB-SEM bootstrap setting to the exact workspace","status":"failed","title":"accepts bounded point-only ML and routes every archived CB-SEM bootstrap setting to the exact workspace","duration":13.45719999999983,"failureMessages":["AssertionError: expected 'Choose Case bootstrap in the CB-SEM C…' to contain 'Run current exact CFA bootstrap from …'\n    at D:/QuickPLS/src/native/nativePlsReadiness.test.ts:127:10\n    at file:///D:/QuickPLS/node_modules/@vitest/runner/dist/chunk-artifact.js:302:11\n    at file:///D:/QuickPLS/node_modules/@vitest/runner/dist/chunk-artifact.js:1903:26\n    at file:///D:/QuickPLS/node_modules/@vitest/runner/dist/chunk-artifact.js:2326:20\n    at new Promise (<anonymous>)\n    at runWithCancel (file:///D:/QuickPLS/node_modules/@vitest/runner/dist/chunk-artifact.js:2323:10)\n    at file:///D:/QuickPLS/node_modules/@vitest/runner/dist/chunk-artifact.js:2305:20\n    at new Promise (<anonymous>)\n    at runWithTimeout (file:///D:/QuickPLS/node_modules/@vitest/runner/dist/chunk-artifact.js:2272:10)\n    at file:///D:/QuickPLS/node_modules/@vitest/runner/dist/chunk-artifact.js:2955:64"],"meta":{},"tags":[]},{"ancestorTitles":["nativePlsReadiness"],"fullName":"nativePlsReadiness accepts the bounded mixed-block GSCA ALS scope and blocks unsupported model/settings shapes","status":"passed","title":"accepts the bounded mixed-block GSCA ALS scope and blocks unsupported model/settings shapes","duration":1.6550999999999476,"failureMessages":[],"meta":{},"tags":[]},{"ancestorTitles":["nativePlsReadiness"],"fullName":"nativePlsReadiness admits bounded Standard PLSc bootstrapping while keeping point PLSc and permutation separate","status":"passed","title":"admits bounded Standard PLSc bootstrapping while keeping point PLSc and permutation separate","duration":19.98129999999992,"failureMessages":[],"meta":{},"tags":[]},{"ancestorTitles":["nativePlsReadiness"],"fullName":"nativePlsReadiness blocks PLSc bootstrap settings outside the frozen bounded contract","status":"passed","title":"blocks PLSc bootstrap settings outside the frozen bounded contract","duration":1.2018000000002758,"failureMessages":[],"meta":{},"tags":[]},{"ancestorTitles":["nativePlsReadiness"],"fullName":"nativePlsReadiness accepts a valid generated HOC block and blocks malformed HOC metadata","status":"passed","title":"accepts a valid generated HOC block and blocks malformed HOC metadata","duration":1.2454999999999927,"failureMessages":[],"meta":{},"tags":[]},{"ancestorTitles":["nativePlsReadiness"],"fullName":"nativePlsReadiness accepts bounded permutation inference and keeps it separate from bootstrapping","status":"passed","title":"accepts bounded permutation inference and keeps it separate from bootstrapping","duration":1.4315000000001419,"failureMessages":[],"meta":{},"tags":[]},{"ancestorTitles":["nativePlsReadiness"],"fullName":"nativePlsReadiness accepts the qualified 999-sample bootstrap count and blocks invalid raw resample counts","status":"passed","title":"accepts the qualified 999-sample bootstrap count and blocks invalid raw resample counts","duration":0.9346000000000458,"failureMessages":[],"meta":{},"tags":[]},{"ancestorTitles":["nativePlsReadiness"],"fullName":"nativePlsReadiness blocks an invalid studentized bootstrap plan before dispatch","status":"passed","title":"blocks an invalid studentized bootstrap plan before dispatch","duration":0.32769999999982247,"failureMessages":[],"meta":{},"tags":[]},{"ancestorTitles":["nativePlsReadiness"],"fullName":"nativePlsReadiness accepts indicator PLSpredict / CVPAT and blocks unsupported or underpowered shapes","status":"passed","title":"accepts indicator PLSpredict / CVPAT and blocks unsupported or underpowered shapes","duration":1.5986000000002605,"failureMessages":[],"meta":{},"tags":[]},{"ancestorTitles":["nativePlsReadiness"],"fullName":"nativePlsReadiness requires an explicit, non-indicator A-versus-B plan for combined MICOM and permutation MGA","status":"passed","title":"requires an explicit, non-indicator A-versus-B plan for combined MICOM and permutation MGA","duration":1.1356999999998152,"failureMessages":[],"meta":{},"tags":[]},{"ancestorTitles":["nativePlsReadiness"],"fullName":"nativePlsReadiness exposes only descriptive CCA composite residual diagnostics in the bounded native scope","status":"passed","title":"exposes only descriptive CCA composite residual diagnostics in the bounded native scope","duration":1.7173999999999978,"failureMessages":[],"meta":{},"tags":[]},{"ancestorTitles":["nativePlsReadiness"],"fullName":"nativePlsReadiness requires one immutable endogenous construct ID for fixed-scope importance-performance analysis","status":"passed","title":"requires one immutable endogenous construct ID for fixed-scope importance-performance analysis","duration":2.3357999999998356,"failureMessages":[],"meta":{},"tags":[]},{"ancestorTitles":["nativePlsReadiness"],"fullName":"nativePlsReadiness accepts bounded Consistent PLS and blocks incompatible measurement models","status":"passed","title":"accepts bounded Consistent PLS and blocks incompatible measurement models","duration":0.7618000000002212,"failureMessages":[],"meta":{},"tags":[]},{"ancestorTitles":["nativePlsReadiness"],"fullName":"nativePlsReadiness enforces the promoted two-stage moderation calculation scope","status":"failed","title":"enforces the promoted two-stage moderation calculation scope","duration":2.640899999999874,"failureMessages":["AssertionError: expected 'Choose PLS Algorithm or Bootstrapping…' to contain 'does not support interaction_v2'\n    at D:/QuickPLS/src/native/nativePlsReadiness.test.ts:580:82\n    at file:///D:/QuickPLS/node_modules/@vitest/runner/dist/chunk-artifact.js:302:11\n    at file:///D:/QuickPLS/node_modules/@vitest/runner/dist/chunk-artifact.js:1903:26\n    at file:///D:/QuickPLS/node_modules/@vitest/runner/dist/chunk-artifact.js:2326:20\n    at new Promise (<anonymous>)\n    at runWithCancel (file:///D:/QuickPLS/node_modules/@vitest/runner/dist/chunk-artifact.js:2323:10)\n    at file:///D:/QuickPLS/node_modules/@vitest/runner/dist/chunk-artifact.js:2305:20\n    at new Promise (<anonymous>)\n    at runWithTimeout (file:///D:/QuickPLS/node_modules/@vitest/runner/dist/chunk-artifact.js:2272:10)\n    at file:///D:/QuickPLS/node_modules/@vitest/runner/dist/chunk-artifact.js:2955:64"],"meta":{},"tags":[]},{"ancestorTitles":["nativePlsReadiness"],"fullName":"nativePlsReadiness checks Weighted PLS setup without claiming to validate unseen native rows","status":"passed","title":"checks Weighted PLS setup without claiming to validate unseen native rows","duration":2.108600000000024,"failureMessages":[],"meta":{},"tags":[]},{"ancestorTitles":["nativePlsReadiness"],"fullName":"nativePlsReadiness blocks duplicate indicator assignments and directed structural cycles","status":"passed","title":"blocks duplicate indicator assignments and directed structural cycles","duration":0.401299999999992,"failureMessages":[],"meta":{},"tags":[]},{"ancestorTitles":["nativePlsReadiness"],"fullName":"nativePlsReadiness warns for a very small sample without turning the warning into a blocker","status":"passed","title":"warns for a very small sample without turning the warning into a blocker","duration":0.3566000000000713,"failureMessages":[],"meta":{},"tags":[]},{"ancestorTitles":["nativePlsReadiness"],"fullName":"nativePlsReadiness uses the full native case count rather than the resident preview rows","status":"passed","title":"uses the full native case count rather than the resident preview rows","duration":0.37629999999990105,"failureMessages":[],"meta":{},"tags":[]},{"ancestorTitles":["nativePlsReadiness"],"fullName":"nativePlsReadiness blocks assigned variables declared as non-numeric","status":"passed","title":"blocks assigned variables declared as non-numeric","duration":0.258900000000267,"failureMessages":[],"meta":{},"tags":[]},{"ancestorTitles":["nativePlsReadiness"],"fullName":"nativePlsReadiness allows standalone NCA without constructing a SEM model","status":"passed","title":"allows standalone NCA without constructing a SEM model","duration":1.1182999999996355,"failureMessages":[],"meta":{},"tags":[]},{"ancestorTitles":["nativePlsReadiness"],"fullName":"nativePlsReadiness blocks invalid NCA variables and permutation bounds before dispatch","status":"passed","title":"blocks invalid NCA variables and permutation bounds before dispatch","duration":1.1239000000000487,"failureMessages":[],"meta":{},"tags":[]},{"ancestorTitles":["nativePlsReadiness"],"fullName":"nativePlsReadiness allows standalone PCA without a SEM model and validates retention before dispatch","status":"passed","title":"allows standalone PCA without a SEM model and validates retention before dispatch","duration":1.019800000000032,"failureMessages":[],"meta":{},"tags":[]},{"ancestorTitles":["nativePlsReadiness"],"fullName":"nativePlsReadiness routes model-free binary logistic regression through exact 0/1 readiness","status":"passed","title":"routes model-free binary logistic regression through exact 0/1 readiness","duration":2.8569000000002234,"failureMessages":[],"meta":{},"tags":[]},{"ancestorTitles":["nativePlsReadiness"],"fullName":"nativePlsReadiness enforces the 51-coefficient validation-witness cap only for regression bootstrap","status":"passed","title":"enforces the 51-coefficient validation-witness cap only for regression bootstrap","duration":4.3651999999997315,"failureMessages":[],"meta":{},"tags":[]},{"ancestorTitles":["nativePlsReadiness"],"fullName":"nativePlsReadiness routes graph-defined PROCESS through graph, global-sample, and bootstrap readiness","status":"passed","title":"routes graph-defined PROCESS through graph, global-sample, and bootstrap readiness","duration":6.92029999999977,"failureMessages":[],"meta":{},"tags":[]}],"startTime":1787330520860,"endTime":1787330520938.9204,"status":"failed","message":"","name":"D:/QuickPLS/src/native/nativePlsReadiness.test.ts"},{"assertionResults":[{"ancestorTitles":["CB-SEM Recipe-v4 workspace interaction contracts"],"fullName":"CB-SEM Recipe-v4 workspace interaction contracts is reachable from the Standard exact model tab and remains separate from schema-3 Calculate","status":"failed","title":"is reachable from the Standard exact model tab and remains separate from schema-3 Calculate","duration":19.453500000000076,"failureMessages":["AssertionError: expected 'import {\\n  Calculator,\\n  Check,\\n  …' to contain 'documentView === \"cbsem_labs\" ? <Nati…'\n    at D:/QuickPLS/src/native/nativeRecipeV4CbsemWorkspaceContracts.test.ts:9:23\n    at file:///D:/QuickPLS/node_modules/@vitest/runner/dist/chunk-artifact.js:302:11\n    at file:///D:/QuickPLS/node_modules/@vitest/runner/dist/chunk-artifact.js:1903:26\n    at file:///D:/QuickPLS/node_modules/@vitest/runner/dist/chunk-artifact.js:2326:20\n    at new Promise (<anonymous>)\n    at runWithCancel (file:///D:/QuickPLS/node_modules/@vitest/runner/dist/chunk-artifact.js:2323:10)\n    at file:///D:/QuickPLS/node_modules/@vitest/runner/dist/chunk-artifact.js:2305:20\n    at new Promise (<anonymous>)\n    at runWithTimeout (file:///D:/QuickPLS/node_modules/@vitest/runner/dist/chunk-artifact.js:2272:10)\n    at file:///D:/QuickPLS/node_modules/@vitest/runner/dist/chunk-artifact.js:2955:64"],"meta":{},"tags":[]},{"ancestorTitles":["CB-SEM Recipe-v4 workspace interaction contracts"],"fullName":"CB-SEM Recipe-v4 workspace interaction contracts restores focus after run, failure, cancellation, and archive selection","status":"passed","title":"restores focus after run, failure, cancellation, and archive selection","duration":0.7462000000000444,"failureMessages":[],"meta":{},"tags":[]},{"ancestorTitles":["CB-SEM Recipe-v4 workspace interaction contracts"],"fullName":"CB-SEM Recipe-v4 workspace interaction contracts does not surface a completed document after captured identity changed","status":"passed","title":"does not surface a completed document after captured identity changed","duration":0.28700000000003456,"failureMessages":[],"meta":{},"tags":[]},{"ancestorTitles":["CB-SEM Recipe-v4 workspace interaction contracts"],"fullName":"CB-SEM Recipe-v4 workspace interaction contracts uses native canonical documents and exact schema-6 services without rebuilding analytical tables","status":"passed","title":"uses native canonical documents and exact schema-6 services without rebuilding analytical tables","duration":0.7333000000000993,"failureMessages":[],"meta":{},"tags":[]},{"ancestorTitles":["CB-SEM Recipe-v4 workspace interaction contracts"],"fullName":"CB-SEM Recipe-v4 workspace interaction contracts keeps point-only mean replacement separate and exposes exact-bootstrap controls","status":"passed","title":"keeps point-only mean replacement separate and exposes exact-bootstrap controls","duration":0.3868999999999687,"failureMessages":[],"meta":{},"tags":[]}],"startTime":1787330519597,"endTime":1787330519619.387,"status":"failed","message":"","name":"D:/QuickPLS/src/native/nativeRecipeV4CbsemWorkspaceContracts.test.ts"},{"assertionResults":[{"ancestorTitles":["native SEM parameter-table UI contracts"],"fullName":"native SEM parameter-table UI contracts provides an operable tablist and labelled panels","status":"failed","title":"provides an operable tablist and labelled panels","duration":18.63409999999999,"failureMessages":["AssertionError: expected 'import {\\n  Calculator,\\n  Check,\\n  …' to contain 'role=\"tablist\"'\n    at D:/QuickPLS/src/native/nativeSemParameterTableContracts.test.ts:10:17\n    at file:///D:/QuickPLS/node_modules/@vitest/runner/dist/chunk-artifact.js:302:11\n    at file:///D:/QuickPLS/node_modules/@vitest/runner/dist/chunk-artifact.js:1903:26\n    at file:///D:/QuickPLS/node_modules/@vitest/runner/dist/chunk-artifact.js:2326:20\n    at new Promise (<anonymous>)\n    at runWithCancel (file:///D:/QuickPLS/node_modules/@vitest/runner/dist/chunk-artifact.js:2323:10)\n    at file:///D:/QuickPLS/node_modules/@vitest/runner/dist/chunk-artifact.js:2305:20\n    at new Promise (<anonymous>)\n    at runWithTimeout (file:///D:/QuickPLS/node_modules/@vitest/runner/dist/chunk-artifact.js:2272:10)\n    at file:///D:/QuickPLS/node_modules/@vitest/runner/dist/chunk-artifact.js:2955:64"],"meta":{},"tags":[]},{"ancestorTitles":["native SEM parameter-table UI contracts"],"fullName":"native SEM parameter-table UI contracts derives editable rows from the estimator-authoritative SemModelV4 adapter","status":"failed","title":"derives editable rows from the estimator-authoritative SemModelV4 adapter","duration":5.950799999999845,"failureMessages":["AssertionError: expected 'import {\\n  Calculator,\\n  Check,\\n  …' to contain 'generalSemViewAvailable && documentVi…'\n    at D:/QuickPLS/src/native/nativeSemParameterTableContracts.test.ts:23:17\n    at file:///D:/QuickPLS/node_modules/@vitest/runner/dist/chunk-artifact.js:302:11\n    at file:///D:/QuickPLS/node_modules/@vitest/runner/dist/chunk-artifact.js:1903:26\n    at file:///D:/QuickPLS/node_modules/@vitest/runner/dist/chunk-artifact.js:2326:20\n    at new Promise (<anonymous>)\n    at runWithCancel (file:///D:/QuickPLS/node_modules/@vitest/runner/dist/chunk-artifact.js:2323:10)\n    at file:///D:/QuickPLS/node_modules/@vitest/runner/dist/chunk-artifact.js:2305:20\n    at new Promise (<anonymous>)\n    at runWithTimeout (file:///D:/QuickPLS/node_modules/@vitest/runner/dist/chunk-artifact.js:2272:10)\n    at file:///D:/QuickPLS/node_modules/@vitest/runner/dist/chunk-artifact.js:2955:64"],"meta":{},"tags":[]},{"ancestorTitles":["native SEM parameter-table UI contracts"],"fullName":"native SEM parameter-table UI contracts uses accessible table semantics and returns focusable rows to their canvas source","status":"passed","title":"uses accessible table semantics and returns focusable rows to their canvas source","duration":1.3449000000000524,"failureMessages":[],"meta":{},"tags":[]},{"ancestorTitles":["native SEM parameter-table UI contracts"],"fullName":"native SEM parameter-table UI contracts supports keyboard-contained, explicitly labelled editor forms","status":"passed","title":"supports keyboard-contained, explicitly labelled editor forms","duration":0.6189999999999145,"failureMessages":[],"meta":{},"tags":[]}],"startTime":1787330519599,"endTime":1787330519625.619,"status":"failed","message":"","name":"D:/QuickPLS/src/native/nativeSemParameterTableContracts.test.ts"},{"assertionResults":[{"ancestorTitles":["SemModelV4 scientific authoring UI"],"fullName":"SemModelV4 scientific authoring UI renders an accessible factor-versus-composite decision with an actionable legacy diagnostic","status":"passed","title":"renders an accessible factor-versus-composite decision with an actionable legacy diagnostic","duration":21.353099999999813,"failureMessages":[],"meta":{},"tags":[]},{"ancestorTitles":["SemModelV4 scientific authoring UI"],"fullName":"SemModelV4 scientific authoring UI shows the persisted marker selector for a confirmed common factor","status":"passed","title":"shows the persisted marker selector for a confirmed common factor","duration":1.5610000000001492,"failureMessages":[],"meta":{},"tags":[]},{"ancestorTitles":["SemModelV4 scientific authoring UI"],"fullName":"SemModelV4 scientific authoring UI offers exactly the four covariance uses and endpoint controls for residual covariance","status":"passed","title":"offers exactly the four covariance uses and endpoint controls for residual covariance","duration":2.467399999999998,"failureMessages":[],"meta":{},"tags":[]},{"ancestorTitles":["SemModelV4 scientific authoring UI"],"fullName":"SemModelV4 scientific authoring UI explains why an invalid disturbance covariance cannot be applied","status":"passed","title":"explains why an invalid disturbance covariance cannot be applied","duration":1.1409000000003289,"failureMessages":[],"meta":{},"tags":[]},{"ancestorTitles":["SemModelV4 scientific authoring UI"],"fullName":"SemModelV4 scientific authoring UI routes General SEM and its Parameter Table from exact Registry availability while keeping expert inspector fields Labs-scoped","status":"failed","title":"routes General SEM and its Parameter Table from exact Registry availability while keeping expert inspector fields Labs-scoped","duration":17.31269999999995,"failureMessages":["AssertionError: expected 'import {\\n  Calculator,\\n  Check,\\n  …' to contain 'state.uiPreferences.experimentalLabsE…'\n    at D:/QuickPLS/src/native/NativeSemScientificAuthoring.test.tsx:105:17\n    at file:///D:/QuickPLS/node_modules/@vitest/runner/dist/chunk-artifact.js:302:11\n    at file:///D:/QuickPLS/node_modules/@vitest/runner/dist/chunk-artifact.js:1903:26\n    at file:///D:/QuickPLS/node_modules/@vitest/runner/dist/chunk-artifact.js:2326:20\n    at new Promise (<anonymous>)\n    at runWithCancel (file:///D:/QuickPLS/node_modules/@vitest/runner/dist/chunk-artifact.js:2323:10)\n    at file:///D:/QuickPLS/node_modules/@vitest/runner/dist/chunk-artifact.js:2305:20\n    at new Promise (<anonymous>)\n    at runWithTimeout (file:///D:/QuickPLS/node_modules/@vitest/runner/dist/chunk-artifact.js:2272:10)\n    at file:///D:/QuickPLS/node_modules/@vitest/runner/dist/chunk-artifact.js:2955:64"],"meta":{},"tags":[]}],"startTime":1787330521470,"endTime":1787330521513.3127,"status":"failed","message":"","name":"D:/QuickPLS/src/native/NativeSemScientificAuthoring.test.tsx"},{"assertionResults":[{"ancestorTitles":["native desktop command surface contracts"],"fullName":"native desktop command surface contracts keeps launcher actions in the single native command bar","status":"passed","title":"keeps launcher actions in the single native command bar","duration":8.158400000000029,"failureMessages":[],"meta":{},"tags":[]},{"ancestorTitles":["native desktop command surface contracts"],"fullName":"native desktop command surface contracts gives model indicators and variable rows equivalent pointer and keyboard actions","status":"passed","title":"gives model indicators and variable rows equivalent pointer and keyboard actions","duration":5.980099999999993,"failureMessages":[],"meta":{},"tags":[]},{"ancestorTitles":["native desktop command surface contracts"],"fullName":"native desktop command surface contracts does not duplicate calculation commands in properties or empty results","status":"passed","title":"does not duplicate calculation commands in properties or empty results","duration":5.429100000000062,"failureMessages":[],"meta":{},"tags":[]},{"ancestorTitles":["native desktop command surface contracts"],"fullName":"native desktop command surface contracts clears terminal calculation state when its dialog closes","status":"passed","title":"clears terminal calculation state when its dialog closes","duration":6.89670000000001,"failureMessages":[],"meta":{},"tags":[]},{"ancestorTitles":["native desktop command surface contracts"],"fullName":"native desktop command surface contracts keeps trust and provenance text out of the primary results diagram","status":"passed","title":"keeps trust and provenance text out of the primary results diagram","duration":3.9053999999998723,"failureMessages":[],"meta":{},"tags":[]},{"ancestorTitles":["native desktop command surface contracts"],"fullName":"native desktop command surface contracts collapses the optional properties pane at the compact desktop breakpoint","status":"passed","title":"collapses the optional properties pane at the compact desktop breakpoint","duration":4.9529,"failureMessages":[],"meta":{},"tags":[]},{"ancestorTitles":["native desktop command surface contracts"],"fullName":"native desktop command surface contracts starts inside the Windows work area with a safe restored size","status":"passed","title":"starts inside the Windows work area with a safe restored size","duration":9.982500000000073,"failureMessages":[],"meta":{},"tags":[]},{"ancestorTitles":["native desktop command surface contracts"],"fullName":"native desktop command surface contracts provides truthful native data setup and versioned variable metadata editing","status":"passed","title":"provides truthful native data setup and versioned variable metadata editing","duration":16.47380000000021,"failureMessages":[],"meta":{},"tags":[]},{"ancestorTitles":["native desktop command surface contracts"],"fullName":"native desktop command surface contracts makes the post-import next step explicit without duplicating command behavior","status":"passed","title":"makes the post-import next step explicit without duplicating command behavior","duration":11.92529999999988,"failureMessages":[],"meta":{},"tags":[]},{"ancestorTitles":["native desktop command surface contracts"],"fullName":"native desktop command surface contracts keeps dataset lineage authoritative and recode native-only","status":"passed","title":"keeps dataset lineage authoritative and recode native-only","duration":12.563400000000001,"failureMessages":[],"meta":{},"tags":[]},{"ancestorTitles":["native desktop command surface contracts"],"fullName":"native desktop command surface contracts targets Data context commands at the invoked variable and excludes blank/version targets from Recode","status":"passed","title":"targets Data context commands at the invoked variable and excludes blank/version targets from Recode","duration":8.499899999999798,"failureMessages":[],"meta":{},"tags":[]},{"ancestorTitles":["native desktop command surface contracts"],"fullName":"native desktop command surface contracts guards Data mutations and scopes Recode completion to its originating dialog","status":"failed","title":"guards Data mutations and scopes Recode completion to its originating dialog","duration":47.38180000000011,"failureMessages":["AssertionError: expected 'import {\\n  Calculator,\\n  Check,\\n  …' to contain 'dialog === \"recode-data\" ? !recodeBusy'\n    at D:/QuickPLS/src/native/nativeSurfaceContracts.test.ts:167:17\n    at file:///D:/QuickPLS/node_modules/@vitest/runner/dist/chunk-artifact.js:302:11\n    at file:///D:/QuickPLS/node_modules/@vitest/runner/dist/chunk-artifact.js:1903:26\n    at file:///D:/QuickPLS/node_modules/@vitest/runner/dist/chunk-artifact.js:2326:20\n    at new Promise (<anonymous>)\n    at runWithCancel (file:///D:/QuickPLS/node_modules/@vitest/runner/dist/chunk-artifact.js:2323:10)\n    at file:///D:/QuickPLS/node_modules/@vitest/runner/dist/chunk-artifact.js:2305:20\n    at new Promise (<anonymous>)\n    at runWithTimeout (file:///D:/QuickPLS/node_modules/@vitest/runner/dist/chunk-artifact.js:2272:10)\n    at file:///D:/QuickPLS/node_modules/@vitest/runner/dist/chunk-artifact.js:2955:64"],"meta":{},"tags":[]}],"startTime":1787330519428,"endTime":1787330519571.3818,"status":"failed","message":"","name":"D:/QuickPLS/src/native/nativeSurfaceContracts.test.ts"},{"assertionResults":[{"ancestorTitles":["internal moderated-mediation revision service boundary"],"fullName":"internal moderated-mediation revision service boundary opens only the Registry-authorized Labs route and cancels before persistence","status":"passed","title":"opens only the Registry-authorized Labs route and cancels before persistence","duration":4.305499999999938,"failureMessages":[],"meta":{},"tags":[]},{"ancestorTitles":["internal moderated-mediation revision service boundary"],"fullName":"internal moderated-mediation revision service boundary uses the exact native v2 command and returns only a strictly reopened transaction","status":"failed","title":"uses the exact native v2 command and returns only a strictly reopened transaction","duration":33.19560000000001,"failureMessages":["AssertionError: expected \"vi.fn()\" to be called with arguments: [ …(2) ]\n\nReceived:\n\n  1st vi.fn() call:\n\n@@ -2,11 +2,11 @@\n    \"revise_internal_general_sem_execution_authority_v2\",\n    {\n      \"request\": {\n        \"destinationArchivePath\": \"D:\\\\revision-v2.qpls\",\n        \"expectedSourceArchiveSha256\": \"aaaaaaaaaaaaaaaaaaaaaaaaaaaaaaaaaaaaaaaaaaaaaaaaaaaaaaaaaaaaaaaa\",\n-       \"experimentalLabsEnabled\": true,\n+       \"experimentalLabsEnabled\": false,\n        \"revision\": {\n          \"expectedCapabilityCell\": {\n            \"capability_id\": \"smartpls.mediation\",\n            \"capability_version\": \"general_sem_pls_two_way_moderated_mediation_full_model_case_bootstrap_v1\",\n            \"cell_id\": \"qpls3.pls.general_sem_two_way_moderated_mediation_bootstrap\",\n@@ -20,11 +20,11 @@\n              \"relation:x:m\",\n              \"relation:m:y\",\n            ],\n            \"sem_generation\": \"general_sem_v1\",\n          },\n-         \"recipeExecutionSurface\": \"native_general_sem_pls_labs_v1\",\n+         \"recipeExecutionSurface\": \"native_general_sem_pls_standard_v1\",\n          \"revision\": {\n            \"createdAt\": \"2026-08-20T10:00:00Z\",\n            \"modelId\": \"model:revision-v2\",\n            \"modelName\": \"Moderated mediation revision\",\n            \"projectId\": \"10000000-0000-4000-8000-000000000003\",\n@@ -39,9 +39,9 @@\n            \"recipeDocumentSha256\": \"dddddddddddddddddddddddddddddddddddddddddddddddddddddddddddddddd\",\n            \"recipeId\": \"10000000-0000-4000-8000-000000000002\",\n          },\n        },\n        \"sourceArchivePath\": \"D:\\\\source.qpls\",\n-       \"surface\": \"internal_labs\",\n+       \"surface\": \"standard\",\n      },\n    },\n  ]\n\n\nNumber of calls: 1\n\n    at Proxy.<anonymous> (file:///D:/QuickPLS/node_modules/@vitest/expect/dist/index.js:1487:10)\n    at Proxy.<anonymous> (file:///D:/QuickPLS/node_modules/@vitest/expect/dist/index.js:1156:15)\n    at Proxy.methodWrapper (file:///D:/QuickPLS/node_modules/chai/index.js:1700:25)\n    at D:/QuickPLS/src/services/internalGeneralSemModeratedMediationRevisionV2Service.test.ts:55:26\n    at processTicksAndRejections (node:internal/process/task_queues:105:5)\n    at file:///D:/QuickPLS/node_modules/@vitest/runner/dist/chunk-artifact.js:1903:20"],"meta":{},"tags":[]},{"ancestorTitles":["internal moderated-mediation revision service boundary"],"fullName":"internal moderated-mediation revision service boundary fails closed when native transport rejects and never claims persistence","status":"passed","title":"fails closed when native transport rejects and never claims persistence","duration":1.5018999999997504,"failureMessages":[],"meta":{},"tags":[]},{"ancestorTitles":["internal moderated-mediation revision service boundary"],"fullName":"internal moderated-mediation revision service boundary returns a recovery receipt without replacing the source after post-persist inspection failure","status":"passed","title":"returns a recovery receipt without replacing the source after post-persist inspection failure","duration":2.521700000000237,"failureMessages":[],"meta":{},"tags":[]},{"ancestorTitles":["internal moderated-mediation revision service boundary"],"fullName":"internal moderated-mediation revision service boundary stops after persistence when the source session changes and does not inspect or activate","status":"passed","title":"stops after persistence when the source session changes and does not inspect or activate","duration":2.275699999999688,"failureMessages":[],"meta":{},"tags":[]}],"startTime":1787330520517,"endTime":1787330520560.2756,"status":"failed","message":"","name":"D:/QuickPLS/src/services/internalGeneralSemModeratedMediationRevisionV2Service.test.ts"},{"assertionResults":[{"ancestorTitles":["Capability Registry V2 frontend adapter"],"fullName":"Capability Registry V2 frontend adapter loads the frozen 45-row / 43-active baseline and declared surfaces","status":"failed","title":"loads the frozen 45-row / 43-active baseline and declared surfaces","duration":19.279700000000048,"failureMessages":["AssertionError: expected { row_count: 45, …(6) } to deeply equal { row_count: 45, …(6) }\n    at D:/QuickPLS/src/domain/capabilityRegistryV2.test.ts:15:42\n    at file:///D:/QuickPLS/node_modules/@vitest/runner/dist/chunk-artifact.js:302:11\n    at file:///D:/QuickPLS/node_modules/@vitest/runner/dist/chunk-artifact.js:1903:26\n    at file:///D:/QuickPLS/node_modules/@vitest/runner/dist/chunk-artifact.js:2326:20\n    at new Promise (<anonymous>)\n    at runWithCancel (file:///D:/QuickPLS/node_modules/@vitest/runner/dist/chunk-artifact.js:2323:10)\n    at file:///D:/QuickPLS/node_modules/@vitest/runner/dist/chunk-artifact.js:2305:20\n    at new Promise (<anonymous>)\n    at runWithTimeout (file:///D:/QuickPLS/node_modules/@vitest/runner/dist/chunk-artifact.js:2272:10)\n    at file:///D:/QuickPLS/node_modules/@vitest/runner/dist/chunk-artifact.js:2955:64"],"meta":{},"tags":[]},{"ancestorTitles":["Capability Registry V2 frontend adapter"],"fullName":"Capability Registry V2 frontend adapter authorizes the exact two-way moderated-mediation cell as scoped Standard","status":"passed","title":"authorizes the exact two-way moderated-mediation cell as scoped Standard","duration":3.178100000000086,"failureMessages":[],"meta":{},"tags":[]},{"ancestorTitles":["Capability Registry V2 frontend adapter"],"fullName":"Capability Registry V2 frontend adapter exposes the exact General SEM multiple-mediation bootstrap cell as scoped Standard","status":"passed","title":"exposes the exact General SEM multiple-mediation bootstrap cell as scoped Standard","duration":1.0209000000002106,"failureMessages":[],"meta":{},"tags":[]},{"ancestorTitles":["Capability Registry V2 frontend adapter"],"fullName":"Capability Registry V2 frontend adapter keeps Blindfolding and GoF as the only explicit Legacy exclusions","status":"passed","title":"keeps Blindfolding and GoF as the only explicit Legacy exclusions","duration":1.0576000000000931,"failureMessages":[],"meta":{},"tags":[]},{"ancestorTitles":["Capability Registry V2 frontend adapter"],"fullName":"Capability Registry V2 frontend adapter indexes known QuickPLS cells without assuming that a cell maps to one official row","status":"passed","title":"indexes known QuickPLS cells without assuming that a cell maps to one official row","duration":3.240500000000111,"failureMessages":[],"meta":{},"tags":[]},{"ancestorTitles":["Capability Registry V2 frontend adapter"],"fullName":"Capability Registry V2 frontend adapter fails closed on unknown and extra enum values","status":"passed","title":"fails closed on unknown and extra enum values","duration":11.164200000000164,"failureMessages":[],"meta":{},"tags":[]},{"ancestorTitles":["Capability Registry V2 frontend adapter"],"fullName":"Capability Registry V2 frontend adapter fails closed on duplicate row, position, and qualification-link identities","status":"passed","title":"fails closed on duplicate row, position, and qualification-link identities","duration":21.37559999999985,"failureMessages":[],"meta":{},"tags":[]},{"ancestorTitles":["Capability Registry V2 frontend adapter"],"fullName":"Capability Registry V2 frontend adapter requires scalar surfaces and the exact four-field qualification identity","status":"passed","title":"requires scalar surfaces and the exact four-field qualification identity","duration":10.783899999999903,"failureMessages":[],"meta":{},"tags":[]},{"ancestorTitles":["Capability Registry V2 frontend adapter"],"fullName":"Capability Registry V2 frontend adapter moves a full, release-qualified row to Standard when a revised snapshot says so","status":"passed","title":"moves a full, release-qualified row to Standard when a revised snapshot says so","duration":13.075900000000047,"failureMessages":[],"meta":{},"tags":[]},{"ancestorTitles":["Capability Registry V2 frontend adapter"],"fullName":"Capability Registry V2 frontend adapter keeps cells without current derived evidence unavailable even when Labs is enabled","status":"passed","title":"keeps cells without current derived evidence unavailable even when Labs is enabled","duration":0.5844999999999345,"failureMessages":[],"meta":{},"tags":[]},{"ancestorTitles":["Capability Registry V2 frontend adapter"],"fullName":"Capability Registry V2 frontend adapter rejects row-only promotion because row state is not authoritative","status":"passed","title":"rejects row-only promotion because row state is not authoritative","duration":4.740800000000036,"failureMessages":[],"meta":{},"tags":[]},{"ancestorTitles":["Capability Registry V2 frontend adapter"],"fullName":"Capability Registry V2 frontend adapter resolves maturity and visibility independently for two cells in one catalogue row","status":"passed","title":"resolves maturity and visibility independently for two cells in one catalogue row","duration":0.6326999999998861,"failureMessages":[],"meta":{},"tags":[]},{"ancestorTitles":["Capability Registry V2 frontend adapter"],"fullName":"Capability Registry V2 frontend adapter returns a product-safe projection with no evidence or qualification internals","status":"passed","title":"returns a product-safe projection with no evidence or qualification internals","duration":1.4675999999999476,"failureMessages":[],"meta":{},"tags":[]}],"startTime":1787330519897,"endTime":1787330519989.4675,"status":"failed","message":"","name":"D:/QuickPLS/src/domain/capabilityRegistryV2.test.ts"}]}