{"numTotalTestSuites":451,"numPassedTestSuites":451,"numFailedTestSuites":0,"numPendingTestSuites":0,"numTotalTests":1680,"numPassedTests":1680,"numFailedTests":0,"numPendingTests":0,"numTodoTests":0,"snapshot":{"added":0,"failure":false,"filesAdded":0,"filesRemoved":0,"filesRemovedList":[],"filesUnmatched":0,"filesUpdated":0,"matched":0,"total":0,"unchecked":0,"uncheckedKeysByFile":[],"unmatched":0,"updated":0,"didUpdate":false},"startTime":1787372407082,"success":true,"testResults":[{"assertionResults":[{"ancestorTitles":["Internal/Labs schema-6 in-memory session store"],"fullName":"Internal/Labs schema-6 in-memory session store activates the full strict-reader snapshot without changing the Standard project","status":"passed","title":"activates the full strict-reader snapshot without changing the Standard project","duration":9.335699999999633,"failureMessages":[],"meta":{},"tags":[]},{"ancestorTitles":["Internal/Labs schema-6 in-memory session store"],"fullName":"Internal/Labs schema-6 in-memory session store reanchors an exact marked archive snapshot and then closes the clean project","status":"passed","title":"reanchors an exact marked archive snapshot and then closes the clean project","duration":19.742600000000493,"failureMessages":[],"meta":{},"tags":[]},{"ancestorTitles":["Internal/Labs schema-6 in-memory session store"],"fullName":"Internal/Labs schema-6 in-memory session store revokes backend draft authority before resolving any marked Standard model","status":"passed","title":"revokes backend draft authority before resolving any marked Standard model","duration":6.01260000000002,"failureMessages":[],"meta":{},"tags":[]},{"ancestorTitles":["Internal/Labs schema-6 in-memory session store"],"fullName":"Internal/Labs schema-6 in-memory session store blocks detached mutation without invoking its executor or changing either authority","status":"passed","title":"blocks detached mutation without invoking its executor or changing either authority","duration":3.611200000000281,"failureMessages":[],"meta":{},"tags":[]},{"ancestorTitles":["Internal/Labs schema-6 in-memory session store"],"fullName":"Internal/Labs schema-6 in-memory session store forks a clean RecipeV4-bound model under a new authority and leaves the recipe unchanged","status":"passed","title":"forks a clean RecipeV4-bound model under a new authority and leaves the recipe unchanged","duration":18.3725000000004,"failureMessages":[],"meta":{},"tags":[]},{"ancestorTitles":["Internal/Labs schema-6 in-memory session store"],"fullName":"Internal/Labs schema-6 in-memory session store does not let an injected mutation executor replace the fail-closed authority diagnostic","status":"passed","title":"does not let an injected mutation executor replace the fail-closed authority diagnostic","duration":0.8948999999993248,"failureMessages":[],"meta":{},"tags":[]},{"ancestorTitles":["Internal/Labs schema-6 in-memory session store"],"fullName":"Internal/Labs schema-6 in-memory session store reanchors the base and current snapshot only after a validated new-copy receipt","status":"passed","title":"reanchors the base and current snapshot only after a validated new-copy receipt","duration":6.007999999999811,"failureMessages":[],"meta":{},"tags":[]},{"ancestorTitles":["Internal/Labs schema-6 in-memory session store"],"fullName":"Internal/Labs schema-6 in-memory session store keeps the activated source and Standard binding unchanged on chooser cancel or collision","status":"passed","title":"keeps the activated source and Standard binding unchanged on chooser cancel or collision","duration":6.2356999999992695,"failureMessages":[],"meta":{},"tags":[]},{"ancestorTitles":["Internal/Labs schema-6 in-memory session store"],"fullName":"Internal/Labs schema-6 in-memory session store projects only the bound schema-6 dataset descriptor and blocks Close while Standard remains activated","status":"passed","title":"projects only the bound schema-6 dataset descriptor and blocks Close while Standard remains activated","duration":6.553899999999885,"failureMessages":[],"meta":{},"tags":[]},{"ancestorTitles":["Internal/Labs schema-6 in-memory session store"],"fullName":"Internal/Labs schema-6 in-memory session store blocks marked General SEM model fork and Save copy before any authority or native mutation","status":"passed","title":"blocks marked General SEM model fork and Save copy before any authority or native mutation","duration":5.548899999999776,"failureMessages":[],"meta":{},"tags":[]},{"ancestorTitles":["Internal/Labs schema-6 in-memory session store"],"fullName":"Internal/Labs schema-6 in-memory session store persists and atomically activates one interaction-v2 model-and-Recipe revision without changing the source","status":"passed","title":"persists and atomically activates one interaction-v2 model-and-Recipe revision without changing the source","duration":43.49549999999999,"failureMessages":[],"meta":{},"tags":[]},{"ancestorTitles":["Internal/Labs schema-6 in-memory session store"],"fullName":"Internal/Labs schema-6 in-memory session store closes the clean saved Standard workspace and source binding together","status":"passed","title":"closes the clean saved Standard workspace and source binding together","duration":7.902299999999741,"failureMessages":[],"meta":{},"tags":[]},{"ancestorTitles":["Internal/Labs schema-6 in-memory session store"],"fullName":"Internal/Labs schema-6 in-memory session store ignores a late Standard-activation response after explicit close","status":"passed","title":"ignores a late Standard-activation response after explicit close","duration":1.463900000000649,"failureMessages":[],"meta":{},"tags":[]},{"ancestorTitles":["Internal/Labs schema-6 in-memory session store"],"fullName":"Internal/Labs schema-6 in-memory session store keeps an existing session active when a replacement is cancelled or blocked","status":"passed","title":"keeps an existing session active when a replacement is cancelled or blocked","duration":1.1743999999998778,"failureMessages":[],"meta":{},"tags":[]},{"ancestorTitles":["Internal/Labs schema-6 in-memory session store"],"fullName":"Internal/Labs schema-6 in-memory session store maps thrown reader failures into a closed fail-safe state","status":"passed","title":"maps thrown reader failures into a closed fail-safe state","duration":0.8121000000001004,"failureMessages":[],"meta":{},"tags":[]},{"ancestorTitles":["Internal/Labs schema-6 in-memory session store"],"fullName":"Internal/Labs schema-6 in-memory session store cannot be reactivated by a late native response after explicit close","status":"passed","title":"cannot be reactivated by a late native response after explicit close","duration":0.7924999999995634,"failureMessages":[],"meta":{},"tags":[]}],"startTime":1787372420344,"endTime":1787372420482.7925,"status":"passed","message":"","name":"D:/QuickPLS/src/internalProjectArchiveV6SessionStore.test.ts"},{"assertionResults":[{"ancestorTitles":["QuickPLS 2.54 Canvas grouped and presentation transactions"],"fullName":"QuickPLS 2.54 Canvas grouped and presentation transactions creates one construct from many indicators as one undoable scientific transaction","status":"passed","title":"creates one construct from many indicators as one undoable scientific transaction","duration":11.370499999999993,"failureMessages":[],"meta":{},"tags":[]},{"ancestorTitles":["QuickPLS 2.54 Canvas grouped and presentation transactions"],"fullName":"QuickPLS 2.54 Canvas grouped and presentation transactions moves an indicator through side, free, and automatic states without changing science","status":"passed","title":"moves an indicator through side, free, and automatic states without changing science","duration":21.70320000000038,"failureMessages":[],"meta":{},"tags":[]},{"ancestorTitles":["QuickPLS 2.54 Canvas grouped and presentation transactions"],"fullName":"QuickPLS 2.54 Canvas grouped and presentation transactions preserves pins and manual overrides during whole-model Arrange and keeps local Align local","status":"passed","title":"preserves pins and manual overrides during whole-model Arrange and keeps local Align local","duration":5.580299999999625,"failureMessages":[],"meta":{},"tags":[]},{"ancestorTitles":["QuickPLS 2.54 Canvas grouped and presentation transactions"],"fullName":"QuickPLS 2.54 Canvas grouped and presentation transactions stores annotations as one undoable presentation transaction without changing science","status":"passed","title":"stores annotations as one undoable presentation transaction without changing science","duration":1.5652000000000044,"failureMessages":[],"meta":{},"tags":[]}],"startTime":1787372435522,"endTime":1787372435562.5652,"status":"passed","message":"","name":"D:/QuickPLS/src/store.canvasPresentationAcceptanceV254.test.ts"},{"assertionResults":[{"ancestorTitles":["General SEM fresh-project draft authority"],"fullName":"General SEM fresh-project draft authority binds only an empty unsaved project with the exact native identity","status":"passed","title":"binds only an empty unsaved project with the exact native identity","duration":3.503900000000158,"failureMessages":[],"meta":{},"tags":[]},{"ancestorTitles":["General SEM fresh-project draft authority"],"fullName":"General SEM fresh-project draft authority rejects identity drift and a populated ordinary project","status":"passed","title":"rejects identity drift and a populated ordinary project","duration":1.2308000000002721,"failureMessages":[],"meta":{},"tags":[]},{"ancestorTitles":["General SEM fresh-project draft authority"],"fullName":"General SEM fresh-project draft authority preserves the marker only for an explicitly identity-bound same-project native refresh","status":"passed","title":"preserves the marker only for an explicitly identity-bound same-project native refresh","duration":1.7771999999999935,"failureMessages":[],"meta":{},"tags":[]},{"ancestorTitles":["General SEM fresh-project draft authority"],"fullName":"General SEM fresh-project draft authority preserves the staged marker for the same project identity and clears it on open/load, reset, and close boundaries","status":"passed","title":"preserves the staged marker for the same project identity and clears it on open/load, reset, and close boundaries","duration":1.789299999999912,"failureMessages":[],"meta":{},"tags":[]},{"ancestorTitles":["General SEM fresh-project draft authority"],"fullName":"General SEM fresh-project draft authority exposes a controller-visible publication lock and clears it at destructive reset boundaries","status":"passed","title":"exposes a controller-visible publication lock and clears it at destructive reset boundaries","duration":1.2011999999999716,"failureMessages":[],"meta":{},"tags":[]},{"ancestorTitles":["General SEM fresh-project draft authority"],"fullName":"General SEM fresh-project draft authority authors explicit interaction_v2 terms only inside a fresh General SEM project","status":"passed","title":"authors explicit interaction_v2 terms only inside a fresh General SEM project","duration":2.8367000000002918,"failureMessages":[],"meta":{},"tags":[]},{"ancestorTitles":["General SEM fresh-project draft authority"],"fullName":"General SEM fresh-project draft authority keeps active General SEM work globally visible and prevents Labs from disappearing","status":"passed","title":"keeps active General SEM work globally visible and prevents Labs from disappearing","duration":1.1625000000003638,"failureMessages":[],"meta":{},"tags":[]}],"startTime":1787372443722,"endTime":1787372443736.1626,"status":"passed","message":"","name":"D:/QuickPLS/src/store.generalSemProjectDraftMode.test.ts"},{"assertionResults":[{"ancestorTitles":["workspace model edit command gateway v1"],"fullName":"workspace model edit command gateway v1 applies one legacy scientific transaction with stable IDs and exact undo","status":"passed","title":"applies one legacy scientific transaction with stable IDs and exact undo","duration":14.586699999999837,"failureMessages":[],"meta":{},"tags":[]},{"ancestorTitles":["workspace model edit command gateway v1"],"fullName":"workspace model edit command gateway v1 creates and moves one legacy construct through undoable gateway transactions","status":"passed","title":"creates and moves one legacy construct through undoable gateway transactions","duration":5.649699999999939,"failureMessages":[],"meta":{},"tags":[]},{"ancestorTitles":["workspace model edit command gateway v1"],"fullName":"workspace model edit command gateway v1 keeps path route and label edits presentation-only","status":"passed","title":"keeps path route and label edits presentation-only","duration":2.7953999999999724,"failureMessages":[],"meta":{},"tags":[]},{"ancestorTitles":["workspace model edit command gateway v1"],"fullName":"workspace model edit command gateway v1 persists editable polyline bends as one presentation transaction and restores them through undo","status":"passed","title":"persists editable polyline bends as one presentation transaction and restores them through undo","duration":3.3785000000002583,"failureMessages":[],"meta":{},"tags":[]},{"ancestorTitles":["workspace model edit command gateway v1"],"fullName":"workspace model edit command gateway v1 stores moderation anchor movement only in presentation metadata","status":"passed","title":"stores moderation anchor movement only in presentation metadata","duration":3.494000000000142,"failureMessages":[],"meta":{},"tags":[]},{"ancestorTitles":["workspace model edit command gateway v1"],"fullName":"workspace model edit command gateway v1 moves legacy indicators atomically and keeps unrelated presentation metadata","status":"passed","title":"moves legacy indicators atomically and keeps unrelated presentation metadata","duration":3.6445000000003347,"failureMessages":[],"meta":{},"tags":[]},{"ancestorTitles":["workspace model edit command gateway v1"],"fullName":"workspace model edit command gateway v1 preserves pinned constructs and every unrelated manual override during Arrange","status":"passed","title":"preserves pinned constructs and every unrelated manual override during Arrange","duration":6.595899999999801,"failureMessages":[],"meta":{},"tags":[]},{"ancestorTitles":["workspace model edit command gateway v1"],"fullName":"workspace model edit command gateway v1 routes strict scientific edits through CAS and maps revision locks to an explicit correction","status":"passed","title":"routes strict scientific edits through CAS and maps revision locks to an explicit correction","duration":76.30479999999989,"failureMessages":[],"meta":{},"tags":[]}],"startTime":1787372426284,"endTime":1787372426401.3047,"status":"passed","message":"","name":"D:/QuickPLS/src/store.modelEditCommandGatewayV1.test.ts"},{"assertionResults":[{"ancestorTitles":["SemModelV4 parameter metadata in the live store"],"fullName":"SemModelV4 parameter metadata in the live store applies a factor identification and latent mean atomically with deterministic undo and redo","status":"passed","title":"applies a factor identification and latent mean atomically with deterministic undo and redo","duration":7.81860000000006,"failureMessages":[],"meta":{},"tags":[]},{"ancestorTitles":["SemModelV4 parameter metadata in the live store"],"fullName":"SemModelV4 parameter metadata in the live store preserves stable construct and relationship parameter IDs through undo and JSON reopen","status":"passed","title":"preserves stable construct and relationship parameter IDs through undo and JSON reopen","duration":4.233999999999924,"failureMessages":[],"meta":{},"tags":[]}],"startTime":1787372447727,"endTime":1787372447739.234,"status":"passed","message":"","name":"D:/QuickPLS/src/store.semModelV4ParameterAuthoring.test.ts"},{"assertionResults":[{"ancestorTitles":["Standard SemModelV4 store authority"],"fullName":"Standard SemModelV4 store authority keeps graph values projection-only and exposes hard blockers for legacy consumers","status":"passed","title":"keeps graph values projection-only and exposes hard blockers for legacy consumers","duration":38.848799999999756,"failureMessages":[],"meta":{},"tags":[]},{"ancestorTitles":["Standard SemModelV4 store authority"],"fullName":"Standard SemModelV4 store authority activates descriptor-only schema-6 data and keeps multiple strict models switchable without legacy science","status":"passed","title":"activates descriptor-only schema-6 data and keeps multiple strict models switchable without legacy science","duration":14.000900000000001,"failureMessages":[],"meta":{},"tags":[]},{"ancestorTitles":["Standard SemModelV4 store authority"],"fullName":"Standard SemModelV4 store authority locks a bound source, then appends an unlocked new-identity authority","status":"passed","title":"locks a bound source, then appends an unlocked new-identity authority","duration":19.645700000000033,"failureMessages":[],"meta":{},"tags":[]},{"ancestorTitles":["Standard SemModelV4 store authority"],"fullName":"Standard SemModelV4 store authority serializes per-model commits FIFO and advances each CAS from the committed document digest","status":"passed","title":"serializes per-model commits FIFO and advances each CAS from the committed document digest","duration":69.09469999999965,"failureMessages":[],"meta":{},"tags":[]},{"ancestorTitles":["Standard SemModelV4 store authority"],"fullName":"Standard SemModelV4 store authority marks a parameter-only authority edit dirty even when its graph projection is unchanged, then reanchors it","status":"passed","title":"marks a parameter-only authority edit dirty even when its graph projection is unchanged, then reanchors it","duration":10.881499999999505,"failureMessages":[],"meta":{},"tags":[]},{"ancestorTitles":["Standard SemModelV4 store authority"],"fullName":"Standard SemModelV4 store authority leaves authority and projection unchanged on native blocking or rejection","status":"passed","title":"leaves authority and projection unchanged on native blocking or rejection","duration":7.119899999999689,"failureMessages":[],"meta":{},"tags":[]},{"ancestorTitles":["Standard SemModelV4 store authority"],"fullName":"Standard SemModelV4 store authority invalidates a late CAS on model switch and never serializes a strict projection as legacy science","status":"passed","title":"invalidates a late CAS on model switch and never serializes a strict projection as legacy science","duration":68.39599999999973,"failureMessages":[],"meta":{},"tags":[]}],"startTime":1787372416957,"endTime":1787372417186.396,"status":"passed","message":"","name":"D:/QuickPLS/src/store.standardSemModelV4Authority.test.ts"},{"assertionResults":[{"ancestorTitles":["model editor state"],"fullName":"model editor state keeps promoted extended PLS methods visible in the desktop catalog","status":"passed","title":"keeps promoted extended PLS methods visible in the desktop catalog","duration":7.747100000000046,"failureMessages":[],"meta":{},"tags":[]},{"ancestorTitles":["model editor state"],"fullName":"model editor state supports undo and redo for construct creation","status":"passed","title":"supports undo and redo for construct creation","duration":4.251100000000406,"failureMessages":[],"meta":{},"tags":[]},{"ancestorTitles":["model editor state"],"fullName":"model editor state starts with a pure model diagram and no pre-run result values","status":"passed","title":"starts with a pure model diagram and no pre-run result values","duration":0.9470000000001164,"failureMessages":[],"meta":{},"tags":[]},{"ancestorTitles":["model editor state"],"fullName":"model editor state caps transient desktop notifications so they cannot obscure the workbench","status":"passed","title":"caps transient desktop notifications so they cannot obscure the workbench","duration":4.484999999999673,"failureMessages":[],"meta":{},"tags":[]},{"ancestorTitles":["model editor state"],"fullName":"model editor state keeps SEM explorer UI preferences separate from numerical history","status":"passed","title":"keeps SEM explorer UI preferences separate from numerical history","duration":1.931999999999789,"failureMessages":[],"meta":{},"tags":[]},{"ancestorTitles":["model editor state"],"fullName":"model editor state switches models atomically while retaining each model graph and presentation","status":"passed","title":"switches models atomically while retaining each model graph and presentation","duration":32.74589999999989,"failureMessages":[],"meta":{},"tags":[]},{"ancestorTitles":["model editor state"],"fullName":"model editor state prevents self paths and duplicate directed paths","status":"passed","title":"prevents self paths and duplicate directed paths","duration":1.4096999999997024,"failureMessages":[],"meta":{},"tags":[]},{"ancestorTitles":["model editor state"],"fullName":"model editor state moves an indicator when it is assigned to another construct","status":"passed","title":"moves an indicator when it is assigned to another construct","duration":2.26929999999993,"failureMessages":[],"meta":{},"tags":[]},{"ancestorTitles":["model editor state"],"fullName":"model editor state does not assign manifest indicators to generated higher-order blocks","status":"passed","title":"does not assign manifest indicators to generated higher-order blocks","duration":2.0500999999999294,"failureMessages":[],"meta":{},"tags":[]},{"ancestorTitles":["model editor state"],"fullName":"model editor state keeps the configured grouping variable out of every indicator assignment path","status":"passed","title":"keeps the configured grouping variable out of every indicator assignment path","duration":3.6680999999998676,"failureMessages":[],"meta":{},"tags":[]},{"ancestorTitles":["model editor state"],"fullName":"model editor state creates a construct from dropped indicators without duplicate ownership","status":"passed","title":"creates a construct from dropped indicators without duplicate ownership","duration":1.0981000000001586,"failureMessages":[],"meta":{},"tags":[]},{"ancestorTitles":["model editor state"],"fullName":"model editor state nudges dropped constructs to the nearest open space instead of overlapping the model","status":"passed","title":"nudges dropped constructs to the nearest open space instead of overlapping the model","duration":1.8160000000002583,"failureMessages":[],"meta":{},"tags":[]},{"ancestorTitles":["model editor state"],"fullName":"model editor state creates separate single-item constructs from selected variables in one undo step","status":"passed","title":"creates separate single-item constructs from selected variables in one undo step","duration":6.9263999999998305,"failureMessages":[],"meta":{},"tags":[]},{"ancestorTitles":["model editor state"],"fullName":"model editor state creates grouped constructs by indicator prefix in one undo step","status":"passed","title":"creates grouped constructs by indicator prefix in one undo step","duration":2.9320999999999913,"failureMessages":[],"meta":{},"tags":[]},{"ancestorTitles":["model editor state"],"fullName":"model editor state draws a path from the explicit path tool action","status":"passed","title":"draws a path from the explicit path tool action","duration":1.4140999999999622,"failureMessages":[],"meta":{},"tags":[]},{"ancestorTitles":["model editor state"],"fullName":"model editor state creates a two-stage moderating effect atomically and rejects only an exact duplicate","status":"passed","title":"creates a two-stage moderating effect atomically and rejects only an exact duplicate","duration":4.798199999999724,"failureMessages":[],"meta":{},"tags":[]},{"ancestorTitles":["model editor state"],"fullName":"model editor state authors distinct interactions on the same and different focal paths","status":"passed","title":"authors distinct interactions on the same and different focal paths","duration":3.6426000000001295,"failureMessages":[],"meta":{},"tags":[]},{"ancestorTitles":["model editor state"],"fullName":"model editor state uses deterministic unique ids when distinct interaction identities sanitize to the same base","status":"passed","title":"uses deterministic unique ids when distinct interaction identities sanitize to the same base","duration":1.8753999999998996,"failureMessages":[],"meta":{},"tags":[]},{"ancestorTitles":["model editor state"],"fullName":"model editor state keeps multi-interaction create, deletion, undo, and redo atomic with stable ids","status":"passed","title":"keeps multi-interaction create, deletion, undo, and redo atomic with stable ids","duration":5.161399999999958,"failureMessages":[],"meta":{},"tags":[]},{"ancestorTitles":["model editor state"],"fullName":"model editor state requires a focal structural path and does not assign manifest indicators to generated interactions","status":"passed","title":"requires a focal structural path and does not assign manifest indicators to generated interactions","duration":1.5048999999999069,"failureMessages":[],"meta":{},"tags":[]},{"ancestorTitles":["model editor state"],"fullName":"model editor state returns a truthful blocker instead of creating moderation around control paths","status":"passed","title":"returns a truthful blocker instead of creating moderation around control paths","duration":0.5753999999997177,"failureMessages":[],"meta":{},"tags":[]},{"ancestorTitles":["model editor state"],"fullName":"model editor state protects required moderation relationships and cascades interaction removal","status":"passed","title":"protects required moderation relationships and cascades interaction removal","duration":2.7019000000000233,"failureMessages":[],"meta":{},"tags":[]},{"ancestorTitles":["model editor state"],"fullName":"model editor state cascades a strong three-way interaction when a required lower-order term is removed and restores both atomically","status":"passed","title":"cascades a strong three-way interaction when a required lower-order term is removed and restores both atomically","duration":2.0691000000001623,"failureMessages":[],"meta":{},"tags":[]},{"ancestorTitles":["model editor state"],"fullName":"model editor state keeps generated interaction semantics and required endpoints immutable in the store","status":"passed","title":"keeps generated interaction semantics and required endpoints immutable in the store","duration":1.5958999999998014,"failureMessages":[],"meta":{},"tags":[]},{"ancestorTitles":["model editor state"],"fullName":"model editor state keeps a stable edge id when a path endpoint is reconnected","status":"passed","title":"keeps a stable edge id when a path endpoint is reconnected","duration":1.0968999999995503,"failureMessages":[],"meta":{},"tags":[]},{"ancestorTitles":["model editor state"],"fullName":"model editor state updates selected path routing and keeps the change undoable","status":"passed","title":"updates selected path routing and keeps the change undoable","duration":1.060699999999997,"failureMessages":[],"meta":{},"tags":[]},{"ancestorTitles":["model editor state"],"fullName":"model editor state marks a path as a control with undoable edge metadata","status":"passed","title":"marks a path as a control with undoable edge metadata","duration":0.5554999999999382,"failureMessages":[],"meta":{},"tags":[]},{"ancestorTitles":["model editor state"],"fullName":"model editor state marks a construct as higher-order with undoable metadata","status":"passed","title":"marks a construct as higher-order with undoable metadata","duration":0.8571000000001732,"failureMessages":[],"meta":{},"tags":[]},{"ancestorTitles":["model editor state"],"fullName":"model editor state creates one bounded two-stage HOC atomically, locks generated semantics, and cascades component deletion","status":"passed","title":"creates one bounded two-stage HOC atomically, locks generated semantics, and cascades component deletion","duration":5.747299999999996,"failureMessages":[],"meta":{},"tags":[]},{"ancestorTitles":["model editor state"],"fullName":"model editor state does not reverse a path when the opposite directed path already exists","status":"passed","title":"does not reverse a path when the opposite directed path already exists","duration":0.9344999999998436,"failureMessages":[],"meta":{},"tags":[]},{"ancestorTitles":["model editor state"],"fullName":"model editor state rejects non-dataset indicators from external drop payloads","status":"passed","title":"rejects non-dataset indicators from external drop payloads","duration":0.5671000000002095,"failureMessages":[],"meta":{},"tags":[]},{"ancestorTitles":["model editor state"],"fullName":"model editor state normalizes permutation samples to disabled or the supported range","status":"passed","title":"normalizes permutation samples to disabled or the supported range","duration":1.5248999999998887,"failureMessages":[],"meta":{},"tags":[]},{"ancestorTitles":["model editor state"],"fullName":"model editor state normalizes the bounded joint MICOM and permutation-MGA settings","status":"passed","title":"normalizes the bounded joint MICOM and permutation-MGA settings","duration":1.9029999999997926,"failureMessages":[],"meta":{},"tags":[]},{"ancestorTitles":["model editor state"],"fullName":"model editor state applies the MICOM preset without restoring the archived combined MGA workflow","status":"passed","title":"applies the MICOM preset without restoring the archived combined MGA workflow","duration":1.6540999999997439,"failureMessages":[],"meta":{},"tags":[]},{"ancestorTitles":["model editor state"],"fullName":"model editor state normalizes studentized bootstrap to qualified odd inner counts","status":"passed","title":"normalizes studentized bootstrap to qualified odd inner counts","duration":2.1786000000001877,"failureMessages":[],"meta":{},"tags":[]},{"ancestorTitles":["model editor state"],"fullName":"model editor state persists supported method settings and normalizes unknown method ids","status":"passed","title":"persists supported method settings and normalizes unknown method ids","duration":1.8785000000002583,"failureMessages":[],"meta":{},"tags":[]},{"ancestorTitles":["model editor state"],"fullName":"model editor state preserves every bounded prospective power setting through updates and project hydration","status":"passed","title":"preserves every bounded prospective power setting through updates and project hydration","duration":1.4924999999998363,"failureMessages":[],"meta":{},"tags":[]},{"ancestorTitles":["model editor state"],"fullName":"model editor state keeps diagram estimates explicit and clears them on project load","status":"passed","title":"keeps diagram estimates explicit and clears them on project load","duration":2.3518000000003667,"failureMessages":[],"meta":{},"tags":[]},{"ancestorTitles":["model editor state"],"fullName":"model editor state creates a scientific covariance explicitly, prevents duplicates, and keeps conversion undoable","status":"passed","title":"creates a scientific covariance explicitly, prevents duplicates, and keeps conversion undoable","duration":3.8406999999997424,"failureMessages":[],"meta":{},"tags":[]},{"ancestorTitles":["model editor state"],"fullName":"model editor state preserves covariance authoring intent through project reopen without upgrading legacy arcs","status":"passed","title":"preserves covariance authoring intent through project reopen without upgrading legacy arcs","duration":2.779199999999946,"failureMessages":[],"meta":{},"tags":[]},{"ancestorTitles":["model editor state"],"fullName":"model editor state stores an explicit construct representation without deriving it from measurement mode","status":"passed","title":"stores an explicit construct representation without deriving it from measurement mode","duration":1.5583000000001448,"failureMessages":[],"meta":{},"tags":[]},{"ancestorTitles":["model editor state"],"fullName":"model editor state loads legacy projects with SEM diagram defaults","status":"passed","title":"loads legacy projects with SEM diagram defaults","duration":0.7975999999998749,"failureMessages":[],"meta":{},"tags":[]},{"ancestorTitles":["model editor state"],"fullName":"model editor state persists the explicit regression-bootstrap setup flag","status":"passed","title":"persists the explicit regression-bootstrap setup flag","duration":0.5805999999997766,"failureMessages":[],"meta":{},"tags":[]},{"ancestorTitles":["model editor state"],"fullName":"model editor state persists toolbar view preferences without changing the engine model","status":"passed","title":"persists toolbar view preferences without changing the engine model","duration":1.0405000000000655,"failureMessages":[],"meta":{},"tags":[]},{"ancestorTitles":["model editor state"],"fullName":"model editor state persists and resets indicator layout independently from the engine model","status":"passed","title":"persists and resets indicator layout independently from the engine model","duration":2.178400000000238,"failureMessages":[],"meta":{},"tags":[]},{"ancestorTitles":["model editor state"],"fullName":"model editor state places all construct indicators on one side without changing the engine model","status":"passed","title":"places all construct indicators on one side without changing the engine model","duration":1.330199999999877,"failureMessages":[],"meta":{},"tags":[]},{"ancestorTitles":["model editor state"],"fullName":"model editor state aligns selected constructs and supports undo","status":"passed","title":"aligns selected constructs and supports undo","duration":1.9414000000001579,"failureMessages":[],"meta":{},"tags":[]},{"ancestorTitles":["model editor state"],"fullName":"model editor state distributes selected constructs evenly by center point","status":"passed","title":"distributes selected constructs evenly by center point","duration":1.4803000000001703,"failureMessages":[],"meta":{},"tags":[]},{"ancestorTitles":["model editor state"],"fullName":"model editor state persists edge label offsets and supports reset with undo","status":"passed","title":"persists edge label offsets and supports reset with undo","duration":2.2383999999997286,"failureMessages":[],"meta":{},"tags":[]}],"startTime":1787372422151,"endTime":1787372422296.2383,"status":"passed","message":"","name":"D:/QuickPLS/src/store.test.ts"},{"assertionResults":[{"ancestorTitles":["desktop accessibility contracts"],"fullName":"desktop accessibility contracts keeps large table surfaces keyboard-focusable and named","status":"passed","title":"keeps large table surfaces keyboard-focusable and named","duration":140.25080000000003,"failureMessages":[],"meta":{},"tags":[]},{"ancestorTitles":["desktop accessibility contracts"],"fullName":"desktop accessibility contracts uses visible table focus treatment and avoids R-squared mojibake","status":"passed","title":"uses visible table focus treatment and avoids R-squared mojibake","duration":19.73310000000015,"failureMessages":[],"meta":{},"tags":[]},{"ancestorTitles":["desktop accessibility contracts"],"fullName":"desktop accessibility contracts keeps model commands in the native shell instead of duplicating them inside the canvas","status":"passed","title":"keeps model commands in the native shell instead of duplicating them inside the canvas","duration":21.74169999999981,"failureMessages":[],"meta":{},"tags":[]},{"ancestorTitles":["desktop accessibility contracts"],"fullName":"desktop accessibility contracts keeps a persistent desktop readiness checklist in the status bar","status":"passed","title":"keeps a persistent desktop readiness checklist in the status bar","duration":24.813000000000102,"failureMessages":[],"meta":{},"tags":[]}],"startTime":1787372419801,"endTime":1787372420007.813,"status":"passed","message":"","name":"D:/QuickPLS/src/components/accessibilityContracts.test.ts"},{"assertionResults":[{"ancestorTitles":["canonical run comparison UI v2"],"fullName":"canonical run comparison UI v2 shows loading feedback without rendering side-by-side values","status":"passed","title":"shows loading feedback without rendering side-by-side values","duration":13.358499999999822,"failureMessages":[],"meta":{},"tags":[]},{"ancestorTitles":["canonical run comparison UI v2"],"fullName":"canonical run comparison UI v2 shows the exact compatibility title and corrective message, with no deltas","status":"passed","title":"shows the exact compatibility title and corrective message, with no deltas","duration":4.1512000000002445,"failureMessages":[],"meta":{},"tags":[]},{"ancestorTitles":["canonical run comparison UI v2"],"fullName":"canonical run comparison UI v2 renders canonical typed rows only for a ready comparison","status":"passed","title":"renders canonical typed rows only for a ready comparison","duration":8.179299999999785,"failureMessages":[],"meta":{},"tags":[]}],"startTime":1787372442104,"endTime":1787372442130.1792,"status":"passed","message":"","name":"D:/QuickPLS/src/components/canonicalRunComparisonUiV2.test.tsx"},{"assertionResults":[{"ancestorTitles":["ConstructNode higher-order presentation"],"fullName":"ConstructNode higher-order presentation keeps HOC nodes to their label and compact marker without exposing implementation text","status":"passed","title":"keeps HOC nodes to their label and compact marker without exposing implementation text","duration":5.487400000000093,"failureMessages":[],"meta":{},"tags":[]}],"startTime":1787372449335,"endTime":1787372449340.4873,"status":"passed","message":"","name":"D:/QuickPLS/src/components/ConstructNode.presentation.test.ts"},{"assertionResults":[{"ancestorTitles":["DataWorkspace immutable transformation gate"],"fullName":"DataWorkspace immutable transformation gate routes all five legacy mutators through the version gate and exposes an accessible status","status":"passed","title":"routes all five legacy mutators through the version gate and exposes an accessible status","duration":21.441100000000006,"failureMessages":[],"meta":{},"tags":[]},{"ancestorTitles":["DataWorkspace immutable transformation gate"],"fullName":"DataWorkspace immutable transformation gate sorts a copied presentation index stably while retaining source row order and identity","status":"passed","title":"sorts a copied presentation index stably while retaining source row order and identity","duration":1.6745999999998276,"failureMessages":[],"meta":{},"tags":[]},{"ancestorTitles":["DataWorkspace immutable transformation gate"],"fullName":"DataWorkspace immutable transformation gate returns a view-only sort instruction without invoking dataset or version services","status":"passed","title":"returns a view-only sort instruction without invoking dataset or version services","duration":2.057199999999966,"failureMessages":[],"meta":{},"tags":[]},{"ancestorTitles":["DataWorkspace immutable transformation gate"],"fullName":"DataWorkspace immutable transformation gate blocks preview sorting when no real dataset column is selected","status":"passed","title":"blocks preview sorting when no real dataset column is selected","duration":1.0980999999999312,"failureMessages":[],"meta":{},"tags":[]},{"ancestorTitles":["DataWorkspace immutable transformation gate"],"fullName":"DataWorkspace immutable transformation gate creates and activates a distinct native recode version with provenance without changing source rows","status":"passed","title":"creates and activates a distinct native recode version with provenance without changing source rows","duration":2.369699999999966,"failureMessages":[],"meta":{},"tags":[]},{"ancestorTitles":["DataWorkspace immutable transformation gate"],"fullName":"DataWorkspace immutable transformation gate fails closed in browser preview and never calls or commits the native recode service","status":"passed","title":"fails closed in browser preview and never calls or commits the native recode service","duration":0.8041000000000622,"failureMessages":[],"meta":{},"tags":[]},{"ancestorTitles":["DataWorkspace immutable transformation gate"],"fullName":"DataWorkspace immutable transformation gate fails closed for browser 'add-column' mutations and leaves the source exact","status":"passed","title":"fails closed for browser 'add-column' mutations and leaves the source exact","duration":0.7884000000001379,"failureMessages":[],"meta":{},"tags":[]},{"ancestorTitles":["DataWorkspace immutable transformation gate"],"fullName":"DataWorkspace immutable transformation gate fails closed for browser 'missing-values' mutations and leaves the source exact","status":"passed","title":"fails closed for browser 'missing-values' mutations and leaves the source exact","duration":0.49030000000016116,"failureMessages":[],"meta":{},"tags":[]},{"ancestorTitles":["DataWorkspace immutable transformation gate"],"fullName":"DataWorkspace immutable transformation gate fails closed for browser 'z-score' mutations and leaves the source exact","status":"passed","title":"fails closed for browser 'z-score' mutations and leaves the source exact","duration":0.8134000000000015,"failureMessages":[],"meta":{},"tags":[]},{"ancestorTitles":["DataWorkspace immutable transformation gate"],"fullName":"DataWorkspace immutable transformation gate fails closed for browser 'reverse-scale' mutations and leaves the source exact","status":"passed","title":"fails closed for browser 'reverse-scale' mutations and leaves the source exact","duration":0.5202999999999065,"failureMessages":[],"meta":{},"tags":[]},{"ancestorTitles":["DataWorkspace immutable transformation gate"],"fullName":"DataWorkspace immutable transformation gate fails closed for browser 'arithmetic' mutations and leaves the source exact","status":"passed","title":"fails closed for browser 'arithmetic' mutations and leaves the source exact","duration":0.49959999999987303,"failureMessages":[],"meta":{},"tags":[]},{"ancestorTitles":["DataWorkspace immutable transformation gate"],"fullName":"DataWorkspace immutable transformation gate fails closed for browser 'row-aggregate' mutations and leaves the source exact","status":"passed","title":"fails closed for browser 'row-aggregate' mutations and leaves the source exact","duration":0.36990000000014334,"failureMessages":[],"meta":{},"tags":[]},{"ancestorTitles":["DataWorkspace immutable transformation gate"],"fullName":"DataWorkspace immutable transformation gate fails closed for browser 'dummy' mutations and leaves the source exact","status":"passed","title":"fails closed for browser 'dummy' mutations and leaves the source exact","duration":0.5108999999999924,"failureMessages":[],"meta":{},"tags":[]},{"ancestorTitles":["DataWorkspace immutable transformation gate"],"fullName":"DataWorkspace immutable transformation gate fails closed for browser 'group-values' mutations and leaves the source exact","status":"passed","title":"fails closed for browser 'group-values' mutations and leaves the source exact","duration":0.5278000000000702,"failureMessages":[],"meta":{},"tags":[]},{"ancestorTitles":["DataWorkspace immutable transformation gate"],"fullName":"DataWorkspace immutable transformation gate adds one constant column through one immutable native transformation","status":"passed","title":"adds one constant column through one immutable native transformation","duration":14.63350000000014,"failureMessages":[],"meta":{},"tags":[]},{"ancestorTitles":["DataWorkspace immutable transformation gate"],"fullName":"DataWorkspace immutable transformation gate routes 'reverse scale' through exactly one generic native transformation and one validated commit","status":"passed","title":"routes 'reverse scale' through exactly one generic native transformation and one validated commit","duration":1.3399999999999181,"failureMessages":[],"meta":{},"tags":[]},{"ancestorTitles":["DataWorkspace immutable transformation gate"],"fullName":"DataWorkspace immutable transformation gate routes 'addition' through exactly one generic native transformation and one validated commit","status":"passed","title":"routes 'addition' through exactly one generic native transformation and one validated commit","duration":2.365600000000086,"failureMessages":[],"meta":{},"tags":[]},{"ancestorTitles":["DataWorkspace immutable transformation gate"],"fullName":"DataWorkspace immutable transformation gate routes 'multiplication' through exactly one generic native transformation and one validated commit","status":"passed","title":"routes 'multiplication' through exactly one generic native transformation and one validated commit","duration":0.8401999999998679,"failureMessages":[],"meta":{},"tags":[]},{"ancestorTitles":["DataWorkspace immutable transformation gate"],"fullName":"DataWorkspace immutable transformation gate routes 'division' through exactly one generic native transformation and one validated commit","status":"passed","title":"routes 'division' through exactly one generic native transformation and one validated commit","duration":0.538300000000163,"failureMessages":[],"meta":{},"tags":[]},{"ancestorTitles":["DataWorkspace immutable transformation gate"],"fullName":"DataWorkspace immutable transformation gate routes 'row sum' through exactly one generic native transformation and one validated commit","status":"passed","title":"routes 'row sum' through exactly one generic native transformation and one validated commit","duration":0.6170999999999367,"failureMessages":[],"meta":{},"tags":[]},{"ancestorTitles":["DataWorkspace immutable transformation gate"],"fullName":"DataWorkspace immutable transformation gate routes 'available-case average' through exactly one generic native transformation and one validated commit","status":"passed","title":"routes 'available-case average' through exactly one generic native transformation and one validated commit","duration":0.8030999999998585,"failureMessages":[],"meta":{},"tags":[]},{"ancestorTitles":["DataWorkspace immutable transformation gate"],"fullName":"DataWorkspace immutable transformation gate routes 'dummy' through exactly one generic native transformation and one validated commit","status":"passed","title":"routes 'dummy' through exactly one generic native transformation and one validated commit","duration":0.5777000000000498,"failureMessages":[],"meta":{},"tags":[]},{"ancestorTitles":["DataWorkspace immutable transformation gate"],"fullName":"DataWorkspace immutable transformation gate routes 'value groups' through exactly one generic native transformation and one validated commit","status":"passed","title":"routes 'value groups' through exactly one generic native transformation and one validated commit","duration":0.956000000000131,"failureMessages":[],"meta":{},"tags":[]},{"ancestorTitles":["DataWorkspace immutable transformation gate"],"fullName":"DataWorkspace immutable transformation gate rejects an in-place or provenance-free recode response before store activation","status":"passed","title":"rejects an in-place or provenance-free recode response before store activation","duration":2.286399999999958,"failureMessages":[],"meta":{},"tags":[]},{"ancestorTitles":["DataWorkspace immutable transformation gate"],"fullName":"DataWorkspace immutable transformation gate creates a single-column missing-cleaned dataset through the native transformation service","status":"passed","title":"creates a single-column missing-cleaned dataset through the native transformation service","duration":1.4898000000000593,"failureMessages":[],"meta":{},"tags":[]},{"ancestorTitles":["DataWorkspace immutable transformation gate"],"fullName":"DataWorkspace immutable transformation gate cleans all columns atomically in one child and one commit with exact multi-output lineage","status":"passed","title":"cleans all columns atomically in one child and one commit with exact multi-output lineage","duration":1.2328999999999724,"failureMessages":[],"meta":{},"tags":[]},{"ancestorTitles":["DataWorkspace immutable transformation gate"],"fullName":"DataWorkspace immutable transformation gate creates one atomic standardized child dataset with an explicit sample denominator","status":"passed","title":"creates one atomic standardized child dataset with an explicit sample denominator","duration":1.3742999999999483,"failureMessages":[],"meta":{},"tags":[]},{"ancestorTitles":["DataWorkspace immutable transformation gate"],"fullName":"DataWorkspace immutable transformation gate keeps standardization unavailable in browser preview without calling the native service","status":"passed","title":"keeps standardization unavailable in browser preview without calling the native service","duration":0.31389999999987594,"failureMessages":[],"meta":{},"tags":[]},{"ancestorTitles":["DataWorkspace immutable transformation gate"],"fullName":"DataWorkspace immutable transformation gate rejects a transform response whose lineage does not bind the new dataset","status":"passed","title":"rejects a transform response whose lineage does not bind the new dataset","duration":0.539299999999912,"failureMessages":[],"meta":{},"tags":[]}],"startTime":1787372422397,"endTime":1787372422461.5393,"status":"passed","message":"","name":"D:/QuickPLS/src/components/dataWorkspaceVersionedActions.test.ts"},{"assertionResults":[{"ancestorTitles":["GroupsWorkspace segmentation claim boundaries"],"fullName":"GroupsWorkspace segmentation claim boundaries labels FIMIX-style output as an Experimental non-EM diagnostic","status":"passed","title":"labels FIMIX-style output as an Experimental non-EM diagnostic","duration":20.378999999999905,"failureMessages":[],"meta":{},"tags":[]},{"ancestorTitles":["GroupsWorkspace segmentation claim boundaries"],"fullName":"GroupsWorkspace segmentation claim boundaries labels PLS-POS-style output as an Experimental diagnostic","status":"passed","title":"labels PLS-POS-style output as an Experimental diagnostic","duration":2.9794999999999163,"failureMessages":[],"meta":{},"tags":[]}],"startTime":1787372445105,"endTime":1787372445128.9795,"status":"passed","message":"","name":"D:/QuickPLS/src/components/GroupsWorkspace.test.tsx"},{"assertionResults":[{"ancestorTitles":["Internal/Labs schema-6 archive inspector"],"fullName":"Internal/Labs schema-6 archive inspector fails closed unless the existing Experimental Labs preference is enabled","status":"passed","title":"fails closed unless the existing Experimental Labs preference is enabled","duration":8.818599999999606,"failureMessages":[],"meta":{},"tags":[]},{"ancestorTitles":["Internal/Labs schema-6 archive inspector"],"fullName":"Internal/Labs schema-6 archive inspector renders the workflow when the caller supplies the enabled Labs preference","status":"passed","title":"renders the workflow when the caller supplies the enabled Labs preference","duration":13.717799999999897,"failureMessages":[],"meta":{},"tags":[]},{"ancestorTitles":["Internal/Labs schema-6 archive inspector"],"fullName":"Internal/Labs schema-6 archive inspector renders a labelled native path workflow and explicit non-activation limits","status":"passed","title":"renders a labelled native path workflow and explicit non-activation limits","duration":3.07529999999997,"failureMessages":[],"meta":{},"tags":[]},{"ancestorTitles":["Internal/Labs schema-6 archive inspector"],"fullName":"Internal/Labs schema-6 archive inspector disables native controls and explains the missing desktop boundary","status":"passed","title":"disables native controls and explains the missing desktop boundary","duration":2.79529999999977,"failureMessages":[],"meta":{},"tags":[]},{"ancestorTitles":["Internal/Labs schema-6 archive inspector"],"fullName":"Internal/Labs schema-6 archive inspector announces loading and errors while keeping the path controls unavailable","status":"passed","title":"announces loading and errors while keeping the path controls unavailable","duration":5.614900000000034,"failureMessages":[],"meta":{},"tags":[]},{"ancestorTitles":["Internal/Labs schema-6 archive inspector"],"fullName":"Internal/Labs schema-6 archive inspector shows verified identity and every exact dataset, model, recipe, and result count","status":"passed","title":"shows verified identity and every exact dataset, model, recipe, and result count","duration":22.04860000000008,"failureMessages":[],"meta":{},"tags":[]},{"ancestorTitles":["Internal/Labs schema-6 archive inspector"],"fullName":"Internal/Labs schema-6 archive inspector maps cancellation, strict-reader blocks, success, and thrown boundary errors into terminal UI actions","status":"passed","title":"maps cancellation, strict-reader blocks, success, and thrown boundary errors into terminal UI actions","duration":2.82549999999992,"failureMessages":[],"meta":{},"tags":[]}],"startTime":1787372427026,"endTime":1787372427084.8254,"status":"passed","message":"","name":"D:/QuickPLS/src/components/InternalProjectArchiveV6Inspector.test.tsx"},{"assertionResults":[{"ancestorTitles":["Internal/Labs schema-6 ephemeral model-authority editor"],"fullName":"Internal/Labs schema-6 ephemeral model-authority editor uses the existing strict SemModelV4 draft decoder after JSON parsing","status":"passed","title":"uses the existing strict SemModelV4 draft decoder after JSON parsing","duration":6.636300000000119,"failureMessages":[],"meta":{},"tags":[]},{"ancestorTitles":["Internal/Labs schema-6 ephemeral model-authority editor"],"fullName":"Internal/Labs schema-6 ephemeral model-authority editor builds insert and replace requests using exact decoded JSON and current draft CAS","status":"passed","title":"builds insert and replace requests using exact decoded JSON and current draft CAS","duration":5.712800000000243,"failureMessages":[],"meta":{},"tags":[]},{"ancestorTitles":["Internal/Labs schema-6 ephemeral model-authority editor"],"fullName":"Internal/Labs schema-6 ephemeral model-authority editor applies a strict canonical operation batch to the selected draft with its current CAS","status":"passed","title":"applies a strict canonical operation batch to the selected draft with its current CAS","duration":3.3717999999998938,"failureMessages":[],"meta":{},"tags":[]},{"ancestorTitles":["Internal/Labs schema-6 ephemeral model-authority editor"],"fullName":"Internal/Labs schema-6 ephemeral model-authority editor promotes only a selected draft and carries its exact CAS digest","status":"passed","title":"promotes only a selected draft and carries its exact CAS digest","duration":0.4934000000002925,"failureMessages":[],"meta":{},"tags":[]},{"ancestorTitles":["Internal/Labs schema-6 ephemeral model-authority editor"],"fullName":"Internal/Labs schema-6 ephemeral model-authority editor lists ready and draft authority with their distinct exact digests","status":"passed","title":"lists ready and draft authority with their distinct exact digests","duration":17.82950000000028,"failureMessages":[],"meta":{},"tags":[]},{"ancestorTitles":["Internal/Labs schema-6 ephemeral model-authority editor"],"fullName":"Internal/Labs schema-6 ephemeral model-authority editor marks successful edits dirty and explicitly not persisted","status":"passed","title":"marks successful edits dirty and explicitly not persisted","duration":2.8820999999998094,"failureMessages":[],"meta":{},"tags":[]},{"ancestorTitles":["Internal/Labs schema-6 ephemeral model-authority editor"],"fullName":"Internal/Labs schema-6 ephemeral model-authority editor describes canonical operations and their fail-closed exclusions without implying persistence","status":"passed","title":"describes canonical operations and their fail-closed exclusions without implying persistence","duration":3.3769999999999527,"failureMessages":[],"meta":{},"tags":[]},{"ancestorTitles":["Internal/Labs schema-6 ephemeral model-authority editor"],"fullName":"Internal/Labs schema-6 ephemeral model-authority editor renders decoder or native failures as accessible diagnostics","status":"passed","title":"renders decoder or native failures as accessible diagnostics","duration":3.1257000000000517,"failureMessages":[],"meta":{},"tags":[]}],"startTime":1787372436054,"endTime":1787372436097.1257,"status":"passed","message":"","name":"D:/QuickPLS/src/components/InternalProjectArchiveV6ModelAuthorityEditor.test.tsx"},{"assertionResults":[{"ancestorTitles":["Internal/Labs schema-6 read-only session panel"],"fullName":"Internal/Labs schema-6 read-only session panel fails closed when Experimental Labs is disabled","status":"passed","title":"fails closed when Experimental Labs is disabled","duration":12.840200000000095,"failureMessages":[],"meta":{},"tags":[]},{"ancestorTitles":["Internal/Labs schema-6 read-only session panel"],"fullName":"Internal/Labs schema-6 read-only session panel renders explicit isolation and no-persistence limits","status":"passed","title":"renders explicit isolation and no-persistence limits","duration":16.21120000000019,"failureMessages":[],"meta":{},"tags":[]},{"ancestorTitles":["Internal/Labs schema-6 read-only session panel"],"fullName":"Internal/Labs schema-6 read-only session panel shows the isolated active project identity and validated counts","status":"passed","title":"shows the isolated active project identity and validated counts","duration":6.912499999999909,"failureMessages":[],"meta":{},"tags":[]},{"ancestorTitles":["Internal/Labs schema-6 read-only session panel"],"fullName":"Internal/Labs schema-6 read-only session panel announces strict-reader loading and actionable failures","status":"passed","title":"announces strict-reader loading and actionable failures","duration":7.484300000000076,"failureMessages":[],"meta":{},"tags":[]},{"ancestorTitles":["Internal/Labs schema-6 read-only session panel"],"fullName":"Internal/Labs schema-6 read-only session panel disables archive opening outside the native desktop","status":"passed","title":"disables archive opening outside the native desktop","duration":3.6754000000000815,"failureMessages":[],"meta":{},"tags":[]},{"ancestorTitles":["Internal/Labs schema-6 read-only session panel"],"fullName":"Internal/Labs schema-6 read-only session panel offers an accessible Standard close only after a clean validated copy","status":"passed","title":"offers an accessible Standard close only after a clean validated copy","duration":14.390699999999924,"failureMessages":[],"meta":{},"tags":[]}],"startTime":1787372432300,"endTime":1787372432362.3906,"status":"passed","message":"","name":"D:/QuickPLS/src/components/InternalProjectArchiveV6SessionPanel.test.tsx"},{"assertionResults":[{"ancestorTitles":["ModelCanvas moderation-anchor drag projection"],"fullName":"ModelCanvas moderation-anchor drag projection snaps an off-path drop to the bounded focal polyline position","status":"passed","title":"snaps an off-path drop to the bounded focal polyline position","duration":3.0537999999996828,"failureMessages":[],"meta":{},"tags":[]},{"ancestorTitles":["ModelCanvas moderation-anchor drag projection"],"fullName":"ModelCanvas moderation-anchor drag projection clamps persisted anchor fractions to the archive-safe range","status":"passed","title":"clamps persisted anchor fractions to the archive-safe range","duration":0.5626999999999498,"failureMessages":[],"meta":{},"tags":[]}],"startTime":1787372453108,"endTime":1787372453111.5627,"status":"passed","message":"","name":"D:/QuickPLS/src/components/ModelCanvas.moderationAnchor.test.ts"},{"assertionResults":[{"ancestorTitles":["ModelCanvas construct focus selection"],"fullName":"ModelCanvas construct focus selection replaces a stale Canvas selection before React Flow Ctrl-selection extends it","status":"passed","title":"replaces a stale Canvas selection before React Flow Ctrl-selection extends it","duration":4.3425000000002,"failureMessages":[],"meta":{},"tags":[]}],"startTime":1787372452940,"endTime":1787372452944.3425,"status":"passed","message":"","name":"D:/QuickPLS/src/components/ModelCanvas.selection.test.ts"},{"assertionResults":[{"ancestorTitles":["ModelCanvas strict Standard authority routing"],"fullName":"ModelCanvas strict Standard authority routing routes canvas mutations through the shared command gateway while retaining layout actions","status":"passed","title":"routes canvas mutations through the shared command gateway while retaining layout actions","duration":12.388899999999921,"failureMessages":[],"meta":{},"tags":[]},{"ancestorTitles":["ModelCanvas strict Standard authority routing"],"fullName":"ModelCanvas strict Standard authority routing reconnects legacy paths but blocks strict retargeting behind a versioned revision","status":"passed","title":"reconnects legacy paths but blocks strict retargeting behind a versioned revision","duration":3.8344999999999345,"failureMessages":[],"meta":{},"tags":[]},{"ancestorTitles":["ModelCanvas strict Standard authority routing"],"fullName":"ModelCanvas strict Standard authority routing provides a non-editing Results presentation without borrowing a legacy run overlay","status":"passed","title":"provides a non-editing Results presentation without borrowing a legacy run overlay","duration":3.129899999999907,"failureMessages":[],"meta":{},"tags":[]},{"ancestorTitles":["ModelCanvas strict Standard authority routing"],"fullName":"ModelCanvas strict Standard authority routing passes selected HOC membership to the visual graph and never persists visual-only edges","status":"passed","title":"passes selected HOC membership to the visual graph and never persists visual-only edges","duration":4.155799999999999,"failureMessages":[],"meta":{},"tags":[]},{"ancestorTitles":["ModelCanvas strict Standard authority routing"],"fullName":"ModelCanvas strict Standard authority routing never persists presentation-only moderation anchors","status":"passed","title":"never persists presentation-only moderation anchors","duration":0.5608000000001994,"failureMessages":[],"meta":{},"tags":[]}],"startTime":1787372444677,"endTime":1787372444701.5608,"status":"passed","message":"","name":"D:/QuickPLS/src/components/ModelCanvas.standardAuthority.test.ts"},{"assertionResults":[{"ancestorTitles":["ModelCanvas persisted viewport restoration"],"fullName":"ModelCanvas persisted viewport restoration remounts a strict saved Canvas without replacing its presentation authority","status":"passed","title":"remounts a strict saved Canvas without replacing its presentation authority","duration":2.783300000000054,"failureMessages":[],"meta":{},"tags":[]},{"ancestorTitles":["ModelCanvas persisted viewport restoration"],"fullName":"ModelCanvas persisted viewport restoration retains automatic fitting when no viewport authority exists","status":"passed","title":"retains automatic fitting when no viewport authority exists","duration":0.38449999999966167,"failureMessages":[],"meta":{},"tags":[]}],"startTime":1787372453419,"endTime":1787372453422.3845,"status":"passed","message":"","name":"D:/QuickPLS/src/components/ModelCanvas.viewport.test.ts"},{"assertionResults":[{"ancestorTitles":["ModelCanvas node-change persistence plan"],"fullName":"ModelCanvas node-change persistence plan keeps pointer position updates local until the drag-stop commit","status":"passed","title":"keeps pointer position updates local until the drag-stop commit","duration":3.5950000000000273,"failureMessages":[],"meta":{},"tags":[]},{"ancestorTitles":["ModelCanvas node-change persistence plan"],"fullName":"ModelCanvas node-change persistence plan routes React Flow keyboard positions through the model-edit gateway","status":"passed","title":"routes React Flow keyboard positions through the model-edit gateway","duration":0.9896000000001095,"failureMessages":[],"meta":{},"tags":[]},{"ancestorTitles":["ModelCanvas node-change persistence plan"],"fullName":"ModelCanvas node-change persistence plan does not create history for selection-only changes","status":"passed","title":"does not create history for selection-only changes","duration":0.387599999999793,"failureMessages":[],"meta":{},"tags":[]}],"startTime":1787372452694,"endTime":1787372452699.3877,"status":"passed","message":"","name":"D:/QuickPLS/src/components/modelCanvasNodeChangePlan.test.ts"},{"assertionResults":[{"ancestorTitles":["OnboardingWorkspace sample gallery"],"fullName":"OnboardingWorkspace sample gallery advertises only the three complete bundled sample workflows","status":"passed","title":"advertises only the three complete bundled sample workflows","duration":32.70000000000027,"failureMessages":[],"meta":{},"tags":[]},{"ancestorTitles":["OnboardingWorkspace sample gallery"],"fullName":"OnboardingWorkspace sample gallery keeps the selected sample identity in state for the native open command","status":"passed","title":"keeps the selected sample identity in state for the native open command","duration":13.228399999999965,"failureMessages":[],"meta":{},"tags":[]}],"startTime":1787372434550,"endTime":1787372434596.2285,"status":"passed","message":"","name":"D:/QuickPLS/src/components/OnboardingWorkspace.test.tsx"},{"assertionResults":[{"ancestorTitles":["PLS saved-run comparison panel v1"],"fullName":"PLS saved-run comparison panel v1 renders nothing outside Experimental Labs","status":"passed","title":"renders nothing outside Experimental Labs","duration":12.81840000000011,"failureMessages":[],"meta":{},"tags":[]},{"ancestorTitles":["PLS saved-run comparison panel v1"],"fullName":"PLS saved-run comparison panel v1 renders typed corrective issues as an accessible alert","status":"passed","title":"renders typed corrective issues as an accessible alert","duration":10.226400000000012,"failureMessages":[],"meta":{},"tags":[]},{"ancestorTitles":["PLS saved-run comparison panel v1"],"fullName":"PLS saved-run comparison panel v1 renders one Experimental chip and accessible tables without implying paired CVPAT","status":"passed","title":"renders one Experimental chip and accessible tables without implying paired CVPAT","duration":11.338799999999992,"failureMessages":[],"meta":{},"tags":[]}],"startTime":1787372438430,"endTime":1787372438464.3389,"status":"passed","message":"","name":"D:/QuickPLS/src/components/PlsSavedRunComparisonPanelV1.test.tsx"},{"assertionResults":[{"ancestorTitles":["ProductivityOverlays MICOM command"],"fullName":"ProductivityOverlays MICOM command offers the exact standalone MICOM preset without legacy combined wording","status":"passed","title":"offers the exact standalone MICOM preset without legacy combined wording","duration":2.5531999999998334,"failureMessages":[],"meta":{},"tags":[]}],"startTime":1787372453705,"endTime":1787372453707.5532,"status":"passed","message":"","name":"D:/QuickPLS/src/components/ProductivityOverlays.test.tsx"},{"assertionResults":[{"ancestorTitles":["ReportsWorkspace run truth"],"fullName":"ReportsWorkspace run truth translates internal table states into customer-facing result labels","status":"passed","title":"translates internal table states into customer-facing result labels","duration":3.2145000000000437,"failureMessages":[],"meta":{},"tags":[]},{"ancestorTitles":["ReportsWorkspace run truth"],"fullName":"ReportsWorkspace run truth falls back from a newer failed run to a completed result-backed PROCESS run","status":"passed","title":"falls back from a newer failed run to a completed result-backed PROCESS run","duration":15.472200000000157,"failureMessages":[],"meta":{},"tags":[]},{"ancestorTitles":["ReportsWorkspace run truth"],"fullName":"ReportsWorkspace run truth binds method scope to archived run provenance rather than current setup","status":"passed","title":"binds method scope to archived run provenance rather than current setup","duration":0.9884999999999309,"failureMessages":[],"meta":{},"tags":[]},{"ancestorTitles":["ReportsWorkspace run truth"],"fullName":"ReportsWorkspace run truth binds a strict Structural Path Randomization run to its scoped Standard identity","status":"passed","title":"binds a strict Structural Path Randomization run to its scoped Standard identity","duration":12.128200000000106,"failureMessages":[],"meta":{},"tags":[]},{"ancestorTitles":["ReportsWorkspace run truth"],"fullName":"ReportsWorkspace run truth does not turn an unrelated live PLS canvas into a PROCESS report SVG","status":"passed","title":"does not turn an unrelated live PLS canvas into a PROCESS report SVG","duration":2.7244000000000597,"failureMessages":[],"meta":{},"tags":[]},{"ancestorTitles":["ReportsWorkspace run truth"],"fullName":"ReportsWorkspace run truth routes historical PROCESS v1 through read-only tables and suppresses generic SVG","status":"passed","title":"routes historical PROCESS v1 through read-only tables and suppresses generic SVG","duration":2.6950000000001637,"failureMessages":[],"meta":{},"tags":[]}],"startTime":1787372441716,"endTime":1787372441753.695,"status":"passed","message":"","name":"D:/QuickPLS/src/components/ReportsWorkspace.test.ts"},{"assertionResults":[{"ancestorTitles":["RunHistory group empty-state copy"],"fullName":"RunHistory group empty-state copy offers the standalone MICOM setup without advertising the retired combined workflow","status":"passed","title":"offers the standalone MICOM setup without advertising the retired combined workflow","duration":1.9842000000001008,"failureMessages":[],"meta":{},"tags":[]}],"startTime":1787372453890,"endTime":1787372453891.9841,"status":"passed","message":"","name":"D:/QuickPLS/src/components/RunHistory.copy.test.ts"},{"assertionResults":[{"ancestorTitles":["SettingsWorkspace diagnostic bundle controls"],"fullName":"SettingsWorkspace diagnostic bundle controls renders a native-only preview-first, local-only support workflow","status":"passed","title":"renders a native-only preview-first, local-only support workflow","duration":42.479499999999916,"failureMessages":[],"meta":{},"tags":[]},{"ancestorTitles":["SettingsWorkspace diagnostic bundle controls"],"fullName":"SettingsWorkspace diagnostic bundle controls keeps Experimental Labs disabled by default and explains the separation from Standard","status":"passed","title":"keeps Experimental Labs disabled by default and explains the separation from Standard","duration":15.893599999999878,"failureMessages":[],"meta":{},"tags":[]},{"ancestorTitles":["SettingsWorkspace diagnostic bundle controls"],"fullName":"SettingsWorkspace diagnostic bundle controls renders one schema-6 Labs surface when Experimental Labs is enabled","status":"passed","title":"renders one schema-6 Labs surface when Experimental Labs is enabled","duration":9.109100000000126,"failureMessages":[],"meta":{},"tags":[]},{"ancestorTitles":["SettingsWorkspace diagnostic bundle controls"],"fullName":"SettingsWorkspace diagnostic bundle controls explains that diagnostic creation is unavailable outside the native desktop","status":"passed","title":"explains that diagnostic creation is unavailable outside the native desktop","duration":12.954200000000128,"failureMessages":[],"meta":{},"tags":[]},{"ancestorTitles":["SettingsWorkspace diagnostic bundle controls"],"fullName":"SettingsWorkspace diagnostic bundle controls renders the inspectable redacted system, event, and manifest staging payload accessibly","status":"passed","title":"renders the inspectable redacted system, event, and manifest staging payload accessibly","duration":6.346599999999853,"failureMessages":[],"meta":{},"tags":[]}],"startTime":1787372432036,"endTime":1787372432123.3467,"status":"passed","message":"","name":"D:/QuickPLS/src/components/SettingsWorkspace.test.tsx"},{"assertionResults":[{"ancestorTitles":["StandardSemPresentationLayer"],"fullName":"StandardSemPresentationLayer creates every presentation-only object kind with explicit non-colour semantics","status":"passed","title":"creates every presentation-only object kind with explicit non-colour semantics","duration":6.020899999999983,"failureMessages":[],"meta":{},"tags":[]},{"ancestorTitles":["StandardSemPresentationLayer"],"fullName":"StandardSemPresentationLayer moves both boxed objects and line endpoints without changing their content","status":"passed","title":"moves both boxed objects and line endpoints without changing their content","duration":1.4132999999997082,"failureMessages":[],"meta":{},"tags":[]},{"ancestorTitles":["StandardSemPresentationLayer"],"fullName":"StandardSemPresentationLayer never commits an empty required image field","status":"passed","title":"never commits an empty required image field","duration":1.0486000000000786,"failureMessages":[],"meta":{},"tags":[]},{"ancestorTitles":["StandardSemPresentationLayer"],"fullName":"StandardSemPresentationLayer exposes keyboard creation, selection, editing, movement, deletion, and text labels","status":"passed","title":"exposes keyboard creation, selection, editing, movement, deletion, and text labels","duration":4.024000000000342,"failureMessages":[],"meta":{},"tags":[]}],"startTime":1787372447195,"endTime":1787372447208.024,"status":"passed","message":"","name":"D:/QuickPLS/src/components/StandardSemPresentationLayer.test.tsx"},{"assertionResults":[{"ancestorTitles":["TrustCenterWorkspace method truth"],"fullName":"TrustCenterWorkspace method truth uses the scoped Standard Registry V2 contract","status":"passed","title":"uses the scoped Standard Registry V2 contract","duration":39.84830000000011,"failureMessages":[],"meta":{},"tags":[]}],"startTime":1787372436060,"endTime":1787372436099.8484,"status":"passed","message":"","name":"D:/QuickPLS/src/components/TrustCenterWorkspace.test.tsx"},{"assertionResults":[{"ancestorTitles":["deterministic large-model desktop fixtures"],"fullName":"deterministic large-model desktop fixtures recreates the applied 20-construct/80-indicator fixture exactly","status":"passed","title":"recreates the applied 20-construct/80-indicator fixture exactly","duration":93.13540000000012,"failureMessages":[],"meta":{},"tags":[]},{"ancestorTitles":["deterministic large-model desktop fixtures"],"fullName":"deterministic large-model desktop fixtures recreates the stress 100-construct/300-indicator fixture exactly","status":"passed","title":"recreates the stress 100-construct/300-indicator fixture exactly","duration":416.18110000000024,"failureMessages":[],"meta":{},"tags":[]}],"startTime":1787372410285,"endTime":1787372410794.1812,"status":"passed","message":"","name":"D:/QuickPLS/src/data/largeModelSmoke.test.ts"},{"assertionResults":[{"ancestorTitles":["completed sample PLS bootstrap run"],"fullName":"completed sample PLS bootstrap run truthfully labels its embedded bootstrap output without changing its versioned fixture identity","status":"passed","title":"truthfully labels its embedded bootstrap output without changing its versioned fixture identity","duration":5.658500000000004,"failureMessages":[],"meta":{},"tags":[]}],"startTime":1787372452703,"endTime":1787372452708.6584,"status":"passed","message":"","name":"D:/QuickPLS/src/data/smokeRun.test.ts"},{"assertionResults":[{"ancestorTitles":["QuickPLS 2.55 query-gated named SEM evidence fixtures"],"fullName":"QuickPLS 2.55 query-gated named SEM evidence fixtures builds deterministic, result-free single_mediation authority input","status":"passed","title":"builds deterministic, result-free single_mediation authority input","duration":68.44460000000004,"failureMessages":[],"meta":{},"tags":[]},{"ancestorTitles":["QuickPLS 2.55 query-gated named SEM evidence fixtures"],"fullName":"QuickPLS 2.55 query-gated named SEM evidence fixtures builds deterministic, result-free parallel_mediation authority input","status":"passed","title":"builds deterministic, result-free parallel_mediation authority input","duration":28.635200000000168,"failureMessages":[],"meta":{},"tags":[]},{"ancestorTitles":["QuickPLS 2.55 query-gated named SEM evidence fixtures"],"fullName":"QuickPLS 2.55 query-gated named SEM evidence fixtures builds deterministic, result-free serial_mediation authority input","status":"passed","title":"builds deterministic, result-free serial_mediation authority input","duration":26.422800000000052,"failureMessages":[],"meta":{},"tags":[]},{"ancestorTitles":["QuickPLS 2.55 query-gated named SEM evidence fixtures"],"fullName":"QuickPLS 2.55 query-gated named SEM evidence fixtures builds deterministic, result-free simultaneous_two_way authority input","status":"passed","title":"builds deterministic, result-free simultaneous_two_way authority input","duration":35.58800000000019,"failureMessages":[],"meta":{},"tags":[]},{"ancestorTitles":["QuickPLS 2.55 query-gated named SEM evidence fixtures"],"fullName":"QuickPLS 2.55 query-gated named SEM evidence fixtures builds deterministic, result-free three_way authority input","status":"passed","title":"builds deterministic, result-free three_way authority input","duration":27.555799999999863,"failureMessages":[],"meta":{},"tags":[]},{"ancestorTitles":["QuickPLS 2.55 query-gated named SEM evidence fixtures"],"fullName":"QuickPLS 2.55 query-gated named SEM evidence fixtures builds deterministic, result-free moderated_mediation_first authority input","status":"passed","title":"builds deterministic, result-free moderated_mediation_first authority input","duration":24.435600000000022,"failureMessages":[],"meta":{},"tags":[]},{"ancestorTitles":["QuickPLS 2.55 query-gated named SEM evidence fixtures"],"fullName":"QuickPLS 2.55 query-gated named SEM evidence fixtures builds deterministic, result-free moderated_mediation_second authority input","status":"passed","title":"builds deterministic, result-free moderated_mediation_second authority input","duration":27.991300000000138,"failureMessages":[],"meta":{},"tags":[]},{"ancestorTitles":["QuickPLS 2.55 query-gated named SEM evidence fixtures"],"fullName":"QuickPLS 2.55 query-gated named SEM evidence fixtures builds deterministic, result-free binary_moderation authority input","status":"passed","title":"builds deterministic, result-free binary_moderation authority input","duration":28.61570000000006,"failureMessages":[],"meta":{},"tags":[]},{"ancestorTitles":["QuickPLS 2.55 query-gated named SEM evidence fixtures"],"fullName":"QuickPLS 2.55 query-gated named SEM evidence fixtures builds deterministic, result-free hoc_rr authority input","status":"passed","title":"builds deterministic, result-free hoc_rr authority input","duration":22.425700000000234,"failureMessages":[],"meta":{},"tags":[]},{"ancestorTitles":["QuickPLS 2.55 query-gated named SEM evidence fixtures"],"fullName":"QuickPLS 2.55 query-gated named SEM evidence fixtures builds deterministic, result-free hoc_rf authority input","status":"passed","title":"builds deterministic, result-free hoc_rf authority input","duration":22.605600000000322,"failureMessages":[],"meta":{},"tags":[]},{"ancestorTitles":["QuickPLS 2.55 query-gated named SEM evidence fixtures"],"fullName":"QuickPLS 2.55 query-gated named SEM evidence fixtures builds deterministic, result-free hoc_fr authority input","status":"passed","title":"builds deterministic, result-free hoc_fr authority input","duration":24.595800000000054,"failureMessages":[],"meta":{},"tags":[]},{"ancestorTitles":["QuickPLS 2.55 query-gated named SEM evidence fixtures"],"fullName":"QuickPLS 2.55 query-gated named SEM evidence fixtures builds deterministic, result-free hoc_ff authority input","status":"passed","title":"builds deterministic, result-free hoc_ff authority input","duration":34.13159999999971,"failureMessages":[],"meta":{},"tags":[]},{"ancestorTitles":["QuickPLS 2.55 query-gated named SEM evidence fixtures"],"fullName":"QuickPLS 2.55 query-gated named SEM evidence fixtures builds deterministic, result-free cfa authority input","status":"passed","title":"builds deterministic, result-free cfa authority input","duration":27.145500000000084,"failureMessages":[],"meta":{},"tags":[]},{"ancestorTitles":["QuickPLS 2.55 query-gated named SEM evidence fixtures"],"fullName":"QuickPLS 2.55 query-gated named SEM evidence fixtures builds deterministic, result-free recursive_sem authority input","status":"passed","title":"builds deterministic, result-free recursive_sem authority input","duration":28.658500000000004,"failureMessages":[],"meta":{},"tags":[]},{"ancestorTitles":["QuickPLS 2.55 query-gated named SEM evidence fixtures"],"fullName":"QuickPLS 2.55 query-gated named SEM evidence fixtures distinguishes mediation topology, moderation order, HOC typ
[...]
":"passed","title":"sends replace and promote CAS requests without a path or persistence option","duration":6.658100000000104,"failureMessages":[],"meta":{},"tags":[]},{"ancestorTitles":["Internal/Labs schema-6 model-mutation service"],"fullName":"Internal/Labs schema-6 model-mutation service rejects malformed native success payloads at the service boundary","status":"passed","title":"rejects malformed native success payloads at the service boundary","duration":3.717399999999998,"failureMessages":[],"meta":{},"tags":[]},{"ancestorTitles":["Internal/Labs schema-6 model-mutation service"],"fullName":"Internal/Labs schema-6 model-mutation service fails strict malformed input before invoking native code","status":"passed","title":"fails strict malformed input before invoking native code","duration":2.7753000000000156,"failureMessages":[],"meta":{},"tags":[]},{"ancestorTitles":["Internal/Labs schema-6 model-mutation service"],"fullName":"Internal/Labs schema-6 model-mutation service appends and promotes only when both native resolver digests match","status":"passed","title":"appends and promotes only when both native resolver digests match","duration":6.906400000000076,"failureMessages":[],"meta":{},"tags":[]}],"startTime":1787372428058,"endTime":1787372428130.9065,"status":"passed","message":"","name":"D:/QuickPLS/src/services/internalProjectArchiveV6ModelMutationService.test.ts"},{"assertionResults":[{"ancestorTitles":["Internal/Labs schema-6 ZIP read service"],"fullName":"Internal/Labs schema-6 ZIP read service uses only the dedicated strict schema-6 inspection command","status":"passed","title":"uses only the dedicated strict schema-6 inspection command","duration":10.064999999999827,"failureMessages":[],"meta":{},"tags":[]},{"ancestorTitles":["Internal/Labs schema-6 ZIP read service"],"fullName":"Internal/Labs schema-6 ZIP read service returns null on dialog cancellation without invoking a project command","status":"passed","title":"returns null on dialog cancellation without invoking a project command","duration":0.7761000000000422,"failureMessages":[],"meta":{},"tags":[]},{"ancestorTitles":["Internal/Labs schema-6 ZIP read service"],"fullName":"Internal/Labs schema-6 ZIP read service opens only .qpls files and keeps the result ephemeral","status":"passed","title":"opens only .qpls files and keeps the result ephemeral","duration":1.4205999999999221,"failureMessages":[],"meta":{},"tags":[]},{"ancestorTitles":["Internal/Labs schema-6 ZIP read service"],"fullName":"Internal/Labs schema-6 ZIP read service selects one project path without choosing a loader prematurely","status":"passed","title":"selects one project path without choosing a loader prematurely","duration":1.4015000000001692,"failureMessages":[],"meta":{},"tags":[]},{"ancestorTitles":["Internal/Labs schema-6 ZIP read service"],"fullName":"Internal/Labs schema-6 ZIP read service rejects malformed native responses at the service boundary","status":"passed","title":"rejects malformed native responses at the service boundary","duration":2.0476000000001022,"failureMessages":[],"meta":{},"tags":[]}],"startTime":1787372447467,"endTime":1787372447483.0476,"status":"passed","message":"","name":"D:/QuickPLS/src/services/internalProjectArchiveV6ReadService.test.ts"},{"assertionResults":[{"ancestorTitles":["Internal/Labs schema-6 Save copy service"],"fullName":"Internal/Labs schema-6 Save copy service invokes only the dedicated new-copy command with current snapshot identity and detached project","status":"passed","title":"invokes only the dedicated new-copy command with current snapshot identity and detached project","duration":9.804600000000164,"failureMessages":[],"meta":{},"tags":[]},{"ancestorTitles":["Internal/Labs schema-6 Save copy service"],"fullName":"Internal/Labs schema-6 Save copy service does nothing when the new-destination chooser is cancelled","status":"passed","title":"does nothing when the new-destination chooser is cancelled","duration":1.482300000000123,"failureMessages":[],"meta":{},"tags":[]},{"ancestorTitles":["Internal/Labs schema-6 Save copy service"],"fullName":"Internal/Labs schema-6 Save copy service rejects malformed native success responses before session rotation","status":"passed","title":"rejects malformed native success responses before session rotation","duration":2.1636000000000877,"failureMessages":[],"meta":{},"tags":[]}],"startTime":1787372443266,"endTime":1787372443279.1636,"status":"passed","message":"","name":"D:/QuickPLS/src/services/internalProjectArchiveV6SaveCopyService.test.ts"},{"assertionResults":[{"ancestorTitles":["legacy dataset service boundary during General SEM authority"],"fullName":"legacy dataset service boundary during General SEM authority blocks import, metadata, activation, recode, transform, and legacy reads before any native call","status":"passed","title":"blocks import, metadata, activation, recode, transform, and legacy reads before any native call","duration":11.376800000000003,"failureMessages":[],"meta":{},"tags":[]},{"ancestorTitles":["legacy dataset service boundary during General SEM authority"],"fullName":"legacy dataset service boundary during General SEM authority also blocks mutation services while a fresh General SEM publication is pending","status":"passed","title":"also blocks mutation services while a fresh General SEM publication is pending","duration":3.2687999999998283,"failureMessages":[],"meta":{},"tags":[]}],"startTime":1787372444970,"endTime":1787372444984.2688,"status":"passed","message":"","name":"D:/QuickPLS/src/services/projectService.schema6DatasetGuard.test.ts"},{"assertionResults":[{"ancestorTitles":["native dataset row paging service"],"fullName":"native dataset row paging service requests an id-scoped offset and limit without loading the entire dataset","status":"passed","title":"requests an id-scoped offset and limit without loading the entire dataset","duration":4860.203600000001,"failureMessages":[],"meta":{},"tags":[]},{"ancestorTitles":["native dataset row paging service"],"fullName":"native dataset row paging service profiles groups against the full native dataset and exact model columns","status":"passed","title":"profiles groups against the full native dataset and exact model columns","duration":1.8042000000004919,"failureMessages":[],"meta":{},"tags":[]},{"ancestorTitles":["native generic analysis job service"],"fullName":"native generic analysis job service uses method-neutral desktop commands without changing payload shapes","status":"passed","title":"uses method-neutral desktop commands without changing payload shapes","duration":2.0001000000002023,"failureMessages":[],"meta":{},"tags":[]},{"ancestorTitles":["native generic analysis job service"],"fullName":"native generic analysis job service keeps legacy PLS service names as delegates to the generic command contract","status":"passed","title":"keeps legacy PLS service names as delegates to the generic command contract","duration":1.7946000000001732,"failureMessages":[],"meta":{},"tags":[]},{"ancestorTitles":["internal Labs recipe-v4 PLS execution service"],"fullName":"internal Labs recipe-v4 PLS execution service passes the exact typed resident-data request and returns the ephemeral receipt","status":"passed","title":"passes the exact typed resident-data request and returns the ephemeral receipt","duration":3.1244000000006054,"failureMessages":[],"meta":{},"tags":[]},{"ancestorTitles":["internal Labs recipe-v4 PLS execution service"],"fullName":"internal Labs recipe-v4 PLS execution service exposes start, status, cancel, result, and terminal dismissal as separate job calls","status":"passed","title":"exposes start, status, cancel, result, and terminal dismissal as separate job calls","duration":5.677200000000084,"failureMessages":[],"meta":{},"tags":[]},{"ancestorTitles":["internal Labs recipe-v4 CB-SEM execution service"],"fullName":"internal Labs recipe-v4 CB-SEM execution service uses the native SemModelV4 digest authority and rejects malformed native output","status":"passed","title":"uses the native SemModelV4 digest authority and rejects malformed native output","duration":3.2357999999994718,"failureMessages":[],"meta":{},"tags":[]},{"ancestorTitles":["internal Labs recipe-v4 CB-SEM execution service"],"fullName":"internal Labs recipe-v4 CB-SEM execution service passes the exact capability-bound request and exposes the cancellable lifecycle","status":"passed","title":"passes the exact capability-bound request and exposes the cancellable lifecycle","duration":7.208499999999731,"failureMessages":[],"meta":{},"tags":[]},{"ancestorTitles":["internal Labs recipe-v4 CB-SEM execution service"],"fullName":"internal Labs recipe-v4 CB-SEM execution service rejects untrusted direct and completed CB-SEM payloads before they reach consumers","status":"passed","title":"rejects untrusted direct and completed CB-SEM payloads before they reach consumers","duration":1.7749999999996362,"failureMessages":[],"meta":{},"tags":[]},{"ancestorTitles":["internal Labs recipe-v4 CB-SEM execution service"],"fullName":"internal Labs recipe-v4 CB-SEM execution service passes the native-built canonical document unchanged to the schema-6 writer","status":"passed","title":"passes the native-built canonical document unchanged to the schema-6 writer","duration":1.927599999999984,"failureMessages":[],"meta":{},"tags":[]},{"ancestorTitles":["internal schema-6 canonical result append service"],"fullName":"internal schema-6 canonical result append service passes the exact digest-bound internal request without rewriting fields","status":"passed","title":"passes the exact digest-bound internal request without rewriting fields","duration":0.8850000000002183,"failureMessages":[],"meta":{},"tags":[]},{"ancestorTitles":["internal schema-6 canonical result append service"],"fullName":"internal schema-6 canonical result append service persists the native-built job document without rebuilding scientific tables in TypeScript","status":"passed","title":"persists the native-built job document without rebuilding scientific tables in TypeScript","duration":1.0707999999995081,"failureMessages":[],"meta":{},"tags":[]},{"ancestorTitles":["internal schema-6 canonical result read service"],"fullName":"internal schema-6 canonical result read service passes the exact read-only digest-bound request","status":"passed","title":"passes the exact read-only digest-bound request","duration":1.6825999999991836,"failureMessages":[],"meta":{},"tags":[]},{"ancestorTitles":["internal schema-6 project upgrade service"],"fullName":"internal schema-6 project upgrade service keeps inspect and plan calls in the internal Labs surface","status":"passed","title":"keeps inspect and plan calls in the internal Labs surface","duration":0.7561999999998079,"failureMessages":[],"meta":{},"tags":[]},{"ancestorTitles":["internal schema-6 project upgrade service"],"fullName":"internal schema-6 project upgrade service binds execute and cancel to the exact ephemeral plan identity","status":"passed","title":"binds execute and cancel to the exact ephemeral plan identity","duration":0.5850000000000364,"failureMessages":[],"meta":{},"tags":[]},{"ancestorTitles":["native canonical project services"],"fullName":"native canonical project services normalizes additive canonical collections from legacy desktop snapshots","status":"passed","title":"normalizes additive canonical collections from legacy desktop snapshots","duration":3.190400000000409,"failureMessages":[],"meta":{},"tags":[]},{"ancestorTitles":["native canonical project services"],"fullName":"native canonical project services requests a backend-owned fresh General SEM draft using the strict projectMode wire","status":"passed","title":"requests a backend-owned fresh General SEM draft using the strict projectMode wire","duration":0.6289999999999054,"failureMessages":[],"meta":{},"tags":[]},{"ancestorTitles":["native canonical project services"],"fullName":"native canonical project services exposes a one-way invalidation seam for strict schema-6 project activation","status":"passed","title":"exposes a one-way invalidation seam for strict schema-6 project activation","duration":0.43039999999928114,"failureMessages":[],"meta":{},"tags":[]},{"ancestorTitles":["native canonical project services"],"fullName":"native canonical project services rejects malformed lineage returned across the untrusted project snapshot boundary","status":"passed","title":"rejects malformed lineage returned across the untrusted project snapshot boundary","duration":0.7107999999998356,"failureMessages":[],"meta":{},"tags":[]},{"ancestorTitles":["native canonical project services"],"fullName":"native canonical project services opens the exact selected bundled sample instead of silently falling back","status":"passed","title":"opens the exact selected bundled sample instead of silently falling back","duration":0.9007999999994354,"failureMessages":[],"meta":{},"tags":[]},{"ancestorTitles":["native canonical project services"],"fullName":"native canonical project services sends the typed active model with both explicit saves and recovery saves","status":"passed","title":"sends the typed active model with both explicit saves and recovery saves","duration":0.8095999999995911,"failureMessages":[],"meta":{},"tags":[]},{"ancestorTitles":["native canonical project services"],"fullName":"native canonical project services sends one typed explorer mutation request and normalizes its snapshot","status":"passed","title":"sends one typed explorer mutation request and normalizes its snapshot","duration":0.7875999999996566,"failureMessages":[],"meta":{},"tags":[]},{"ancestorTitles":["native dataset version services"],"fullName":"native dataset version services activates a backend-owned version by dataset id and normalizes its row stub","status":"passed","title":"activates a backend-owned version by dataset id and normalizes its row stub","duration":0.9436999999998079,"failureMessages":[],"meta":{},"tags":[]},{"ancestorTitles":["native dataset version services"],"fullName":"native dataset version services sends the exact camelCase recode payload and retains the authoritative version record","status":"passed","title":"sends the exact camelCase recode payload and retains the authoritative version record","duration":1.7299999999995634,"failureMessages":[],"meta":{},"tags":[]},{"ancestorTitles":["native dataset version services"],"fullName":"native dataset version services previews and commits a typed immutable dataset transformation","status":"passed","title":"previews and commits a typed immutable dataset transformation","duration":10.092499999999745,"failureMessages":[],"meta":{},"tags":[]},{"ancestorTitles":["native result export service"],"fullName":"native result export service uses the native Save dialog before writing a text export","status":"passed","title":"uses the native Save dialog before writing a text export","duration":2.125300000000607,"failureMessages":[],"meta":{},"tags":[]},{"ancestorTitles":["native result export service"],"fullName":"native result export service treats cancellation as a neutral result without invoking a writer","status":"passed","title":"treats cancellation as a neutral result without invoking a writer","duration":1.7802000000001499,"failureMessages":[],"meta":{},"tags":[]},{"ancestorTitles":["native result export service"],"fullName":"native result export service propagates native write failures for the dialog to report","status":"passed","title":"propagates native write failures for the dialog to report","duration":0.7015999999994165,"failureMessages":[],"meta":{},"tags":[]},{"ancestorTitles":["native diagnostic bundle service"],"fullName":"native diagnostic bundle service previews through the native backend before opening any destination dialog","status":"passed","title":"previews through the native backend before opening any destination dialog","duration":1.3953000000001339,"failureMessages":[],"meta":{},"tags":[]},{"ancestorTitles":["native diagnostic bundle service"],"fullName":"native diagnostic bundle service names the exact prior preview ID when requesting an atomic refresh","status":"passed","title":"names the exact prior preview ID when requesting an atomic refresh","duration":0.37820000000010623,"failureMessages":[],"meta":{},"tags":[]},{"ancestorTitles":["native diagnostic bundle service"],"fullName":"native diagnostic bundle service saves an already-previewed bundle to a new ZIP selected by the user","status":"passed","title":"saves an already-previewed bundle to a new ZIP selected by the user","duration":1.1338999999998123,"failureMessages":[],"meta":{},"tags":[]},{"ancestorTitles":["native diagnostic bundle service"],"fullName":"native diagnostic bundle service cancels the staged preview without invoking a writer when the Save dialog is dismissed","status":"passed","title":"cancels the staged preview without invoking a writer when the Save dialog is dismissed","duration":3.9792999999999665,"failureMessages":[],"meta":{},"tags":[]},{"ancestorTitles":["native diagnostic bundle service"],"fullName":"native diagnostic bundle service exposes an explicit preview cancellation command","status":"passed","title":"exposes an explicit preview cancellation command","duration":0.9094000000004598,"failureMessages":[],"meta":{},"tags":[]}],"startTime":1787372411411,"endTime":1787372416340.9094,"status":"passed","message":"","name":"D:/QuickPLS/src/services/projectService.test.ts"},{"assertionResults":[{"ancestorTitles":["Standard SemModelV4 authority CAS service"],"fullName":"Standard SemModelV4 authority CAS service sends only the complete source, expected document digest, and complete candidate","status":"passed","title":"sends only the complete source, expected document digest, and complete candidate","duration":50.004900000000134,"failureMessages":[],"meta":{},"tags":[]},{"ancestorTitles":["Standard SemModelV4 authority CAS service"],"fullName":"Standard SemModelV4 authority CAS service throws on malformed native output so callers cannot replace authority","status":"passed","title":"throws on malformed native output so callers cannot replace authority","duration":11.213300000000118,"failureMessages":[],"meta":{},"tags":[]},{"ancestorTitles":["Standard SemModelV4 authority CAS service"],"fullName":"Standard SemModelV4 authority CAS service bootstraps only from a complete model and returns the native canonical authority identity","status":"passed","title":"bootstraps only from a complete model and returns the native canonical authority identity","duration":7.778799999999819,"failureMessages":[],"meta":{},"tags":[]}],"startTime":1787372431961,"endTime":1787372432033.7788,"status":"passed","message":"","name":"D:/QuickPLS/src/services/standardSemModelV4AuthorityService.test.ts"},{"assertionResults":[{"ancestorTitles":["legacy prototype customer language"],"fullName":"legacy prototype customer language uses the approved customer vocabulary on visible prototype surfaces","status":"passed","title":"uses the approved customer vocabulary on visible prototype surfaces","duration":4.378600000000006,"failureMessages":[],"meta":{},"tags":[]},{"ancestorTitles":["legacy prototype customer language"],"fullName":"legacy prototype customer language does not expose internal qualification-governance phrases","status":"passed","title":"does not expose internal qualification-governance phrases","duration":4.0284999999998945,"failureMessages":[],"meta":{},"tags":[]},{"ancestorTitles":["legacy prototype customer language"],"fullName":"legacy prototype customer language keeps scientific requirements, references, and limitations in fallback content","status":"passed","title":"keeps scientific requirements, references, and limitations in fallback content","duration":1.037900000000036,"failureMessages":[],"meta":{},"tags":[]}],"startTime":1787372449827,"endTime":1787372449837.0378,"status":"passed","message":"","name":"D:/QuickPLS/src/v2/nativePrototypeCustomerCopy.test.ts"}]}